Flow report for avalon_pwm
Mon Sep 25 16:09:28 2023
Quartus Prime Version 18.1.0 Build 625 09/12/2018 SJ Lite Edition


---------------------
; Table of Contents ;
---------------------
  1. Legal Notice
  2. Flow Summary
  3. Flow Settings
  4. Flow Non-Default Global Settings
  5. Flow Elapsed Time
  6. Flow OS Summary
  7. Flow Log
  8. Flow Messages
  9. Flow Suppressed Messages



----------------
; Legal Notice ;
----------------
Copyright (C) 2018  Intel Corporation. All rights reserved.
Your use of Intel Corporation's design tools, logic functions 
and other software and tools, and its AMPP partner logic 
functions, and any output files from any of the foregoing 
(including device programming or simulation files), and any 
associated documentation or information are expressly subject 
to the terms and conditions of the Intel Program License 
Subscription Agreement, the Intel Quartus Prime License Agreement,
the Intel FPGA IP License Agreement, or other applicable license
agreement, including, without limitation, that your use is for
the sole purpose of programming logic devices manufactured by
Intel and sold by Intel or its authorized distributors.  Please
refer to the applicable agreement for further details.



+----------------------------------------------------------------------------------+
; Flow Summary                                                                     ;
+------------------------------------+---------------------------------------------+
; Flow Status                        ; Successful - Mon Sep 25 16:09:18 2023       ;
; Quartus Prime Version              ; 18.1.0 Build 625 09/12/2018 SJ Lite Edition ;
; Revision Name                      ; avalon_pwm                                  ;
; Top-level Entity Name              ; avalon_pwm_schema                           ;
; Family                             ; Cyclone IV E                                ;
; Device                             ; EP4CE22F17C6                                ;
; Timing Models                      ; Final                                       ;
; Total logic elements               ; 2,073 / 22,320 ( 9 % )                      ;
;     Total combinational functions  ; 1,944 / 22,320 ( 9 % )                      ;
;     Dedicated logic registers      ; 1,083 / 22,320 ( 5 % )                      ;
; Total registers                    ; 1083                                        ;
; Total pins                         ; 12 / 154 ( 8 % )                            ;
; Total virtual pins                 ; 0                                           ;
; Total memory bits                  ; 175,104 / 608,256 ( 29 % )                  ;
; Embedded Multiplier 9-bit elements ; 0 / 132 ( 0 % )                             ;
; Total PLLs                         ; 0 / 4 ( 0 % )                               ;
+------------------------------------+---------------------------------------------+


+-----------------------------------------+
; Flow Settings                           ;
+-------------------+---------------------+
; Option            ; Setting             ;
+-------------------+---------------------+
; Start date & time ; 09/25/2023 16:07:05 ;
; Main task         ; Compilation         ;
; Revision Name     ; avalon_pwm          ;
+-------------------+---------------------+


+------------------------------------------------------------------------------------------------------------------------------------------------------+
; Flow Non-Default Global Settings                                                                                                                     ;
+-------------------------------------+---------------------------------------------------------------+---------------+-------------------+------------+
; Assignment Name                     ; Value                                                         ; Default Value ; Entity Name       ; Section Id ;
+-------------------------------------+---------------------------------------------------------------+---------------+-------------------+------------+
; COMPILER_SIGNATURE_ID               ; 93180994274208.169565082407144                                ; --            ; --                ; --         ;
; MAX_CORE_JUNCTION_TEMP              ; 85                                                            ; --            ; --                ; --         ;
; MIN_CORE_JUNCTION_TEMP              ; 0                                                             ; --            ; --                ; --         ;
; MISC_FILE                           ; avalon_cmpt/synthesis/../avalon_cmpt.cmp                      ; --            ; --                ; --         ;
; MISC_FILE                           ; avalon_cmpt/synthesis/../../avalon_cmpt.qsys                  ; --            ; --                ; --         ;
; NOMINAL_CORE_SUPPLY_VOLTAGE         ; 1.2V                                                          ; --            ; --                ; --         ;
; PARTITION_COLOR                     ; -- (Not supported for targeted family)                        ; --            ; avalon_pwm_schema ; Top        ;
; PARTITION_FITTER_PRESERVATION_LEVEL ; -- (Not supported for targeted family)                        ; --            ; avalon_pwm_schema ; Top        ;
; PARTITION_NETLIST_TYPE              ; -- (Not supported for targeted family)                        ; --            ; avalon_pwm_schema ; Top        ;
; POWER_BOARD_THERMAL_MODEL           ; None (CONSERVATIVE)                                           ; --            ; --                ; --         ;
; POWER_PRESET_COOLING_SOLUTION       ; 23 MM HEAT SINK WITH 200 LFPM AIRFLOW                         ; --            ; --                ; --         ;
; PROJECT_OUTPUT_DIRECTORY            ; output_files                                                  ; --            ; --                ; --         ;
; SLD_FILE                            ; avalon_cmpt/synthesis/avalon_cmpt.regmap                      ; --            ; --                ; --         ;
; SLD_FILE                            ; avalon_cmpt/synthesis/avalon_cmpt.debuginfo                   ; --            ; --                ; --         ;
; SLD_INFO                            ; QSYS_NAME avalon_cmpt HAS_SOPCINFO 1 GENERATION_ID 1695647602 ; --            ; avalon_cmpt       ; --         ;
; SOPCINFO_FILE                       ; avalon_cmpt/synthesis/../../avalon_cmpt.sopcinfo              ; --            ; --                ; --         ;
; SYNTHESIS_ONLY_QIP                  ; On                                                            ; --            ; --                ; --         ;
; TOP_LEVEL_ENTITY                    ; avalon_pwm_schema                                             ; avalon_pwm    ; --                ; --         ;
+-------------------------------------+---------------------------------------------------------------+---------------+-------------------+------------+


+--------------------------------------------------------------------------------------------------------------------------+
; Flow Elapsed Time                                                                                                        ;
+----------------------+--------------+-------------------------+---------------------+------------------------------------+
; Module Name          ; Elapsed Time ; Average Processors Used ; Peak Virtual Memory ; Total CPU Time (on all processors) ;
+----------------------+--------------+-------------------------+---------------------+------------------------------------+
; Analysis & Synthesis ; 00:01:34     ; 1.0                     ; 4899 MB             ; 00:01:55                           ;
; Fitter               ; 00:00:24     ; 1.1                     ; 5696 MB             ; 00:00:28                           ;
; Assembler            ; 00:00:04     ; 1.0                     ; 4687 MB             ; 00:00:04                           ;
; Timing Analyzer      ; 00:00:08     ; 1.2                     ; 4833 MB             ; 00:00:08                           ;
; Total                ; 00:02:10     ; --                      ; --                  ; 00:02:35                           ;
+----------------------+--------------+-------------------------+---------------------+------------------------------------+


+------------------------------------------------------------------------------------+
; Flow OS Summary                                                                    ;
+----------------------+------------------+------------+------------+----------------+
; Module Name          ; Machine Hostname ; OS Name    ; OS Version ; Processor type ;
+----------------------+------------------+------------+------------+----------------+
; Analysis & Synthesis ; Siabdelhak       ; Windows 10 ; 10.0       ; x86_64         ;
; Fitter               ; Siabdelhak       ; Windows 10 ; 10.0       ; x86_64         ;
; Assembler            ; Siabdelhak       ; Windows 10 ; 10.0       ; x86_64         ;
; Timing Analyzer      ; Siabdelhak       ; Windows 10 ; 10.0       ; x86_64         ;
+----------------------+------------------+------------+------------+----------------+


------------
; Flow Log ;
------------
quartus_map --read_settings_files=on --write_settings_files=off avalon_pwm -c avalon_pwm
quartus_fit --read_settings_files=off --write_settings_files=off avalon_pwm -c avalon_pwm
quartus_asm --read_settings_files=off --write_settings_files=off avalon_pwm -c avalon_pwm
quartus_sta avalon_pwm -c avalon_pwm



