13:31:47 **** Incremental Build of configuration Nios II for project sopc_compteur ****
make all 
Info: Building ../sopc_compteur_bsp/
C:/intelFPGA_lite/18.1/nios2eds/bin/gnu/H-x86_64-mingw32/bin/make --no-print-directory -C ../sopc_compteur_bsp/
[BSP build complete]
Info: Compiling hello_world_small.c to obj/default/hello_world_small.o
nios2-elf-gcc -xc -MP -MMD -c -I../sopc_compteur_bsp//HAL/inc -I../sopc_compteur_bsp/ -I../sopc_compteur_bsp//drivers/inc  -pipe -D__hal__ -DALT_NO_C_PLUS_PLUS -DALT_NO_CLEAN_EXIT -D'exit(a)=_exit(a)' -DALT_NO_EXIT -DALT_USE_DIRECT_DRIVERS -DALT_NO_INSTRUCTION_EMULATION -DALT_USE_SMALL_DRIVERS -DSMALL_C_LIB -DALT_SINGLE_THREADED    -Os -g -Wall   -mno-hw-div -mno-hw-mul -mno-hw-mulx -mgpopt=global  -o obj/default/hello_world_small.o hello_world_small.c
hello_world_small.c:87:3: warning: "/*" within comment [-Wcomment]
   /* Event loop never exits. */
   ^
hello_world_small.c:88:3: error: expected identifier or '(' before 'while'
   while (1);
   ^
hello_world_small.c:90:3: error: expected identifier or '(' before 'return'
   return 0;
   ^
hello_world_small.c:91:1: error: expected identifier or '(' before '}' token
 }
 ^
hello_world_small.c:92:2: error: expected identifier or '(' before '/' token
 */
  ^
make: *** [obj/default/hello_world_small.o] Error 1
13:32:12 **** Build of configuration Nios II for project sopc_compteur ****
make all 
Info: Building ../sopc_compteur_bsp/
C:/intelFPGA_lite/18.1/nios2eds/bin/gnu/H-x86_64-mingw32/bin/make --no-print-directory -C ../sopc_compteur_bsp/
[BSP build complete]
Info: Compiling hello_world_small.c to obj/default/hello_world_small.o
nios2-elf-gcc -xc -MP -MMD -c -I../sopc_compteur_bsp//HAL/inc -I../sopc_compteur_bsp/ -I../sopc_compteur_bsp//drivers/inc  -pipe -D__hal__ -DALT_NO_C_PLUS_PLUS -DALT_NO_CLEAN_EXIT -D'exit(a)=_exit(a)' -DALT_NO_EXIT -DALT_USE_DIRECT_DRIVERS -DALT_NO_INSTRUCTION_EMULATION -DALT_USE_SMALL_DRIVERS -DSMALL_C_LIB -DALT_SINGLE_THREADED    -Os -g -Wall   -mno-hw-div -mno-hw-mul -mno-hw-mulx -mgpopt=global  -o obj/default/hello_world_small.o hello_world_small.c
hello_world_small.c:87:3: warning: "/*" within comment [-Wcomment]
   /* Event loop never exits. */
   ^
hello_world_small.c:88:3: error: expected identifier or '(' before 'while'
   while (1);
   ^
hello_world_small.c:90:3: error: expected identifier or '(' before 'return'
   return 0;
   ^
hello_world_small.c:91:1: error: expected identifier or '(' before '}' token
 }
 ^
hello_world_small.c:92:2: error: expected identifier or '(' before '/' token
 */
  ^
make: *** [obj/default/hello_world_small.o] Error 1
13:32:17 **** Incremental Build of configuration Nios II for project sopc_compteur ****
make all 
Info: Building ../sopc_compteur_bsp/
C:/intelFPGA_lite/18.1/nios2eds/bin/gnu/H-x86_64-mingw32/bin/make --no-print-directory -C ../sopc_compteur_bsp/
[BSP build complete]
Info: Compiling hello_world_small.c to obj/default/hello_world_small.o
nios2-elf-gcc -xc -MP -MMD -c -I../sopc_compteur_bsp//HAL/inc -I../sopc_compteur_bsp/ -I../sopc_compteur_bsp//drivers/inc  -pipe -D__hal__ -DALT_NO_C_PLUS_PLUS -DALT_NO_CLEAN_EXIT -D'exit(a)=_exit(a)' -DALT_NO_EXIT -DALT_USE_DIRECT_DRIVERS -DALT_NO_INSTRUCTION_EMULATION -DALT_USE_SMALL_DRIVERS -DSMALL_C_LIB -DALT_SINGLE_THREADED    -Os -g -Wall   -mno-hw-div -mno-hw-mul -mno-hw-mulx -mgpopt=global  -o obj/default/hello_world_small.o hello_world_small.c
hello_world_small.c:87:3: warning: "/*" within comment [-Wcomment]
   /* Event loop never exits. */
   ^
hello_world_small.c:88:3: error: expected identifier or '(' before 'while'
   while (1);
   ^
hello_world_small.c:90:3: error: expected identifier or '(' before 'return'
   return 0;
   ^
hello_world_small.c:91:1: error: expected identifier or '(' before '}' token
 }
 ^
hello_world_small.c:92:2: error: expected identifier or '(' before '/' token
 */
  ^
In file included from ../sopc_compteur_bsp//HAL/inc/sys/alt_stdio.h:46:0,
                 from hello_world_small.c:96:
c:\intelfpga_lite\18.1\nios2eds\bin\gnu\h-x86_64-mingw32\lib\gcc\nios2-elf\5.3.0\include\stdarg.h:98:9: error: unknown type name '__gnuc_va_list'
 typedef __gnuc_va_list va_list;
         ^
In file included from c:\intelfpga_lite\18.1\nios2eds\bin\gnu\h-x86_64-mingw32\nios2-elf\include\stdio.h:29:0,
                 from hello_world_small.c:97:
c:\intelfpga_lite\18.1\nios2eds\bin\gnu\h-x86_64-mingw32\nios2-elf\include\stdio.h:221:65: error: unknown type name '__gnuc_va_list'
 int _EXFUN(vfprintf, (FILE *__restrict, const char *__restrict, __VALIST)
                                                                 ^
c:\intelfpga_lite\18.1\nios2eds\bin\gnu\h-x86_64-mingw32\nios2-elf\include\stdio.h:223:36: error: unknown type name '__gnuc_va_list'
 int _EXFUN(vprintf, (const char *, __VALIST)
                                    ^
c:\intelfpga_lite\18.1\nios2eds\bin\gnu\h-x86_64-mingw32\nios2-elf\include\stdio.h:225:65: error: unknown type name '__gnuc_va_list'
 int _EXFUN(vsprintf, (char *__restrict, const char *__restrict, __VALIST)
                                                                 ^
c:\intelfpga_lite\18.1\nios2eds\bin\gnu\h-x86_64-mingw32\nios2-elf\include\stdio.h:310:48: error: unknown type name '__gnuc_va_list'
 int _EXFUN(vasiprintf, (char **, const char *, __VALIST)
                                                ^
c:\intelfpga_lite\18.1\nios2eds\bin\gnu\h-x86_64-mingw32\nios2-elf\include\stdio.h:312:61: error: unknown type name '__gnuc_va_list'
 char * _EXFUN(vasniprintf, (char *, size_t *, const char *, __VALIST)
                                                             ^
c:\intelfpga_lite\18.1\nios2eds\bin\gnu\h-x86_64-mingw32\nios2-elf\include\stdio.h:314:60: error: unknown type name '__gnuc_va_list'
 char * _EXFUN(vasnprintf, (char *, size_t *, const char *, __VALIST)
                                                            ^
c:\intelfpga_lite\18.1\nios2eds\bin\gnu\h-x86_64-mingw32\nios2-elf\include\stdio.h:316:47: error: unknown type name '__gnuc_va_list'
 int _EXFUN(vasprintf, (char **, const char *, __VALIST)
                                               ^
c:\intelfpga_lite\18.1\nios2eds\bin\gnu\h-x86_64-mingw32\nios2-elf\include\stdio.h:318:43: error: unknown type name '__gnuc_va_list'
 int _EXFUN(vdiprintf, (int, const char *, __VALIST)
                                           ^
c:\intelfpga_lite\18.1\nios2eds\bin\gnu\h-x86_64-mingw32\nios2-elf\include\stdio.h:320:46: error: unknown type name '__gnuc_va_list'
 int _EXFUN(vfiprintf, (FILE *, const char *, __VALIST)
                                              ^
c:\intelfpga_lite\18.1\nios2eds\bin\gnu\h-x86_64-mingw32\nios2-elf\include\stdio.h:322:45: error: unknown type name '__gnuc_va_list'
 int _EXFUN(vfiscanf, (FILE *, const char *, __VALIST)
                                             ^
c:\intelfpga_lite\18.1\nios2eds\bin\gnu\h-x86_64-mingw32\nios2-elf\include\stdio.h:324:64: error: unknown type name '__gnuc_va_list'
 int _EXFUN(vfscanf, (FILE *__restrict, const char *__restrict, __VALIST)
                                                                ^
c:\intelfpga_lite\18.1\nios2eds\bin\gnu\h-x86_64-mingw32\nios2-elf\include\stdio.h:326:37: error: unknown type name '__gnuc_va_list'
 int _EXFUN(viprintf, (const char *, __VALIST)
                                     ^
c:\intelfpga_lite\18.1\nios2eds\bin\gnu\h-x86_64-mingw32\nios2-elf\include\stdio.h:328:36: error: unknown type name '__gnuc_va_list'
 int _EXFUN(viscanf, (const char *, __VALIST)
                                    ^
c:\intelfpga_lite\18.1\nios2eds\bin\gnu\h-x86_64-mingw32\nios2-elf\include\stdio.h:330:35: error: unknown type name '__gnuc_va_list'
 int _EXFUN(vscanf, (const char *, __VALIST)
                                   ^
c:\intelfpga_lite\18.1\nios2eds\bin\gnu\h-x86_64-mingw32\nios2-elf\include\stdio.h:332:46: error: unknown type name '__gnuc_va_list'
 int _EXFUN(vsiprintf, (char *, const char *, __VALIST)
                                              ^
c:\intelfpga_lite\18.1\nios2eds\bin\gnu\h-x86_64-mingw32\nios2-elf\include\stdio.h:334:51: error: unknown type name '__gnuc_va_list'
 int _EXFUN(vsiscanf, (const char *, const char *, __VALIST)
                                                   ^
c:\intelfpga_lite\18.1\nios2eds\bin\gnu\h-x86_64-mingw32\nios2-elf\include\stdio.h:336:55: error: unknown type name '__gnuc_va_list'
 int _EXFUN(vsniprintf, (char *, size_t, const char *, __VALIST)
                                                       ^
c:\intelfpga_lite\18.1\nios2eds\bin\gnu\h-x86_64-mingw32\nios2-elf\include\stdio.h:338:74: error: unknown type name '__gnuc_va_list'
 int _EXFUN(vsnprintf, (char *__restrict, size_t, const char *__restrict, __VALIST)
                                                                          ^
c:\intelfpga_lite\18.1\nios2eds\bin\gnu\h-x86_64-mingw32\nios2-elf\include\stdio.h:340:70: error: unknown type name '__gnuc_va_list'
 int _EXFUN(vsscanf, (const char *__restrict, const char *__restrict, __VALIST)
                                                                      ^
c:\intelfpga_lite\18.1\nios2eds\bin\gnu\h-x86_64-mingw32\nios2-elf\include\stdio.h:386:52: error: unknown type name '__gnuc_va_list'
 int _EXFUN(vdprintf, (int, const char *__restrict, __VALIST)
                                                    ^
c:\intelfpga_lite\18.1\nios2eds\bin\gnu\h-x86_64-mingw32\nios2-elf\include\stdio.h:486:68: error: unknown type name '__gnuc_va_list'
 int _EXFUN(_vasiprintf_r, (struct _reent *, char **, const char *, __VALIST)
                                                                    ^
c:\intelfpga_lite\18.1\nios2eds\bin\gnu\h-x86_64-mingw32\nios2-elf\include\stdio.h:488:80: error: unknown type name '__gnuc_va_list'
 char * _EXFUN(_vasniprintf_r, (struct _reent*, char *, size_t *, const char *, __VALIST)
                                                                                ^
c:\intelfpga_lite\18.1\nios2eds\bin\gnu\h-x86_64-mingw32\nios2-elf\include\stdio.h:490:79: error: unknown type name '__gnuc_va_list'
 char * _EXFUN(_vasnprintf_r, (struct _reent*, char *, size_t *, const char *, __VALIST)
                                                                               ^
c:\intelfpga_lite\18.1\nios2eds\bin\gnu\h-x86_64-mingw32\nios2-elf\include\stdio.h:492:67: error: unknown type name '__gnuc_va_list'
 int _EXFUN(_vasprintf_r, (struct _reent *, char **, const char *, __VALIST)
                                                                   ^
c:\intelfpga_lite\18.1\nios2eds\bin\gnu\h-x86_64-mingw32\nios2-elf\include\stdio.h:494:63: error: unknown type name '__gnuc_va_list'
 int _EXFUN(_vdiprintf_r, (struct _reent *, int, const char *, __VALIST)
                                                               ^
c:\intelfpga_lite\18.1\nios2eds\bin\gnu\h-x86_64-mingw32\nios2-elf\include\stdio.h:496:72: error: unknown type name '__gnuc_va_list'
 int _EXFUN(_vdprintf_r, (struct _reent *, int, const char *__restrict, __VALIST)
                                                                        ^
c:\intelfpga_lite\18.1\nios2eds\bin\gnu\h-x86_64-mingw32\nios2-elf\include\stdio.h:498:66: error: unknown type name '__gnuc_va_list'
 int _EXFUN(_vfiprintf_r, (struct _reent *, FILE *, const char *, __VALIST)
                                                                  ^
c:\intelfpga_lite\18.1\nios2eds\bin\gnu\h-x86_64-mingw32\nios2-elf\include\stdio.h:500:65: error: unknown type name '__gnuc_va_list'
 int _EXFUN(_vfiscanf_r, (struct _reent *, FILE *, const char *, __VALIST)
                                                                 ^
c:\intelfpga_lite\18.1\nios2eds\bin\gnu\h-x86_64-mingw32\nios2-elf\include\stdio.h:502:85: error: unknown type name '__gnuc_va_list'
 int _EXFUN(_vfprintf_r, (struct _reent *, FILE *__restrict, const char *__restrict, __VALIST)
                                                                                     ^
c:\intelfpga_lite\18.1\nios2eds\bin\gnu\h-x86_64-mingw32\nios2-elf\include\stdio.h:504:84: error: unknown type name '__gnuc_va_list'
 int _EXFUN(_vfscanf_r, (struct _reent *, FILE *__restrict, const char *__restrict, __VALIST)
                                                                                    ^
c:\intelfpga_lite\18.1\nios2eds\bin\gnu\h-x86_64-mingw32\nios2-elf\include\stdio.h:506:57: error: unknown type name '__gnuc_va_list'
 int _EXFUN(_viprintf_r, (struct _reent *, const char *, __VALIST)
                                                         ^
c:\intelfpga_lite\18.1\nios2eds\bin\gnu\h-x86_64-mingw32\nios2-elf\include\stdio.h:508:56: error: unknown type name '__gnuc_va_list'
 int _EXFUN(_viscanf_r, (struct _reent *, const char *, __VALIST)
                                                        ^
c:\intelfpga_lite\18.1\nios2eds\bin\gnu\h-x86_64-mingw32\nios2-elf\include\stdio.h:510:66: error: unknown type name '__gnuc_va_list'
 int _EXFUN(_vprintf_r, (struct _reent *, const char *__restrict, __VALIST)
                                                                  ^
c:\intelfpga_lite\18.1\nios2eds\bin\gnu\h-x86_64-mingw32\nios2-elf\include\stdio.h:512:65: error: unknown type name '__gnuc_va_list'
 int _EXFUN(_vscanf_r, (struct _reent *, const char *__restrict, __VALIST)
                                                                 ^
c:\intelfpga_lite\18.1\nios2eds\bin\gnu\h-x86_64-mingw32\nios2-elf\include\stdio.h:514:66: error: unknown type name '__gnuc_va_list'
 int _EXFUN(_vsiprintf_r, (struct _reent *, char *, const char *, __VALIST)
                                                                  ^
c:\intelfpga_lite\18.1\nios2eds\bin\gnu\h-x86_64-mingw32\nios2-elf\include\stdio.h:516:71: error: unknown type name '__gnuc_va_list'
 int _EXFUN(_vsiscanf_r, (struct _reent *, const char *, const char *, __VALIST)
                                                                       ^
c:\intelfpga_lite\18.1\nios2eds\bin\gnu\h-x86_64-mingw32\nios2-elf\include\stdio.h:518:75: error: unknown type name '__gnuc_va_list'
 int _EXFUN(_vsniprintf_r, (struct _reent *, char *, size_t, const char *, __VALIST)
                                                                           ^
c:\intelfpga_lite\18.1\nios2eds\bin\gnu\h-x86_64-mingw32\nios2-elf\include\stdio.h:520:94: error: unknown type name '__gnuc_va_list'
 int _EXFUN(_vsnprintf_r, (struct _reent *, char *__restrict, size_t, const char *__restrict, __VALIST)
                                                                                              ^
c:\intelfpga_lite\18.1\nios2eds\bin\gnu\h-x86_64-mingw32\nios2-elf\include\stdio.h:522:85: error: unknown type name '__gnuc_va_list'
 int _EXFUN(_vsprintf_r, (struct _reent *, char *__restrict, const char *__restrict, __VALIST)
                                                                                     ^
c:\intelfpga_lite\18.1\nios2eds\bin\gnu\h-x86_64-mingw32\nios2-elf\include\stdio.h:524:90: error: unknown type name '__gnuc_va_list'
 int _EXFUN(_vsscanf_r, (struct _reent *, const char *__restrict, const char *__restrict, __VALIST)
                                                                                          ^
make: *** [obj/default/hello_world_small.o] Error 1
13:32:25 **** Incremental Build of configuration Nios II for project sopc_compteur ****
make all 
Info: Building ../sopc_compteur_bsp/
C:/intelFPGA_lite/18.1/nios2eds/bin/gnu/H-x86_64-mingw32/bin/make --no-print-directory -C ../sopc_compteur_bsp/
[BSP build complete]
Info: Compiling hello_world_small.c to obj/default/hello_world_small.o
nios2-elf-gcc -xc -MP -MMD -c -I../sopc_compteur_bsp//HAL/inc -I../sopc_compteur_bsp/ -I../sopc_compteur_bsp//drivers/inc  -pipe -D__hal__ -DALT_NO_C_PLUS_PLUS -DALT_NO_CLEAN_EXIT -D'exit(a)=_exit(a)' -DALT_NO_EXIT -DALT_USE_DIRECT_DRIVERS -DALT_NO_INSTRUCTION_EMULATION -DALT_USE_SMALL_DRIVERS -DSMALL_C_LIB -DALT_SINGLE_THREADED    -Os -g -Wall   -mno-hw-div -mno-hw-mul -mno-hw-mulx -mgpopt=global  -o obj/default/hello_world_small.o hello_world_small.c
hello_world_small.c:87:3: warning: "/*" within comment [-Wcomment]
   /* Event loop never exits. */
   ^
hello_world_small.c:88:3: error: expected identifier or '(' before 'while'
   while (1);
   ^
hello_world_small.c:90:3: error: expected identifier or '(' before 'return'
   return 0;
   ^
hello_world_small.c:91:1: error: expected identifier or '(' before '}' token
 }
 ^
hello_world_small.c:92:2: error: expected identifier or '(' before '/' token
 */
  ^
In file included from ../sopc_compteur_bsp//HAL/inc/sys/alt_stdio.h:46:0,
                 from hello_world_small.c:96:
c:\intelfpga_lite\18.1\nios2eds\bin\gnu\h-x86_64-mingw32\lib\gcc\nios2-elf\5.3.0\include\stdarg.h:98:9: error: unknown type name '__gnuc_va_list'
 typedef __gnuc_va_list va_list;
         ^
In file included from c:\intelfpga_lite\18.1\nios2eds\bin\gnu\h-x86_64-mingw32\nios2-elf\include\stdio.h:29:0,
                 from hello_world_small.c:97:
c:\intelfpga_lite\18.1\nios2eds\bin\gnu\h-x86_64-mingw32\nios2-elf\include\stdio.h:221:65: error: unknown type name '__gnuc_va_list'
 int _EXFUN(vfprintf, (FILE *__restrict, const char *__restrict, __VALIST)
                                                                 ^
c:\intelfpga_lite\18.1\nios2eds\bin\gnu\h-x86_64-mingw32\nios2-elf\include\stdio.h:223:36: error: unknown type name '__gnuc_va_list'
 int _EXFUN(vprintf, (const char *, __VALIST)
                                    ^
c:\intelfpga_lite\18.1\nios2eds\bin\gnu\h-x86_64-mingw32\nios2-elf\include\stdio.h:225:65: error: unknown type name '__gnuc_va_list'
 int _EXFUN(vsprintf, (char *__restrict, const char *__restrict, __VALIST)
                                                                 ^
c:\intelfpga_lite\18.1\nios2eds\bin\gnu\h-x86_64-mingw32\nios2-elf\include\stdio.h:310:48: error: unknown type name '__gnuc_va_list'
 int _EXFUN(vasiprintf, (char **, const char *, __VALIST)
                                                ^
c:\intelfpga_lite\18.1\nios2eds\bin\gnu\h-x86_64-mingw32\nios2-elf\include\stdio.h:312:61: error: unknown type name '__gnuc_va_list'
 char * _EXFUN(vasniprintf, (char *, size_t *, const char *, __VALIST)
                                                             ^
c:\intelfpga_lite\18.1\nios2eds\bin\gnu\h-x86_64-mingw32\nios2-elf\include\stdio.h:314:60: error: unknown type name '__gnuc_va_list'
 char * _EXFUN(vasnprintf, (char *, size_t *, const char *, __VALIST)
                                                            ^
c:\intelfpga_lite\18.1\nios2eds\bin\gnu\h-x86_64-mingw32\nios2-elf\include\stdio.h:316:47: error: unknown type name '__gnuc_va_list'
 int _EXFUN(vasprintf, (char **, const char *, __VALIST)
                                               ^
c:\intelfpga_lite\18.1\nios2eds\bin\gnu\h-x86_64-mingw32\nios2-elf\include\stdio.h:318:43: error: unknown type name '__gnuc_va_list'
 int _EXFUN(vdiprintf, (int, const char *, __VALIST)
                                           ^
c:\intelfpga_lite\18.1\nios2eds\bin\gnu\h-x86_64-mingw32\nios2-elf\include\stdio.h:320:46: error: unknown type name '__gnuc_va_list'
 int _EXFUN(vfiprintf, (FILE *, const char *, __VALIST)
                                              ^
c:\intelfpga_lite\18.1\nios2eds\bin\gnu\h-x86_64-mingw32\nios2-elf\include\stdio.h:322:45: error: unknown type name '__gnuc_va_list'
 int _EXFUN(vfiscanf, (FILE *, const char *, __VALIST)
                                             ^
c:\intelfpga_lite\18.1\nios2eds\bin\gnu\h-x86_64-mingw32\nios2-elf\include\stdio.h:324:64: error: unknown type name '__gnuc_va_list'
 int _EXFUN(vfscanf, (FILE *__restrict, const char *__restrict, __VALIST)
                                                                ^
c:\intelfpga_lite\18.1\nios2eds\bin\gnu\h-x86_64-mingw32\nios2-elf\include\stdio.h:326:37: error: unknown type name '__gnuc_va_list'
 int _EXFUN(viprintf, (const char *, __VALIST)
                                     ^
c:\intelfpga_lite\18.1\nios2eds\bin\gnu\h-x86_64-mingw32\nios2-elf\include\stdio.h:328:36: error: unknown type name '__gnuc_va_list'
 int _EXFUN(viscanf, (const char *, __VALIST)
                                    ^
c:\intelfpga_lite\18.1\nios2eds\bin\gnu\h-x86_64-mingw32\nios2-elf\include\stdio.h:330:35: error: unknown type name '__gnuc_va_list'
 int _EXFUN(vscanf, (const char *, __VALIST)
                                   ^
c:\intelfpga_lite\18.1\nios2eds\bin\gnu\h-x86_64-mingw32\nios2-elf\include\stdio.h:332:46: error: unknown type name '__gnuc_va_list'
 int _EXFUN(vsiprintf, (char *, const char *, __VALIST)
                                              ^
c:\intelfpga_lite\18.1\nios2eds\bin\gnu\h-x86_64-mingw32\nios2-elf\include\stdio.h:334:51: error: unknown type name '__gnuc_va_list'
 int _EXFUN(vsiscanf, (const char *, const char *, __VALIST)
                                                   ^
c:\intelfpga_lite\18.1\nios2eds\bin\gnu\h-x86_64-mingw32\nios2-elf\include\stdio.h:336:55: error: unknown type name '__gnuc_va_list'
 int _EXFUN(vsniprintf, (char *, size_t, const char *, __VALIST)
                                                       ^
c:\intelfpga_lite\18.1\nios2eds\bin\gnu\h-x86_64-mingw32\nios2-elf\include\stdio.h:338:74: error: unknown type name '__gnuc_va_list'
 int _EXFUN(vsnprintf, (char *__restrict, size_t, const char *__restrict, __VALIST)
                                                                          ^
c:\intelfpga_lite\18.1\nios2eds\bin\gnu\h-x86_64-mingw32\nios2-elf\include\stdio.h:340:70: error: unknown type name '__gnuc_va_list'
 int _EXFUN(vsscanf, (const char *__restrict, const char *__restrict, __VALIST)
                                                                      ^
c:\intelfpga_lite\18.1\nios2eds\bin\gnu\h-x86_64-mingw32\nios2-elf\include\stdio.h:386:52: error: unknown type name '__gnuc_va_list'
 int _EXFUN(vdprintf, (int, const char *__restrict, __VALIST)
                                                    ^
c:\intelfpga_lite\18.1\nios2eds\bin\gnu\h-x86_64-mingw32\nios2-elf\include\stdio.h:486:68: error: unknown type name '__gnuc_va_list'
 int _EXFUN(_vasiprintf_r, (struct _reent *, char **, const char *, __VALIST)
                                                                    ^
c:\intelfpga_lite\18.1\nios2eds\bin\gnu\h-x86_64-mingw32\nios2-elf\include\stdio.h:488:80: error: unknown type name '__gnuc_va_list'
 char * _EXFUN(_vasniprintf_r, (struct _reent*, char *, size_t *, const char *, __VALIST)
                                                                                ^
c:\intelfpga_lite\18.1\nios2eds\bin\gnu\h-x86_64-mingw32\nios2-elf\include\stdio.h:490:79: error: unknown type name '__gnuc_va_list'
 char * _EXFUN(_vasnprintf_r, (struct _reent*, char *, size_t *, const char *, __VALIST)
                                                                               ^
c:\intelfpga_lite\18.1\nios2eds\bin\gnu\h-x86_64-mingw32\nios2-elf\include\stdio.h:492:67: error: unknown type name '__gnuc_va_list'
 int _EXFUN(_vasprintf_r, (struct _reent *, char **, const char *, __VALIST)
                                                                   ^
c:\intelfpga_lite\18.1\nios2eds\bin\gnu\h-x86_64-mingw32\nios2-elf\include\stdio.h:494:63: error: unknown type name '__gnuc_va_list'
 int _EXFUN(_vdiprintf_r, (struct _reent *, int, const char *, __VALIST)
                                                               ^
c:\intelfpga_lite\18.1\nios2eds\bin\gnu\h-x86_64-mingw32\nios2-elf\include\stdio.h:496:72: error: unknown type name '__gnuc_va_list'
 int _EXFUN(_vdprintf_r, (struct _reent *, int, const char *__restrict, __VALIST)
                                                                        ^
c:\intelfpga_lite\18.1\nios2eds\bin\gnu\h-x86_64-mingw32\nios2-elf\include\stdio.h:498:66: error: unknown type name '__gnuc_va_list'
 int _EXFUN(_vfiprintf_r, (struct _reent *, FILE *, const char *, __VALIST)
                                                                  ^
c:\intelfpga_lite\18.1\nios2eds\bin\gnu\h-x86_64-mingw32\nios2-elf\include\stdio.h:500:65: error: unknown type name '__gnuc_va_list'
 int _EXFUN(_vfiscanf_r, (struct _reent *, FILE *, const char *, __VALIST)
                                                                 ^
c:\intelfpga_lite\18.1\nios2eds\bin\gnu\h-x86_64-mingw32\nios2-elf\include\stdio.h:502:85: error: unknown type name '__gnuc_va_list'
 int _EXFUN(_vfprintf_r, (struct _reent *, FILE *__restrict, const char *__restrict, __VALIST)
                                                                                     ^
c:\intelfpga_lite\18.1\nios2eds\bin\gnu\h-x86_64-mingw32\nios2-elf\include\stdio.h:504:84: error: unknown type name '__gnuc_va_list'
 int _EXFUN(_vfscanf_r, (struct _reent *, FILE *__restrict, const char *__restrict, __VALIST)
                                                                                    ^
c:\intelfpga_lite\18.1\nios2eds\bin\gnu\h-x86_64-mingw32\nios2-elf\include\stdio.h:506:57: error: unknown type name '__gnuc_va_list'
 int _EXFUN(_viprintf_r, (struct _reent *, const char *, __VALIST)
                                                         ^
c:\intelfpga_lite\18.1\nios2eds\bin\gnu\h-x86_64-mingw32\nios2-elf\include\stdio.h:508:56: error: unknown type name '__gnuc_va_list'
 int _EXFUN(_viscanf_r, (struct _reent *, const char *, __VALIST)
                                                        ^
c:\intelfpga_lite\18.1\nios2eds\bin\gnu\h-x86_64-mingw32\nios2-elf\include\stdio.h:510:66: error: unknown type name '__gnuc_va_list'
 int _EXFUN(_vprintf_r, (struct _reent *, const char *__restrict, __VALIST)
                                                                  ^
c:\intelfpga_lite\18.1\nios2eds\bin\gnu\h-x86_64-mingw32\nios2-elf\include\stdio.h:512:65: error: unknown type name '__gnuc_va_list'
 int _EXFUN(_vscanf_r, (struct _reent *, const char *__restrict, __VALIST)
                                                                 ^
c:\intelfpga_lite\18.1\nios2eds\bin\gnu\h-x86_64-mingw32\nios2-elf\include\stdio.h:514:66: error: unknown type name '__gnuc_va_list'
 int _EXFUN(_vsiprintf_r, (struct _reent *, char *, const char *, __VALIST)
                                                                  ^
c:\intelfpga_lite\18.1\nios2eds\bin\gnu\h-x86_64-mingw32\nios2-elf\include\stdio.h:516:71: error: unknown type name '__gnuc_va_list'
 int _EXFUN(_vsiscanf_r, (struct _reent *, const char *, const char *, __VALIST)
                                                                       ^
c:\intelfpga_lite\18.1\nios2eds\bin\gnu\h-x86_64-mingw32\nios2-elf\include\stdio.h:518:75: error: unknown type name '__gnuc_va_list'
 int _EXFUN(_vsniprintf_r, (struct _reent *, char *, size_t, const char *, __VALIST)
                                                                           ^
c:\intelfpga_lite\18.1\nios2eds\bin\gnu\h-x86_64-mingw32\nios2-elf\include\stdio.h:520:94: error: unknown type name '__gnuc_va_list'
 int _EXFUN(_vsnprintf_r, (struct _reent *, char *__restrict, size_t, const char *__restrict, __VALIST)
                                                                                              ^
c:\intelfpga_lite\18.1\nios2eds\bin\gnu\h-x86_64-mingw32\nios2-elf\include\stdio.h:522:85: error: unknown type name '__gnuc_va_list'
 int _EXFUN(_vsprintf_r, (struct _reent *, char *__restrict, const char *__restrict, __VALIST)
                                                                                     ^
c:\intelfpga_lite\18.1\nios2eds\bin\gnu\h-x86_64-mingw32\nios2-elf\include\stdio.h:524:90: error: unknown type name '__gnuc_va_list'
 int _EXFUN(_vsscanf_r, (struct _reent *, const char *__restrict, const char *__restrict, __VALIST)
                                                                                          ^
make: *** [obj/default/hello_world_small.o] Error 1
13:33:44 **** Incremental Build of configuration Nios II for project sopc_compteur ****
make all 
Info: Building ../sopc_compteur_bsp/
C:/intelFPGA_lite/18.1/nios2eds/bin/gnu/H-x86_64-mingw32/bin/make --no-print-directory -C ../sopc_compteur_bsp/
[BSP build complete]
Info: Compiling hello_world_small.c to obj/default/hello_world_small.o
nios2-elf-gcc -xc -MP -MMD -c -I../sopc_compteur_bsp//HAL/inc -I../sopc_compteur_bsp/ -I../sopc_compteur_bsp//drivers/inc  -pipe -D__hal__ -DALT_NO_C_PLUS_PLUS -DALT_NO_CLEAN_EXIT -D'exit(a)=_exit(a)' -DALT_NO_EXIT -DALT_USE_DIRECT_DRIVERS -DALT_NO_INSTRUCTION_EMULATION -DALT_USE_SMALL_DRIVERS -DSMALL_C_LIB -DALT_SINGLE_THREADED    -Os -g -Wall   -mno-hw-div -mno-hw-mul -mno-hw-mulx -mgpopt=global  -o obj/default/hello_world_small.o hello_world_small.c
Info: Linking sopc_compteur.elf
nios2-elf-g++  -T'../sopc_compteur_bsp//linker.x' -msys-crt0='../sopc_compteur_bsp//obj/HAL/src/crt0.o' -msys-lib=hal_bsp -L../sopc_compteur_bsp/  -msmallc  -Wl,-Map=sopc_compteur.map   -Os -g -Wall   -mno-hw-div -mno-hw-mul -mno-hw-mulx -mgpopt=global  -o sopc_compteur.elf obj/default/hello_world_small.o -lm -msys-lib=m
nios2-elf-insert sopc_compteur.elf --thread_model hal --cpu_name CPU --qsys true --simulation_enabled false --id 0 --sidp 0x11050 --timestamp 1695287629 --stderr_dev jtag_uart_0 --stdin_dev jtag_uart_0 --stdout_dev jtag_uart_0 --sopc_system_name sopc --quartus_project_dir "C:/Users/abdel/Desktop/BE_VHDL_23_G19/sopc_compteur" --jdi ../..//output_files/sopc_compteur.jdi --sopcinfo C:/Users/abdel/Desktop/BE_VHDL_23_G19/sopc_compteur/software/sopc_compteur_bsp/../../sopc.sopcinfo
Info: (sopc_compteur.elf) 3588 Bytes program size (code + initialized data).
Info:                     16 KBytes free for stack + heap.
Info: Creating sopc_compteur.objdump
nios2-elf-objdump --disassemble --syms --all-header --source sopc_compteur.elf >sopc_compteur.objdump
[sopc_compteur build complete]
13:34:18 **** Build of configuration Nios II for project sopc_compteur ****
make all 
Info: Building ../sopc_compteur_bsp/
C:/intelFPGA_lite/18.1/nios2eds/bin/gnu/H-x86_64-mingw32/bin/make --no-print-directory -C ../sopc_compteur_bsp/
[BSP build complete]
[sopc_compteur build complete]
13:34:20 **** Incremental Build of configuration Nios II for project sopc_compteur ****
make all 
Info: Building ../sopc_compteur_bsp/
C:/intelFPGA_lite/18.1/nios2eds/bin/gnu/H-x86_64-mingw32/bin/make --no-print-directory -C ../sopc_compteur_bsp/
[BSP build complete]
[sopc_compteur build complete]
08:32:13 **** Build of configuration Nios II for project sopc_compteur ****
make all 
Info: Building ../sopc_compteur_bsp/
C:/intelFPGA_lite/18.1/nios2eds/bin/gnu/H-x86_64-mingw32/bin/make --no-print-directory -C ../sopc_compteur_bsp/
[BSP build complete]
[sopc_compteur build complete]
08:32:16 **** Incremental Build of configuration Nios II for project sopc_compteur ****
make all 
Info: Building ../sopc_compteur_bsp/
C:/intelFPGA_lite/18.1/nios2eds/bin/gnu/H-x86_64-mingw32/bin/make --no-print-directory -C ../sopc_compteur_bsp/
[BSP build complete]
[sopc_compteur build complete]
