Classic Timing Analyzer report for div9
Thu Sep 14 08:48:33 2023
Quartus II Version 9.1 Build 350 03/24/2010 Service Pack 2 SJ Web Edition


---------------------
; Table of Contents ;
---------------------
  1. Legal Notice
  2. Timing Analyzer Summary
  3. Timing Analyzer Settings
  4. Clock Settings Summary
  5. Parallel Compilation
  6. Clock Setup: 'clk'
  7. tco
  8. Timing Analyzer Messages



----------------
; Legal Notice ;
----------------
Copyright (C) 1991-2010 Altera Corporation
Your use of Altera Corporation's design tools, logic functions 
and other software and tools, and its AMPP partner logic 
functions, and any output files from any of the foregoing 
(including device programming or simulation files), and any 
associated documentation or information are expressly subject 
to the terms and conditions of the Altera Program License 
Subscription Agreement, Altera MegaCore Function License 
Agreement, or other applicable license agreement, including, 
without limitation, that your use is for the sole purpose of 
programming logic devices manufactured by Altera and sold by 
Altera or its authorized distributors.  Please refer to the 
applicable agreement for further details.



+-----------------------------------------------------------------------------------------------------------------------------------------------------------------+
; Timing Analyzer Summary                                                                                                                                         ;
+------------------------------+-------+---------------+----------------------------------+------------------+-------------+------------+----------+--------------+
; Type                         ; Slack ; Required Time ; Actual Time                      ; From             ; To          ; From Clock ; To Clock ; Failed Paths ;
+------------------------------+-------+---------------+----------------------------------+------------------+-------------+------------+----------+--------------+
; Worst-case tco               ; N/A   ; None          ; 7.256 ns                         ; one_second_pulse ; led         ; clk        ; --       ; 0            ;
; Clock Setup: 'clk'           ; N/A   ; None          ; 241.60 MHz ( period = 4.139 ns ) ; counter[11]      ; counter[20] ; clk        ; clk      ; 0            ;
; Total number of failed paths ;       ;               ;                                  ;                  ;             ;            ;          ; 0            ;
+------------------------------+-------+---------------+----------------------------------+------------------+-------------+------------+----------+--------------+


+-----------------------------------------------------------------------------------------------------------------------------------------------------+
; Timing Analyzer Settings                                                                                                                            ;
+------------------------------------------------------------------------------------------------------+--------------------+------+----+-------------+
; Option                                                                                               ; Setting            ; From ; To ; Entity Name ;
+------------------------------------------------------------------------------------------------------+--------------------+------+----+-------------+
; Device Name                                                                                          ; EP2C35F672C6       ;      ;    ;             ;
; Timing Models                                                                                        ; Final              ;      ;    ;             ;
; Default hold multicycle                                                                              ; Same as Multicycle ;      ;    ;             ;
; Cut paths between unrelated clock domains                                                            ; On                 ;      ;    ;             ;
; Cut off read during write signal paths                                                               ; On                 ;      ;    ;             ;
; Cut off feedback from I/O pins                                                                       ; On                 ;      ;    ;             ;
; Report Combined Fast/Slow Timing                                                                     ; Off                ;      ;    ;             ;
; Ignore Clock Settings                                                                                ; Off                ;      ;    ;             ;
; Analyze latches as synchronous elements                                                              ; On                 ;      ;    ;             ;
; Enable Recovery/Removal analysis                                                                     ; Off                ;      ;    ;             ;
; Enable Clock Latency                                                                                 ; Off                ;      ;    ;             ;
; Use TimeQuest Timing Analyzer                                                                        ; Off                ;      ;    ;             ;
; Minimum Core Junction Temperature                                                                    ; 0                  ;      ;    ;             ;
; Maximum Core Junction Temperature                                                                    ; 85                 ;      ;    ;             ;
; Number of source nodes to report per destination node                                                ; 10                 ;      ;    ;             ;
; Number of destination nodes to report                                                                ; 10                 ;      ;    ;             ;
; Number of paths to report                                                                            ; 200                ;      ;    ;             ;
; Report Minimum Timing Checks                                                                         ; Off                ;      ;    ;             ;
; Use Fast Timing Models                                                                               ; Off                ;      ;    ;             ;
; Report IO Paths Separately                                                                           ; Off                ;      ;    ;             ;
; Perform Multicorner Analysis                                                                         ; On                 ;      ;    ;             ;
; Reports the worst-case path for each clock domain and analysis                                       ; Off                ;      ;    ;             ;
; Reports worst-case timing paths for each clock domain and analysis                                   ; On                 ;      ;    ;             ;
; Specifies the maximum number of worst-case timing paths to report for each clock domain and analysis ; 100                ;      ;    ;             ;
; Removes common clock path pessimism (CCPP) during slack computation                                  ; Off                ;      ;    ;             ;
; Output I/O Timing Endpoint                                                                           ; Near End           ;      ;    ;             ;
+------------------------------------------------------------------------------------------------------+--------------------+------+----+-------------+


+------------------------------------------------------------------------------------------------------------------------------------------------------------------------------------+
; Clock Settings Summary                                                                                                                                                             ;
+-----------------+--------------------+----------+------------------+---------------+--------------+----------+-----------------------+---------------------+--------+--------------+
; Clock Node Name ; Clock Setting Name ; Type     ; Fmax Requirement ; Early Latency ; Late Latency ; Based on ; Multiply Base Fmax by ; Divide Base Fmax by ; Offset ; Phase offset ;
+-----------------+--------------------+----------+------------------+---------------+--------------+----------+-----------------------+---------------------+--------+--------------+
; clk             ;                    ; User Pin ; None             ; 0.000 ns      ; 0.000 ns     ; --       ; N/A                   ; N/A                 ; N/A    ;              ;
+-----------------+--------------------+----------+------------------+---------------+--------------+----------+-----------------------+---------------------+--------+--------------+


Parallel compilation was disabled, but you have multiple processors available. Enable parallel compilation to reduce compilation time.
+-------------------------------------+
; Parallel Compilation                ;
+----------------------------+--------+
; Processors                 ; Number ;
+----------------------------+--------+
; Number detected on machine ; 6      ;
; Maximum allowed            ; 1      ;
+----------------------------+--------+


+--------------------------------------------------------------------------------------------------------------------------------------------------------------------------------------------------------------------------------------------+
; Clock Setup: 'clk'                                                                                                                                                                                                                         ;
+-----------------------------------------+-----------------------------------------------------+-------------+------------------+------------+----------+-----------------------------+---------------------------+-------------------------+
; Slack                                   ; Actual fmax (period)                                ; From        ; To               ; From Clock ; To Clock ; Required Setup Relationship ; Required Longest P2P Time ; Actual Longest P2P Time ;
+-----------------------------------------+-----------------------------------------------------+-------------+------------------+------------+----------+-----------------------------+---------------------------+-------------------------+
; N/A                                     ; 241.60 MHz ( period = 4.139 ns )                    ; counter[11] ; counter[20]      ; clk        ; clk      ; None                        ; None                      ; 3.928 ns                ;
; N/A                                     ; 241.78 MHz ( period = 4.136 ns )                    ; counter[11] ; counter[21]      ; clk        ; clk      ; None                        ; None                      ; 3.925 ns                ;
; N/A                                     ; 246.06 MHz ( period = 4.064 ns )                    ; counter[11] ; counter[7]       ; clk        ; clk      ; None                        ; None                      ; 3.853 ns                ;
; N/A                                     ; 246.06 MHz ( period = 4.064 ns )                    ; counter[11] ; counter[19]      ; clk        ; clk      ; None                        ; None                      ; 3.853 ns                ;
; N/A                                     ; 246.12 MHz ( period = 4.063 ns )                    ; counter[11] ; counter[12]      ; clk        ; clk      ; None                        ; None                      ; 3.852 ns                ;
; N/A                                     ; 246.18 MHz ( period = 4.062 ns )                    ; counter[11] ; counter[15]      ; clk        ; clk      ; None                        ; None                      ; 3.851 ns                ;
; N/A                                     ; 246.55 MHz ( period = 4.056 ns )                    ; counter[11] ; counter[14]      ; clk        ; clk      ; None                        ; None                      ; 3.845 ns                ;
; N/A                                     ; 246.61 MHz ( period = 4.055 ns )                    ; counter[11] ; counter[13]      ; clk        ; clk      ; None                        ; None                      ; 3.844 ns                ;
; N/A                                     ; 246.67 MHz ( period = 4.054 ns )                    ; counter[11] ; one_second_pulse ; clk        ; clk      ; None                        ; None                      ; 3.843 ns                ;
; N/A                                     ; 246.73 MHz ( period = 4.053 ns )                    ; counter[11] ; counter[17]      ; clk        ; clk      ; None                        ; None                      ; 3.842 ns                ;
; N/A                                     ; 249.31 MHz ( period = 4.011 ns )                    ; counter[11] ; counter[22]      ; clk        ; clk      ; None                        ; None                      ; 3.799 ns                ;
; N/A                                     ; 249.44 MHz ( period = 4.009 ns )                    ; counter[11] ; counter[23]      ; clk        ; clk      ; None                        ; None                      ; 3.797 ns                ;
; N/A                                     ; 249.44 MHz ( period = 4.009 ns )                    ; counter[11] ; counter[25]      ; clk        ; clk      ; None                        ; None                      ; 3.797 ns                ;
; N/A                                     ; 253.68 MHz ( period = 3.942 ns )                    ; counter[0]  ; counter[25]      ; clk        ; clk      ; None                        ; None                      ; 3.730 ns                ;
; N/A                                     ; 256.21 MHz ( period = 3.903 ns )                    ; counter[0]  ; counter[20]      ; clk        ; clk      ; None                        ; None                      ; 3.692 ns                ;
; N/A                                     ; 256.41 MHz ( period = 3.900 ns )                    ; counter[0]  ; counter[21]      ; clk        ; clk      ; None                        ; None                      ; 3.689 ns                ;
; N/A                                     ; 256.67 MHz ( period = 3.896 ns )                    ; counter[10] ; counter[20]      ; clk        ; clk      ; None                        ; None                      ; 3.685 ns                ;
; N/A                                     ; 256.87 MHz ( period = 3.893 ns )                    ; counter[10] ; counter[21]      ; clk        ; clk      ; None                        ; None                      ; 3.682 ns                ;
; N/A                                     ; 258.33 MHz ( period = 3.871 ns )                    ; counter[0]  ; counter[22]      ; clk        ; clk      ; None                        ; None                      ; 3.659 ns                ;
; N/A                                     ; 259.81 MHz ( period = 3.849 ns )                    ; counter[8]  ; counter[20]      ; clk        ; clk      ; None                        ; None                      ; 3.638 ns                ;
; N/A                                     ; 260.01 MHz ( period = 3.846 ns )                    ; counter[8]  ; counter[21]      ; clk        ; clk      ; None                        ; None                      ; 3.635 ns                ;
; N/A                                     ; 261.23 MHz ( period = 3.828 ns )                    ; counter[0]  ; counter[7]       ; clk        ; clk      ; None                        ; None                      ; 3.617 ns                ;
; N/A                                     ; 261.23 MHz ( period = 3.828 ns )                    ; counter[0]  ; counter[19]      ; clk        ; clk      ; None                        ; None                      ; 3.617 ns                ;
; N/A                                     ; 261.23 MHz ( period = 3.828 ns )                    ; counter[1]  ; counter[25]      ; clk        ; clk      ; None                        ; None                      ; 3.616 ns                ;
; N/A                                     ; 261.30 MHz ( period = 3.827 ns )                    ; counter[0]  ; counter[12]      ; clk        ; clk      ; None                        ; None                      ; 3.616 ns                ;
; N/A                                     ; 261.37 MHz ( period = 3.826 ns )                    ; counter[0]  ; counter[15]      ; clk        ; clk      ; None                        ; None                      ; 3.615 ns                ;
; N/A                                     ; 261.71 MHz ( period = 3.821 ns )                    ; counter[10] ; counter[7]       ; clk        ; clk      ; None                        ; None                      ; 3.610 ns                ;
; N/A                                     ; 261.71 MHz ( period = 3.821 ns )                    ; counter[10] ; counter[19]      ; clk        ; clk      ; None                        ; None                      ; 3.610 ns                ;
; N/A                                     ; 261.78 MHz ( period = 3.820 ns )                    ; counter[0]  ; counter[14]      ; clk        ; clk      ; None                        ; None                      ; 3.609 ns                ;
; N/A                                     ; 261.78 MHz ( period = 3.820 ns )                    ; counter[10] ; counter[12]      ; clk        ; clk      ; None                        ; None                      ; 3.609 ns                ;
; N/A                                     ; 261.85 MHz ( period = 3.819 ns )                    ; counter[10] ; counter[15]      ; clk        ; clk      ; None                        ; None                      ; 3.608 ns                ;
; N/A                                     ; 261.85 MHz ( period = 3.819 ns )                    ; counter[0]  ; counter[13]      ; clk        ; clk      ; None                        ; None                      ; 3.608 ns                ;
; N/A                                     ; 261.92 MHz ( period = 3.818 ns )                    ; counter[0]  ; one_second_pulse ; clk        ; clk      ; None                        ; None                      ; 3.607 ns                ;
; N/A                                     ; 261.99 MHz ( period = 3.817 ns )                    ; counter[0]  ; counter[17]      ; clk        ; clk      ; None                        ; None                      ; 3.606 ns                ;
; N/A                                     ; 262.26 MHz ( period = 3.813 ns )                    ; counter[10] ; counter[14]      ; clk        ; clk      ; None                        ; None                      ; 3.602 ns                ;
; N/A                                     ; 262.33 MHz ( period = 3.812 ns )                    ; counter[10] ; counter[13]      ; clk        ; clk      ; None                        ; None                      ; 3.601 ns                ;
; N/A                                     ; 262.40 MHz ( period = 3.811 ns )                    ; counter[10] ; one_second_pulse ; clk        ; clk      ; None                        ; None                      ; 3.600 ns                ;
; N/A                                     ; 262.47 MHz ( period = 3.810 ns )                    ; counter[10] ; counter[17]      ; clk        ; clk      ; None                        ; None                      ; 3.599 ns                ;
; N/A                                     ; 263.16 MHz ( period = 3.800 ns )                    ; counter[0]  ; counter[23]      ; clk        ; clk      ; None                        ; None                      ; 3.588 ns                ;
; N/A                                     ; 263.37 MHz ( period = 3.797 ns )                    ; counter[2]  ; counter[25]      ; clk        ; clk      ; None                        ; None                      ; 3.585 ns                ;
; N/A                                     ; 263.50 MHz ( period = 3.795 ns )                    ; counter[6]  ; counter[20]      ; clk        ; clk      ; None                        ; None                      ; 3.584 ns                ;
; N/A                                     ; 263.71 MHz ( period = 3.792 ns )                    ; counter[6]  ; counter[21]      ; clk        ; clk      ; None                        ; None                      ; 3.581 ns                ;
; N/A                                     ; 264.48 MHz ( period = 3.781 ns )                    ; counter[23] ; counter[20]      ; clk        ; clk      ; None                        ; None                      ; 3.568 ns                ;
; N/A                                     ; 264.69 MHz ( period = 3.778 ns )                    ; counter[23] ; counter[21]      ; clk        ; clk      ; None                        ; None                      ; 3.565 ns                ;
; N/A                                     ; 264.97 MHz ( period = 3.774 ns )                    ; counter[8]  ; counter[7]       ; clk        ; clk      ; None                        ; None                      ; 3.563 ns                ;
; N/A                                     ; 264.97 MHz ( period = 3.774 ns )                    ; counter[8]  ; counter[19]      ; clk        ; clk      ; None                        ; None                      ; 3.563 ns                ;
; N/A                                     ; 265.04 MHz ( period = 3.773 ns )                    ; counter[8]  ; counter[12]      ; clk        ; clk      ; None                        ; None                      ; 3.562 ns                ;
; N/A                                     ; 265.11 MHz ( period = 3.772 ns )                    ; counter[8]  ; counter[15]      ; clk        ; clk      ; None                        ; None                      ; 3.561 ns                ;
; N/A                                     ; 265.39 MHz ( period = 3.768 ns )                    ; counter[10] ; counter[22]      ; clk        ; clk      ; None                        ; None                      ; 3.556 ns                ;
; N/A                                     ; 265.53 MHz ( period = 3.766 ns )                    ; counter[10] ; counter[23]      ; clk        ; clk      ; None                        ; None                      ; 3.554 ns                ;
; N/A                                     ; 265.53 MHz ( period = 3.766 ns )                    ; counter[10] ; counter[25]      ; clk        ; clk      ; None                        ; None                      ; 3.554 ns                ;
; N/A                                     ; 265.53 MHz ( period = 3.766 ns )                    ; counter[8]  ; counter[14]      ; clk        ; clk      ; None                        ; None                      ; 3.555 ns                ;
; N/A                                     ; 265.60 MHz ( period = 3.765 ns )                    ; counter[1]  ; counter[20]      ; clk        ; clk      ; None                        ; None                      ; 3.554 ns                ;
; N/A                                     ; 265.60 MHz ( period = 3.765 ns )                    ; counter[8]  ; counter[13]      ; clk        ; clk      ; None                        ; None                      ; 3.554 ns                ;
; N/A                                     ; 265.67 MHz ( period = 3.764 ns )                    ; counter[8]  ; one_second_pulse ; clk        ; clk      ; None                        ; None                      ; 3.553 ns                ;
; N/A                                     ; 265.75 MHz ( period = 3.763 ns )                    ; counter[8]  ; counter[17]      ; clk        ; clk      ; None                        ; None                      ; 3.552 ns                ;
; N/A                                     ; 265.82 MHz ( period = 3.762 ns )                    ; counter[1]  ; counter[21]      ; clk        ; clk      ; None                        ; None                      ; 3.551 ns                ;
; N/A                                     ; 266.17 MHz ( period = 3.757 ns )                    ; counter[1]  ; counter[22]      ; clk        ; clk      ; None                        ; None                      ; 3.545 ns                ;
; N/A                                     ; 266.17 MHz ( period = 3.757 ns )                    ; counter[7]  ; counter[25]      ; clk        ; clk      ; None                        ; None                      ; 3.542 ns                ;
; N/A                                     ; 268.38 MHz ( period = 3.726 ns )                    ; counter[2]  ; counter[22]      ; clk        ; clk      ; None                        ; None                      ; 3.514 ns                ;
; N/A                                     ; 268.46 MHz ( period = 3.725 ns )                    ; counter[3]  ; counter[25]      ; clk        ; clk      ; None                        ; None                      ; 3.513 ns                ;
; N/A                                     ; 268.74 MHz ( period = 3.721 ns )                    ; counter[8]  ; counter[22]      ; clk        ; clk      ; None                        ; None                      ; 3.509 ns                ;
; N/A                                     ; 268.82 MHz ( period = 3.720 ns )                    ; counter[6]  ; counter[7]       ; clk        ; clk      ; None                        ; None                      ; 3.509 ns                ;
; N/A                                     ; 268.82 MHz ( period = 3.720 ns )                    ; counter[6]  ; counter[19]      ; clk        ; clk      ; None                        ; None                      ; 3.509 ns                ;
; N/A                                     ; 268.89 MHz ( period = 3.719 ns )                    ; counter[8]  ; counter[23]      ; clk        ; clk      ; None                        ; None                      ; 3.507 ns                ;
; N/A                                     ; 268.89 MHz ( period = 3.719 ns )                    ; counter[8]  ; counter[25]      ; clk        ; clk      ; None                        ; None                      ; 3.507 ns                ;
; N/A                                     ; 268.89 MHz ( period = 3.719 ns )                    ; counter[6]  ; counter[12]      ; clk        ; clk      ; None                        ; None                      ; 3.508 ns                ;
; N/A                                     ; 268.96 MHz ( period = 3.718 ns )                    ; counter[6]  ; counter[15]      ; clk        ; clk      ; None                        ; None                      ; 3.507 ns                ;
; N/A                                     ; 269.32 MHz ( period = 3.713 ns )                    ; counter[22] ; counter[20]      ; clk        ; clk      ; None                        ; None                      ; 3.500 ns                ;
; N/A                                     ; 269.40 MHz ( period = 3.712 ns )                    ; counter[6]  ; counter[14]      ; clk        ; clk      ; None                        ; None                      ; 3.501 ns                ;
; N/A                                     ; 269.47 MHz ( period = 3.711 ns )                    ; counter[6]  ; counter[13]      ; clk        ; clk      ; None                        ; None                      ; 3.500 ns                ;
; N/A                                     ; 269.54 MHz ( period = 3.710 ns )                    ; counter[9]  ; counter[20]      ; clk        ; clk      ; None                        ; None                      ; 3.499 ns                ;
; N/A                                     ; 269.54 MHz ( period = 3.710 ns )                    ; counter[22] ; counter[21]      ; clk        ; clk      ; None                        ; None                      ; 3.497 ns                ;
; N/A                                     ; 269.54 MHz ( period = 3.710 ns )                    ; counter[6]  ; one_second_pulse ; clk        ; clk      ; None                        ; None                      ; 3.499 ns                ;
; N/A                                     ; 269.61 MHz ( period = 3.709 ns )                    ; counter[6]  ; counter[17]      ; clk        ; clk      ; None                        ; None                      ; 3.498 ns                ;
; N/A                                     ; 269.76 MHz ( period = 3.707 ns )                    ; counter[9]  ; counter[21]      ; clk        ; clk      ; None                        ; None                      ; 3.496 ns                ;
; N/A                                     ; 269.83 MHz ( period = 3.706 ns )                    ; counter[23] ; counter[7]       ; clk        ; clk      ; None                        ; None                      ; 3.493 ns                ;
; N/A                                     ; 269.83 MHz ( period = 3.706 ns )                    ; counter[23] ; counter[19]      ; clk        ; clk      ; None                        ; None                      ; 3.493 ns                ;
; N/A                                     ; 269.91 MHz ( period = 3.705 ns )                    ; counter[23] ; counter[12]      ; clk        ; clk      ; None                        ; None                      ; 3.492 ns                ;
; N/A                                     ; 269.98 MHz ( period = 3.704 ns )                    ; counter[23] ; counter[15]      ; clk        ; clk      ; None                        ; None                      ; 3.491 ns                ;
; N/A                                     ; 270.42 MHz ( period = 3.698 ns )                    ; counter[23] ; counter[14]      ; clk        ; clk      ; None                        ; None                      ; 3.485 ns                ;
; N/A                                     ; 270.49 MHz ( period = 3.697 ns )                    ; counter[23] ; counter[13]      ; clk        ; clk      ; None                        ; None                      ; 3.484 ns                ;
; N/A                                     ; 270.56 MHz ( period = 3.696 ns )                    ; counter[23] ; one_second_pulse ; clk        ; clk      ; None                        ; None                      ; 3.483 ns                ;
; N/A                                     ; 270.64 MHz ( period = 3.695 ns )                    ; counter[23] ; counter[17]      ; clk        ; clk      ; None                        ; None                      ; 3.482 ns                ;
; N/A                                     ; 270.78 MHz ( period = 3.693 ns )                    ; counter[16] ; counter[20]      ; clk        ; clk      ; None                        ; None                      ; 3.480 ns                ;
; N/A                                     ; 271.00 MHz ( period = 3.690 ns )                    ; counter[1]  ; counter[7]       ; clk        ; clk      ; None                        ; None                      ; 3.479 ns                ;
; N/A                                     ; 271.00 MHz ( period = 3.690 ns )                    ; counter[16] ; counter[21]      ; clk        ; clk      ; None                        ; None                      ; 3.477 ns                ;
; N/A                                     ; 271.00 MHz ( period = 3.690 ns )                    ; counter[1]  ; counter[19]      ; clk        ; clk      ; None                        ; None                      ; 3.479 ns                ;
; N/A                                     ; 271.08 MHz ( period = 3.689 ns )                    ; counter[1]  ; counter[12]      ; clk        ; clk      ; None                        ; None                      ; 3.478 ns                ;
; N/A                                     ; 271.15 MHz ( period = 3.688 ns )                    ; counter[1]  ; counter[15]      ; clk        ; clk      ; None                        ; None                      ; 3.477 ns                ;
; N/A                                     ; 271.30 MHz ( period = 3.686 ns )                    ; counter[7]  ; counter[22]      ; clk        ; clk      ; None                        ; None                      ; 3.471 ns                ;
; N/A                                     ; 271.30 MHz ( period = 3.686 ns )                    ; counter[1]  ; counter[23]      ; clk        ; clk      ; None                        ; None                      ; 3.474 ns                ;
; N/A                                     ; 271.59 MHz ( period = 3.682 ns )                    ; counter[1]  ; counter[14]      ; clk        ; clk      ; None                        ; None                      ; 3.471 ns                ;
; N/A                                     ; 271.67 MHz ( period = 3.681 ns )                    ; counter[1]  ; counter[13]      ; clk        ; clk      ; None                        ; None                      ; 3.470 ns                ;
; N/A                                     ; 271.74 MHz ( period = 3.680 ns )                    ; counter[1]  ; one_second_pulse ; clk        ; clk      ; None                        ; None                      ; 3.469 ns                ;
; N/A                                     ; 271.81 MHz ( period = 3.679 ns )                    ; counter[1]  ; counter[17]      ; clk        ; clk      ; None                        ; None                      ; 3.468 ns                ;
; N/A                                     ; 272.70 MHz ( period = 3.667 ns )                    ; counter[6]  ; counter[22]      ; clk        ; clk      ; None                        ; None                      ; 3.455 ns                ;
; N/A                                     ; 272.85 MHz ( period = 3.665 ns )                    ; counter[6]  ; counter[23]      ; clk        ; clk      ; None                        ; None                      ; 3.453 ns                ;
; N/A                                     ; 272.85 MHz ( period = 3.665 ns )                    ; counter[6]  ; counter[25]      ; clk        ; clk      ; None                        ; None                      ; 3.453 ns                ;
; N/A                                     ; 273.07 MHz ( period = 3.662 ns )                    ; counter[13] ; counter[20]      ; clk        ; clk      ; None                        ; None                      ; 3.448 ns                ;
; N/A                                     ; 273.30 MHz ( period = 3.659 ns )                    ; counter[13] ; counter[21]      ; clk        ; clk      ; None                        ; None                      ; 3.445 ns                ;
; N/A                                     ; 273.60 MHz ( period = 3.655 ns )                    ; counter[2]  ; counter[23]      ; clk        ; clk      ; None                        ; None                      ; 3.443 ns                ;
; N/A                                     ; 273.67 MHz ( period = 3.654 ns )                    ; counter[3]  ; counter[22]      ; clk        ; clk      ; None                        ; None                      ; 3.442 ns                ;
; N/A                                     ; 273.75 MHz ( period = 3.653 ns )                    ; counter[23] ; counter[22]      ; clk        ; clk      ; None                        ; None                      ; 3.439 ns                ;
; N/A                                     ; 273.90 MHz ( period = 3.651 ns )                    ; counter[23] ; counter[23]      ; clk        ; clk      ; None                        ; None                      ; 3.437 ns                ;
; N/A                                     ; 273.90 MHz ( period = 3.651 ns )                    ; counter[23] ; counter[25]      ; clk        ; clk      ; None                        ; None                      ; 3.437 ns                ;
; N/A                                     ; 273.97 MHz ( period = 3.650 ns )                    ; counter[2]  ; counter[19]      ; clk        ; clk      ; None                        ; None                      ; 3.439 ns                ;
; N/A                                     ; 274.88 MHz ( period = 3.638 ns )                    ; counter[22] ; counter[7]       ; clk        ; clk      ; None                        ; None                      ; 3.425 ns                ;
; N/A                                     ; 274.88 MHz ( period = 3.638 ns )                    ; counter[22] ; counter[19]      ; clk        ; clk      ; None                        ; None                      ; 3.425 ns                ;
; N/A                                     ; 274.95 MHz ( period = 3.637 ns )                    ; counter[22] ; counter[12]      ; clk        ; clk      ; None                        ; None                      ; 3.424 ns                ;
; N/A                                     ; 275.03 MHz ( period = 3.636 ns )                    ; counter[22] ; counter[15]      ; clk        ; clk      ; None                        ; None                      ; 3.423 ns                ;
; N/A                                     ; 275.10 MHz ( period = 3.635 ns )                    ; counter[9]  ; counter[7]       ; clk        ; clk      ; None                        ; None                      ; 3.424 ns                ;
; N/A                                     ; 275.10 MHz ( period = 3.635 ns )                    ; counter[9]  ; counter[19]      ; clk        ; clk      ; None                        ; None                      ; 3.424 ns                ;
; N/A                                     ; 275.18 MHz ( period = 3.634 ns )                    ; counter[9]  ; counter[12]      ; clk        ; clk      ; None                        ; None                      ; 3.423 ns                ;
; N/A                                     ; 275.25 MHz ( period = 3.633 ns )                    ; counter[9]  ; counter[15]      ; clk        ; clk      ; None                        ; None                      ; 3.422 ns                ;
; N/A                                     ; 275.48 MHz ( period = 3.630 ns )                    ; counter[22] ; counter[14]      ; clk        ; clk      ; None                        ; None                      ; 3.417 ns                ;
; N/A                                     ; 275.56 MHz ( period = 3.629 ns )                    ; counter[22] ; counter[13]      ; clk        ; clk      ; None                        ; None                      ; 3.416 ns                ;
; N/A                                     ; 275.63 MHz ( period = 3.628 ns )                    ; counter[22] ; one_second_pulse ; clk        ; clk      ; None                        ; None                      ; 3.415 ns                ;
; N/A                                     ; 275.71 MHz ( period = 3.627 ns )                    ; counter[22] ; counter[17]      ; clk        ; clk      ; None                        ; None                      ; 3.414 ns                ;
; N/A                                     ; 275.71 MHz ( period = 3.627 ns )                    ; counter[9]  ; counter[14]      ; clk        ; clk      ; None                        ; None                      ; 3.416 ns                ;
; N/A                                     ; 275.79 MHz ( period = 3.626 ns )                    ; counter[9]  ; counter[13]      ; clk        ; clk      ; None                        ; None                      ; 3.415 ns                ;
; N/A                                     ; 275.86 MHz ( period = 3.625 ns )                    ; counter[9]  ; one_second_pulse ; clk        ; clk      ; None                        ; None                      ; 3.414 ns                ;
; N/A                                     ; 275.94 MHz ( period = 3.624 ns )                    ; counter[9]  ; counter[17]      ; clk        ; clk      ; None                        ; None                      ; 3.413 ns                ;
; N/A                                     ; 276.40 MHz ( period = 3.618 ns )                    ; counter[16] ; counter[7]       ; clk        ; clk      ; None                        ; None                      ; 3.405 ns                ;
; N/A                                     ; 276.40 MHz ( period = 3.618 ns )                    ; counter[16] ; counter[19]      ; clk        ; clk      ; None                        ; None                      ; 3.405 ns                ;
; N/A                                     ; 276.47 MHz ( period = 3.617 ns )                    ; counter[16] ; counter[12]      ; clk        ; clk      ; None                        ; None                      ; 3.404 ns                ;
; N/A                                     ; 276.55 MHz ( period = 3.616 ns )                    ; counter[16] ; counter[15]      ; clk        ; clk      ; None                        ; None                      ; 3.403 ns                ;
; N/A                                     ; 276.63 MHz ( period = 3.615 ns )                    ; counter[7]  ; counter[23]      ; clk        ; clk      ; None                        ; None                      ; 3.400 ns                ;
; N/A                                     ; 276.63 MHz ( period = 3.615 ns )                    ; counter[4]  ; counter[25]      ; clk        ; clk      ; None                        ; None                      ; 3.403 ns                ;
; N/A                                     ; 277.01 MHz ( period = 3.610 ns )                    ; counter[7]  ; counter[19]      ; clk        ; clk      ; None                        ; None                      ; 3.396 ns                ;
; N/A                                     ; 277.01 MHz ( period = 3.610 ns )                    ; counter[16] ; counter[14]      ; clk        ; clk      ; None                        ; None                      ; 3.397 ns                ;
; N/A                                     ; 277.09 MHz ( period = 3.609 ns )                    ; counter[16] ; counter[13]      ; clk        ; clk      ; None                        ; None                      ; 3.396 ns                ;
; N/A                                     ; 277.16 MHz ( period = 3.608 ns )                    ; counter[16] ; one_second_pulse ; clk        ; clk      ; None                        ; None                      ; 3.395 ns                ;
; N/A                                     ; 277.24 MHz ( period = 3.607 ns )                    ; counter[16] ; counter[17]      ; clk        ; clk      ; None                        ; None                      ; 3.394 ns                ;
; N/A                                     ; 278.63 MHz ( period = 3.589 ns )                    ; counter[15] ; counter[20]      ; clk        ; clk      ; None                        ; None                      ; 3.375 ns                ;
; N/A                                     ; 278.78 MHz ( period = 3.587 ns )                    ; counter[13] ; counter[7]       ; clk        ; clk      ; None                        ; None                      ; 3.373 ns                ;
; N/A                                     ; 278.78 MHz ( period = 3.587 ns )                    ; counter[13] ; counter[19]      ; clk        ; clk      ; None                        ; None                      ; 3.373 ns                ;
; N/A                                     ; 278.86 MHz ( period = 3.586 ns )                    ; counter[15] ; counter[21]      ; clk        ; clk      ; None                        ; None                      ; 3.372 ns                ;
; N/A                                     ; 278.86 MHz ( period = 3.586 ns )                    ; counter[13] ; counter[12]      ; clk        ; clk      ; None                        ; None                      ; 3.372 ns                ;
; N/A                                     ; 278.94 MHz ( period = 3.585 ns )                    ; counter[22] ; counter[22]      ; clk        ; clk      ; None                        ; None                      ; 3.371 ns                ;
; N/A                                     ; 278.94 MHz ( period = 3.585 ns )                    ; counter[13] ; counter[15]      ; clk        ; clk      ; None                        ; None                      ; 3.371 ns                ;
; N/A                                     ; 279.10 MHz ( period = 3.583 ns )                    ; counter[3]  ; counter[23]      ; clk        ; clk      ; None                        ; None                      ; 3.371 ns                ;
; N/A                                     ; 279.10 MHz ( period = 3.583 ns )                    ; counter[22] ; counter[23]      ; clk        ; clk      ; None                        ; None                      ; 3.369 ns                ;
; N/A                                     ; 279.10 MHz ( period = 3.583 ns )                    ; counter[22] ; counter[25]      ; clk        ; clk      ; None                        ; None                      ; 3.369 ns                ;
; N/A                                     ; 279.17 MHz ( period = 3.582 ns )                    ; counter[9]  ; counter[22]      ; clk        ; clk      ; None                        ; None                      ; 3.370 ns                ;
; N/A                                     ; 279.33 MHz ( period = 3.580 ns )                    ; counter[9]  ; counter[23]      ; clk        ; clk      ; None                        ; None                      ; 3.368 ns                ;
; N/A                                     ; 279.33 MHz ( period = 3.580 ns )                    ; counter[9]  ; counter[25]      ; clk        ; clk      ; None                        ; None                      ; 3.368 ns                ;
; N/A                                     ; 279.41 MHz ( period = 3.579 ns )                    ; counter[13] ; counter[14]      ; clk        ; clk      ; None                        ; None                      ; 3.365 ns                ;
; N/A                                     ; 279.49 MHz ( period = 3.578 ns )                    ; counter[3]  ; counter[19]      ; clk        ; clk      ; None                        ; None                      ; 3.367 ns                ;
; N/A                                     ; 279.49 MHz ( period = 3.578 ns )                    ; counter[13] ; counter[13]      ; clk        ; clk      ; None                        ; None                      ; 3.364 ns                ;
; N/A                                     ; 279.56 MHz ( period = 3.577 ns )                    ; counter[13] ; one_second_pulse ; clk        ; clk      ; None                        ; None                      ; 3.363 ns                ;
; N/A                                     ; 279.64 MHz ( period = 3.576 ns )                    ; counter[13] ; counter[17]      ; clk        ; clk      ; None                        ; None                      ; 3.362 ns                ;
; N/A                                     ; 280.11 MHz ( period = 3.570 ns )                    ; counter[21] ; counter[20]      ; clk        ; clk      ; None                        ; None                      ; 3.356 ns                ;
; N/A                                     ; 280.35 MHz ( period = 3.567 ns )                    ; counter[2]  ; counter[21]      ; clk        ; clk      ; None                        ; None                      ; 3.356 ns                ;
; N/A                                     ; 280.35 MHz ( period = 3.567 ns )                    ; counter[21] ; counter[21]      ; clk        ; clk      ; None                        ; None                      ; 3.353 ns                ;
; N/A                                     ; 280.50 MHz ( period = 3.565 ns )                    ; counter[16] ; counter[22]      ; clk        ; clk      ; None                        ; None                      ; 3.351 ns                ;
; N/A                                     ; 280.66 MHz ( period = 3.563 ns )                    ; counter[16] ; counter[23]      ; clk        ; clk      ; None                        ; None                      ; 3.349 ns                ;
; N/A                                     ; 280.66 MHz ( period = 3.563 ns )                    ; counter[16] ; counter[25]      ; clk        ; clk      ; None                        ; None                      ; 3.349 ns                ;
; N/A                                     ; 280.98 MHz ( period = 3.559 ns )                    ; counter[14] ; counter[20]      ; clk        ; clk      ; None                        ; None                      ; 3.345 ns                ;
; N/A                                     ; 281.21 MHz ( period = 3.556 ns )                    ; counter[14] ; counter[21]      ; clk        ; clk      ; None                        ; None                      ; 3.342 ns                ;
; N/A                                     ; 282.17 MHz ( period = 3.544 ns )                    ; counter[4]  ; counter[22]      ; clk        ; clk      ; None                        ; None                      ; 3.332 ns                ;
; N/A                                     ; 282.97 MHz ( period = 3.534 ns )                    ; counter[13] ; counter[22]      ; clk        ; clk      ; None                        ; None                      ; 3.319 ns                ;
; N/A                                     ; 283.13 MHz ( period = 3.532 ns )                    ; counter[13] ; counter[23]      ; clk        ; clk      ; None                        ; None                      ; 3.317 ns                ;
; N/A                                     ; 283.13 MHz ( period = 3.532 ns )                    ; counter[13] ; counter[25]      ; clk        ; clk      ; None                        ; None                      ; 3.317 ns                ;
; N/A                                     ; 283.53 MHz ( period = 3.527 ns )                    ; counter[7]  ; counter[21]      ; clk        ; clk      ; None                        ; None                      ; 3.313 ns                ;
; N/A                                     ; 284.01 MHz ( period = 3.521 ns )                    ; counter[12] ; counter[20]      ; clk        ; clk      ; None                        ; None                      ; 3.307 ns                ;
; N/A                                     ; 284.01 MHz ( period = 3.521 ns )                    ; counter[2]  ; counter[17]      ; clk        ; clk      ; None                        ; None                      ; 3.310 ns                ;
; N/A                                     ; 284.25 MHz ( period = 3.518 ns )                    ; counter[12] ; counter[21]      ; clk        ; clk      ; None                        ; None                      ; 3.304 ns                ;
; N/A                                     ; 284.58 MHz ( period = 3.514 ns )                    ; counter[15] ; counter[7]       ; clk        ; clk      ; None                        ; None                      ; 3.300 ns                ;
; N/A                                     ; 284.58 MHz ( period = 3.514 ns )                    ; counter[15] ; counter[19]      ; clk        ; clk      ; None                        ; None                      ; 3.300 ns                ;
; N/A                                     ; 284.66 MHz ( period = 3.513 ns )                    ; counter[15] ; counter[12]      ; clk        ; clk      ; None                        ; None                      ; 3.299 ns                ;
; N/A                                     ; 284.74 MHz ( period = 3.512 ns )                    ; counter[15] ; counter[15]      ; clk        ; clk      ; None                        ; None                      ; 3.298 ns                ;
; N/A                                     ; 285.23 MHz ( period = 3.506 ns )                    ; counter[15] ; counter[14]      ; clk        ; clk      ; None                        ; None                      ; 3.292 ns                ;
; N/A                                     ; 285.31 MHz ( period = 3.505 ns )                    ; counter[15] ; counter[13]      ; clk        ; clk      ; None                        ; None                      ; 3.291 ns                ;
; N/A                                     ; 285.39 MHz ( period = 3.504 ns )                    ; counter[15] ; one_second_pulse ; clk        ; clk      ; None                        ; None                      ; 3.290 ns                ;
; N/A                                     ; 285.47 MHz ( period = 3.503 ns )                    ; counter[15] ; counter[17]      ; clk        ; clk      ; None                        ; None                      ; 3.289 ns                ;
; N/A                                     ; 286.12 MHz ( period = 3.495 ns )                    ; counter[21] ; counter[7]       ; clk        ; clk      ; None                        ; None                      ; 3.281 ns                ;
; N/A                                     ; 286.12 MHz ( period = 3.495 ns )                    ; counter[3]  ; counter[21]      ; clk        ; clk      ; None                        ; None                      ; 3.284 ns                ;
; N/A                                     ; 286.12 MHz ( period = 3.495 ns )                    ; counter[21] ; counter[19]      ; clk        ; clk      ; None                        ; None                      ; 3.281 ns                ;
; N/A                                     ; 286.20 MHz ( period = 3.494 ns )                    ; counter[21] ; counter[12]      ; clk        ; clk      ; None                        ; None                      ; 3.280 ns                ;
; N/A                                     ; 286.29 MHz ( period = 3.493 ns )                    ; counter[21] ; counter[15]      ; clk        ; clk      ; None                        ; None                      ; 3.279 ns                ;
; N/A                                     ; 286.78 MHz ( period = 3.487 ns )                    ; counter[21] ; counter[14]      ; clk        ; clk      ; None                        ; None                      ; 3.273 ns                ;
; N/A                                     ; 286.86 MHz ( period = 3.486 ns )                    ; counter[5]  ; counter[25]      ; clk        ; clk      ; None                        ; None                      ; 3.274 ns                ;
; N/A                                     ; 286.86 MHz ( period = 3.486 ns )                    ; counter[21] ; counter[13]      ; clk        ; clk      ; None                        ; None                      ; 3.272 ns                ;
; N/A                                     ; 286.94 MHz ( period = 3.485 ns )                    ; counter[21] ; one_second_pulse ; clk        ; clk      ; None                        ; None                      ; 3.271 ns                ;
; N/A                                     ; 287.03 MHz ( period = 3.484 ns )                    ; counter[14] ; counter[7]       ; clk        ; clk      ; None                        ; None                      ; 3.270 ns                ;
; N/A                                     ; 287.03 MHz ( period = 3.484 ns )                    ; counter[14] ; counter[19]      ; clk        ; clk      ; None                        ; None                      ; 3.270 ns                ;
; N/A                                     ; 287.03 MHz ( period = 3.484 ns )                    ; counter[21] ; counter[17]      ; clk        ; clk      ; None                        ; None                      ; 3.270 ns                ;
; N/A                                     ; 287.11 MHz ( period = 3.483 ns )                    ; counter[14] ; counter[12]      ; clk        ; clk      ; None                        ; None                      ; 3.269 ns                ;
; N/A                                     ; 287.19 MHz ( period = 3.482 ns )                    ; counter[14] ; counter[15]      ; clk        ; clk      ; None                        ; None                      ; 3.268 ns                ;
; N/A                                     ; 287.27 MHz ( period = 3.481 ns )                    ; counter[7]  ; counter[17]      ; clk        ; clk      ; None                        ; None                      ; 3.267 ns                ;
; N/A                                     ; 287.69 MHz ( period = 3.476 ns )                    ; counter[14] ; counter[14]      ; clk        ; clk      ; None                        ; None                      ; 3.262 ns                ;
; N/A                                     ; 287.77 MHz ( period = 3.475 ns )                    ; counter[14] ; counter[13]      ; clk        ; clk      ; None                        ; None                      ; 3.261 ns                ;
; N/A                                     ; 287.85 MHz ( period = 3.474 ns )                    ; counter[14] ; one_second_pulse ; clk        ; clk      ; None                        ; None                      ; 3.260 ns                ;
; N/A                                     ; 287.94 MHz ( period = 3.473 ns )                    ; counter[4]  ; counter[23]      ; clk        ; clk      ; None                        ; None                      ; 3.261 ns                ;
; N/A                                     ; 287.94 MHz ( period = 3.473 ns )                    ; counter[14] ; counter[17]      ; clk        ; clk      ; None                        ; None                      ; 3.259 ns                ;
; N/A                                     ; 288.35 MHz ( period = 3.468 ns )                    ; counter[4]  ; counter[19]      ; clk        ; clk      ; None                        ; None                      ; 3.257 ns                ;
; N/A                                     ; 288.77 MHz ( period = 3.463 ns )                    ; counter[12] ; counter[25]      ; clk        ; clk      ; None                        ; None                      ; 3.248 ns                ;
; N/A                                     ; 288.93 MHz ( period = 3.461 ns )                    ; counter[15] ; counter[22]      ; clk        ; clk      ; None                        ; None                      ; 3.246 ns                ;
; N/A                                     ; 289.10 MHz ( period = 3.459 ns )                    ; counter[15] ; counter[23]      ; clk        ; clk      ; None                        ; None                      ; 3.244 ns                ;
; Timing analysis restricted to 200 rows. ; To change the limit use Settings (Assignments menu) ;             ;                  ;            ;          ;                             ;                           ;                         ;
+-----------------------------------------+-----------------------------------------------------+-------------+------------------+------------+----------+-----------------------------+---------------------------+-------------------------+


+-------------------------------------------------------------------------+
; tco                                                                     ;
+-------+--------------+------------+------------------+-----+------------+
; Slack ; Required tco ; Actual tco ; From             ; To  ; From Clock ;
+-------+--------------+------------+------------------+-----+------------+
; N/A   ; None         ; 7.256 ns   ; one_second_pulse ; led ; clk        ;
+-------+--------------+------------+------------------+-----+------------+


+--------------------------+
; Timing Analyzer Messages ;
+--------------------------+
Info: *******************************************************************
Info: Running Quartus II Classic Timing Analyzer
    Info: Version 9.1 Build 350 03/24/2010 Service Pack 2 SJ Web Edition
    Info: Processing started: Thu Sep 14 08:48:33 2023
Info: Command: quartus_tan --read_settings_files=off --write_settings_files=off div9 -c div9 --timing_analysis_only
Warning: Found pins functioning as undefined clocks and/or memory enables
    Info: Assuming node "clk" is an undefined clock
Info: Clock "clk" has Internal fmax of 241.6 MHz between source register "counter[11]" and destination register "counter[20]" (period= 4.139 ns)
    Info: + Longest register to register delay is 3.928 ns
        Info: 1: + IC(0.000 ns) + CELL(0.000 ns) = 0.000 ns; Loc. = LCFF_X50_Y3_N29; Fanout = 3; REG Node = 'counter[11]'
        Info: 2: + IC(0.812 ns) + CELL(0.398 ns) = 1.210 ns; Loc. = LCCOMB_X51_Y2_N30; Fanout = 1; COMB Node = 'Equal0~0'
        Info: 3: + IC(0.948 ns) + CELL(0.275 ns) = 2.433 ns; Loc. = LCCOMB_X50_Y3_N2; Fanout = 1; COMB Node = 'Equal0~4'
        Info: 4: + IC(0.246 ns) + CELL(0.150 ns) = 2.829 ns; Loc. = LCCOMB_X50_Y3_N4; Fanout = 13; COMB Node = 'Equal0~8'
        Info: 5: + IC(0.740 ns) + CELL(0.275 ns) = 3.844 ns; Loc. = LCCOMB_X51_Y2_N24; Fanout = 1; COMB Node = 'counter~7'
        Info: 6: + IC(0.000 ns) + CELL(0.084 ns) = 3.928 ns; Loc. = LCFF_X51_Y2_N25; Fanout = 3; REG Node = 'counter[20]'
        Info: Total cell delay = 1.182 ns ( 30.09 % )
        Info: Total interconnect delay = 2.746 ns ( 69.91 % )
    Info: - Smallest clock skew is 0.003 ns
        Info: + Shortest clock path from clock "clk" to destination register is 2.686 ns
            Info: 1: + IC(0.000 ns) + CELL(0.999 ns) = 0.999 ns; Loc. = PIN_N2; Fanout = 1; CLK Node = 'clk'
            Info: 2: + IC(0.118 ns) + CELL(0.000 ns) = 1.117 ns; Loc. = CLKCTRL_G2; Fanout = 27; COMB Node = 'clk~clkctrl'
            Info: 3: + IC(1.032 ns) + CELL(0.537 ns) = 2.686 ns; Loc. = LCFF_X51_Y2_N25; Fanout = 3; REG Node = 'counter[20]'
            Info: Total cell delay = 1.536 ns ( 57.19 % )
            Info: Total interconnect delay = 1.150 ns ( 42.81 % )
        Info: - Longest clock path from clock "clk" to source register is 2.683 ns
            Info: 1: + IC(0.000 ns) + CELL(0.999 ns) = 0.999 ns; Loc. = PIN_N2; Fanout = 1; CLK Node = 'clk'
            Info: 2: + IC(0.118 ns) + CELL(0.000 ns) = 1.117 ns; Loc. = CLKCTRL_G2; Fanout = 27; COMB Node = 'clk~clkctrl'
            Info: 3: + IC(1.029 ns) + CELL(0.537 ns) = 2.683 ns; Loc. = LCFF_X50_Y3_N29; Fanout = 3; REG Node = 'counter[11]'
            Info: Total cell delay = 1.536 ns ( 57.25 % )
            Info: Total interconnect delay = 1.147 ns ( 42.75 % )
    Info: + Micro clock to output delay of source is 0.250 ns
    Info: + Micro setup delay of destination is -0.036 ns
Info: tco from clock "clk" to destination pin "led" through register "one_second_pulse" is 7.256 ns
    Info: + Longest clock path from clock "clk" to source register is 2.686 ns
        Info: 1: + IC(0.000 ns) + CELL(0.999 ns) = 0.999 ns; Loc. = PIN_N2; Fanout = 1; CLK Node = 'clk'
        Info: 2: + IC(0.118 ns) + CELL(0.000 ns) = 1.117 ns; Loc. = CLKCTRL_G2; Fanout = 27; COMB Node = 'clk~clkctrl'
        Info: 3: + IC(1.032 ns) + CELL(0.537 ns) = 2.686 ns; Loc. = LCFF_X51_Y2_N17; Fanout = 2; REG Node = 'one_second_pulse'
        Info: Total cell delay = 1.536 ns ( 57.19 % )
        Info: Total interconnect delay = 1.150 ns ( 42.81 % )
    Info: + Micro clock to output delay of source is 0.250 ns
    Info: + Longest register to pin delay is 4.320 ns
        Info: 1: + IC(0.000 ns) + CELL(0.000 ns) = 0.000 ns; Loc. = LCFF_X51_Y2_N17; Fanout = 2; REG Node = 'one_second_pulse'
        Info: 2: + IC(1.502 ns) + CELL(2.818 ns) = 4.320 ns; Loc. = PIN_AE23; Fanout = 0; PIN Node = 'led'
        Info: Total cell delay = 2.818 ns ( 65.23 % )
        Info: Total interconnect delay = 1.502 ns ( 34.77 % )
Info: Quartus II Classic Timing Analyzer was successful. 0 errors, 1 warning
    Info: Peak virtual memory: 176 megabytes
    Info: Processing ended: Thu Sep 14 08:48:33 2023
    Info: Elapsed time: 00:00:00
    Info: Total CPU time (on all processors): 00:00:00


