Classic Timing Analyzer report for cmp_9
Thu Nov 09 11:35:30 2023
Quartus II 64-Bit Version 9.0 Build 132 02/25/2009 SJ Full Version


---------------------
; Table of Contents ;
---------------------
  1. Legal Notice
  2. Timing Analyzer Summary
  3. Timing Analyzer Settings
  4. Clock Settings Summary
  5. Parallel Compilation
  6. Clock Setup: 'clk_50M'
  7. tsu
  8. tco
  9. th
 10. Timing Analyzer Messages



----------------
; Legal Notice ;
----------------
Copyright (C) 1991-2009 Altera Corporation
Your use of Altera Corporation's design tools, logic functions 
and other software and tools, and its AMPP partner logic 
functions, and any output files from any of the foregoing 
(including device programming or simulation files), and any 
associated documentation or information are expressly subject 
to the terms and conditions of the Altera Program License 
Subscription Agreement, Altera MegaCore Function License 
Agreement, or other applicable license agreement, including, 
without limitation, that your use is for the sole purpose of 
programming logic devices manufactured by Altera and sold by 
Altera or its authorized distributors.  Please refer to the 
applicable agreement for further details.



+------------------------------------------------------------------------------------------------------------------------------------------------------------------------------------------------------+
; Timing Analyzer Summary                                                                                                                                                                              ;
+------------------------------+-------+---------------+----------------------------------+----------------------------------+----------------------------------+------------+----------+--------------+
; Type                         ; Slack ; Required Time ; Actual Time                      ; From                             ; To                               ; From Clock ; To Clock ; Failed Paths ;
+------------------------------+-------+---------------+----------------------------------+----------------------------------+----------------------------------+------------+----------+--------------+
; Worst-case tsu               ; N/A   ; None          ; -2.339 ns                        ; start_stop                       ; compas:inst4|data_valid_internal ; --         ; clk_50M  ; 0            ;
; Worst-case tco               ; N/A   ; None          ; 9.386 ns                         ; compas:inst4|data_valid_internal ; data_valid                       ; clk_50M    ; --       ; 0            ;
; Worst-case th                ; N/A   ; None          ; 2.784 ns                         ; continu                          ; compas:inst4|data_valid_internal ; --         ; clk_50M  ; 0            ;
; Clock Setup: 'clk_50M'       ; N/A   ; None          ; 253.36 MHz ( period = 3.947 ns ) ; div_fre_1Hz:inst2|counter[0]     ; div_fre_1Hz:inst2|counter[25]    ; clk_50M    ; clk_50M  ; 0            ;
; Total number of failed paths ;       ;               ;                                  ;                                  ;                                  ;            ;          ; 0            ;
+------------------------------+-------+---------------+----------------------------------+----------------------------------+----------------------------------+------------+----------+--------------+


+--------------------------------------------------------------------------------------------------------------------+
; Timing Analyzer Settings                                                                                           ;
+---------------------------------------------------------------------+--------------------+------+----+-------------+
; Option                                                              ; Setting            ; From ; To ; Entity Name ;
+---------------------------------------------------------------------+--------------------+------+----+-------------+
; Device Name                                                         ; EP2C35F672C6       ;      ;    ;             ;
; Timing Models                                                       ; Final              ;      ;    ;             ;
; Default hold multicycle                                             ; Same as Multicycle ;      ;    ;             ;
; Cut paths between unrelated clock domains                           ; On                 ;      ;    ;             ;
; Cut off read during write signal paths                              ; On                 ;      ;    ;             ;
; Cut off feedback from I/O pins                                      ; On                 ;      ;    ;             ;
; Report Combined Fast/Slow Timing                                    ; Off                ;      ;    ;             ;
; Ignore Clock Settings                                               ; Off                ;      ;    ;             ;
; Analyze latches as synchronous elements                             ; On                 ;      ;    ;             ;
; Enable Recovery/Removal analysis                                    ; Off                ;      ;    ;             ;
; Enable Clock Latency                                                ; Off                ;      ;    ;             ;
; Use TimeQuest Timing Analyzer                                       ; Off                ;      ;    ;             ;
; Minimum Core Junction Temperature                                   ; 0                  ;      ;    ;             ;
; Maximum Core Junction Temperature                                   ; 85                 ;      ;    ;             ;
; Number of source nodes to report per destination node               ; 10                 ;      ;    ;             ;
; Number of destination nodes to report                               ; 10                 ;      ;    ;             ;
; Number of paths to report                                           ; 200                ;      ;    ;             ;
; Report Minimum Timing Checks                                        ; Off                ;      ;    ;             ;
; Use Fast Timing Models                                              ; Off                ;      ;    ;             ;
; Report IO Paths Separately                                          ; Off                ;      ;    ;             ;
; Perform Multicorner Analysis                                        ; On                 ;      ;    ;             ;
; Reports the worst-case path for each clock domain and analysis      ; Off                ;      ;    ;             ;
; Removes common clock path pessimism (CCPP) during slack computation ; Off                ;      ;    ;             ;
; Output I/O Timing Endpoint                                          ; Near End           ;      ;    ;             ;
+---------------------------------------------------------------------+--------------------+------+----+-------------+


+------------------------------------------------------------------------------------------------------------------------------------------------------------------------------------+
; Clock Settings Summary                                                                                                                                                             ;
+-----------------+--------------------+----------+------------------+---------------+--------------+----------+-----------------------+---------------------+--------+--------------+
; Clock Node Name ; Clock Setting Name ; Type     ; Fmax Requirement ; Early Latency ; Late Latency ; Based on ; Multiply Base Fmax by ; Divide Base Fmax by ; Offset ; Phase offset ;
+-----------------+--------------------+----------+------------------+---------------+--------------+----------+-----------------------+---------------------+--------+--------------+
; clk_50M         ;                    ; User Pin ; None             ; 0.000 ns      ; 0.000 ns     ; --       ; N/A                   ; N/A                 ; N/A    ;              ;
+-----------------+--------------------+----------+------------------+---------------+--------------+----------+-----------------------+---------------------+--------+--------------+


+------------------------------------------+
; Parallel Compilation                     ;
+----------------------------+-------------+
; Processors                 ; Number      ;
+----------------------------+-------------+
; Number detected on machine ; 6           ;
; Maximum allowed            ; 4           ;
;                            ;             ;
; Average used               ; 1.00        ;
; Maximum used               ; 1           ;
;                            ;             ;
; Usage by Processor         ; % Time Used ;
;     1 processor            ; 100.0%      ;
;     2-6 processors         ;   0.0%      ;
+----------------------------+-------------+


+---------------------------------------------------------------------------------------------------------------------------------------------------------------------------------------------------------------------------------------------------------------------------+
; Clock Setup: 'clk_50M'                                                                                                                                                                                                                                                    ;
+-----------------------------------------+-----------------------------------------------------+-------------------------------+-------------------------------+------------+----------+-----------------------------+---------------------------+-------------------------+
; Slack                                   ; Actual fmax (period)                                ; From                          ; To                            ; From Clock ; To Clock ; Required Setup Relationship ; Required Longest P2P Time ; Actual Longest P2P Time ;
+-----------------------------------------+-----------------------------------------------------+-------------------------------+-------------------------------+------------+----------+-----------------------------+---------------------------+-------------------------+
; N/A                                     ; 253.36 MHz ( period = 3.947 ns )                    ; div_fre_1Hz:inst2|counter[0]  ; div_fre_1Hz:inst2|counter[25] ; clk_50M    ; clk_50M  ; None                        ; None                      ; 3.730 ns                ;
; N/A                                     ; 260.89 MHz ( period = 3.833 ns )                    ; div_fre_1Hz:inst2|counter[1]  ; div_fre_1Hz:inst2|counter[25] ; clk_50M    ; clk_50M  ; None                        ; None                      ; 3.616 ns                ;
; N/A                                     ; 262.81 MHz ( period = 3.805 ns )                    ; div_fre_1Hz:inst2|counter[0]  ; div_fre_1Hz:inst2|counter[23] ; clk_50M    ; clk_50M  ; None                        ; None                      ; 3.588 ns                ;
; N/A                                     ; 263.02 MHz ( period = 3.802 ns )                    ; div_fre_1Hz:inst2|counter[2]  ; div_fre_1Hz:inst2|counter[25] ; clk_50M    ; clk_50M  ; None                        ; None                      ; 3.585 ns                ;
; N/A                                     ; 268.10 MHz ( period = 3.730 ns )                    ; div_fre_1Hz:inst2|counter[3]  ; div_fre_1Hz:inst2|counter[25] ; clk_50M    ; clk_50M  ; None                        ; None                      ; 3.513 ns                ;
; N/A                                     ; 269.76 MHz ( period = 3.707 ns )                    ; div_fre_1Hz:inst2|counter[0]  ; div_fre_1Hz:inst2|counter[21] ; clk_50M    ; clk_50M  ; None                        ; None                      ; 3.490 ns                ;
; N/A                                     ; 270.93 MHz ( period = 3.691 ns )                    ; div_fre_1Hz:inst2|counter[1]  ; div_fre_1Hz:inst2|counter[23] ; clk_50M    ; clk_50M  ; None                        ; None                      ; 3.474 ns                ;
; N/A                                     ; 273.22 MHz ( period = 3.660 ns )                    ; div_fre_1Hz:inst2|counter[2]  ; div_fre_1Hz:inst2|counter[23] ; clk_50M    ; clk_50M  ; None                        ; None                      ; 3.443 ns                ;
; N/A                                     ; 276.24 MHz ( period = 3.620 ns )                    ; div_fre_1Hz:inst2|counter[4]  ; div_fre_1Hz:inst2|counter[25] ; clk_50M    ; clk_50M  ; None                        ; None                      ; 3.403 ns                ;
; N/A                                     ; 277.78 MHz ( period = 3.600 ns )                    ; div_fre_1Hz:inst2|counter[0]  ; div_fre_1Hz:inst2|counter[22] ; clk_50M    ; clk_50M  ; None                        ; None                      ; 3.383 ns                ;
; N/A                                     ; 278.32 MHz ( period = 3.593 ns )                    ; div_fre_1Hz:inst2|counter[1]  ; div_fre_1Hz:inst2|counter[21] ; clk_50M    ; clk_50M  ; None                        ; None                      ; 3.376 ns                ;
; N/A                                     ; 278.71 MHz ( period = 3.588 ns )                    ; div_fre_1Hz:inst2|counter[3]  ; div_fre_1Hz:inst2|counter[23] ; clk_50M    ; clk_50M  ; None                        ; None                      ; 3.371 ns                ;
; N/A                                     ; 280.74 MHz ( period = 3.562 ns )                    ; div_fre_1Hz:inst2|counter[2]  ; div_fre_1Hz:inst2|counter[21] ; clk_50M    ; clk_50M  ; None                        ; None                      ; 3.345 ns                ;
; N/A                                     ; 284.58 MHz ( period = 3.514 ns )                    ; div_fre_1Hz:inst2|counter[0]  ; div_fre_1Hz:inst2|counter[20] ; clk_50M    ; clk_50M  ; None                        ; None                      ; 3.297 ns                ;
; N/A                                     ; 285.88 MHz ( period = 3.498 ns )                    ; div_fre_1Hz:inst2|counter[5]  ; div_fre_1Hz:inst2|counter[25] ; clk_50M    ; clk_50M  ; None                        ; None                      ; 3.281 ns                ;
; N/A                                     ; 286.53 MHz ( period = 3.490 ns )                    ; div_fre_1Hz:inst2|counter[3]  ; div_fre_1Hz:inst2|counter[21] ; clk_50M    ; clk_50M  ; None                        ; None                      ; 3.273 ns                ;
; N/A                                     ; 286.86 MHz ( period = 3.486 ns )                    ; div_fre_1Hz:inst2|counter[1]  ; div_fre_1Hz:inst2|counter[22] ; clk_50M    ; clk_50M  ; None                        ; None                      ; 3.269 ns                ;
; N/A                                     ; 286.94 MHz ( period = 3.485 ns )                    ; div_fre_1Hz:inst2|counter[0]  ; div_fre_1Hz:inst2|counter[19] ; clk_50M    ; clk_50M  ; None                        ; None                      ; 3.268 ns                ;
; N/A                                     ; 287.52 MHz ( period = 3.478 ns )                    ; div_fre_1Hz:inst2|counter[4]  ; div_fre_1Hz:inst2|counter[23] ; clk_50M    ; clk_50M  ; None                        ; None                      ; 3.261 ns                ;
; N/A                                     ; 288.77 MHz ( period = 3.463 ns )                    ; div_fre_1Hz:inst2|counter[12] ; div_fre_1Hz:inst2|counter[25] ; clk_50M    ; clk_50M  ; None                        ; None                      ; 3.249 ns                ;
; N/A                                     ; 289.44 MHz ( period = 3.455 ns )                    ; div_fre_1Hz:inst2|counter[2]  ; div_fre_1Hz:inst2|counter[22] ; clk_50M    ; clk_50M  ; None                        ; None                      ; 3.238 ns                ;
; N/A                                     ; 292.48 MHz ( period = 3.419 ns )                    ; div_fre_1Hz:inst2|counter[0]  ; div_fre_1Hz:inst2|counter[12] ; clk_50M    ; clk_50M  ; None                        ; None                      ; 3.202 ns                ;
; N/A                                     ; 294.12 MHz ( period = 3.400 ns )                    ; div_fre_1Hz:inst2|counter[1]  ; div_fre_1Hz:inst2|counter[20] ; clk_50M    ; clk_50M  ; None                        ; None                      ; 3.183 ns                ;
; N/A                                     ; 295.07 MHz ( period = 3.389 ns )                    ; div_fre_1Hz:inst2|counter[6]  ; div_fre_1Hz:inst2|counter[25] ; clk_50M    ; clk_50M  ; None                        ; None                      ; 3.172 ns                ;
; N/A                                     ; 295.60 MHz ( period = 3.383 ns )                    ; div_fre_1Hz:inst2|counter[3]  ; div_fre_1Hz:inst2|counter[22] ; clk_50M    ; clk_50M  ; None                        ; None                      ; 3.166 ns                ;
; N/A                                     ; 295.86 MHz ( period = 3.380 ns )                    ; div_fre_1Hz:inst2|counter[4]  ; div_fre_1Hz:inst2|counter[21] ; clk_50M    ; clk_50M  ; None                        ; None                      ; 3.163 ns                ;
; N/A                                     ; 296.65 MHz ( period = 3.371 ns )                    ; div_fre_1Hz:inst2|counter[1]  ; div_fre_1Hz:inst2|counter[19] ; clk_50M    ; clk_50M  ; None                        ; None                      ; 3.154 ns                ;
; N/A                                     ; 296.82 MHz ( period = 3.369 ns )                    ; div_fre_1Hz:inst2|counter[2]  ; div_fre_1Hz:inst2|counter[20] ; clk_50M    ; clk_50M  ; None                        ; None                      ; 3.152 ns                ;
; N/A                                     ; 297.97 MHz ( period = 3.356 ns )                    ; div_fre_1Hz:inst2|counter[5]  ; div_fre_1Hz:inst2|counter[23] ; clk_50M    ; clk_50M  ; None                        ; None                      ; 3.139 ns                ;
; N/A                                     ; 298.51 MHz ( period = 3.350 ns )                    ; div_fre_1Hz:inst2|counter[0]  ; div_fre_1Hz:inst2|counter[17] ; clk_50M    ; clk_50M  ; None                        ; None                      ; 3.133 ns                ;
; N/A                                     ; 298.60 MHz ( period = 3.349 ns )                    ; div_fre_1Hz:inst2|counter[0]  ; div_fre_1Hz:inst2|counter[24] ; clk_50M    ; clk_50M  ; None                        ; None                      ; 3.132 ns                ;
; N/A                                     ; 299.40 MHz ( period = 3.340 ns )                    ; div_fre_1Hz:inst2|counter[2]  ; div_fre_1Hz:inst2|counter[19] ; clk_50M    ; clk_50M  ; None                        ; None                      ; 3.123 ns                ;
; N/A                                     ; 300.30 MHz ( period = 3.330 ns )                    ; div_fre_1Hz:inst2|counter[0]  ; div_fre_1Hz:inst2|counter[15] ; clk_50M    ; clk_50M  ; None                        ; None                      ; 3.113 ns                ;
; N/A                                     ; 301.11 MHz ( period = 3.321 ns )                    ; div_fre_1Hz:inst2|counter[12] ; div_fre_1Hz:inst2|counter[23] ; clk_50M    ; clk_50M  ; None                        ; None                      ; 3.107 ns                ;
; N/A                                     ; 301.66 MHz ( period = 3.315 ns )                    ; div_fre_1Hz:inst2|counter[7]  ; div_fre_1Hz:inst2|counter[25] ; clk_50M    ; clk_50M  ; None                        ; None                      ; 3.098 ns                ;
; N/A                                     ; 302.57 MHz ( period = 3.305 ns )                    ; div_fre_1Hz:inst2|counter[1]  ; div_fre_1Hz:inst2|counter[12] ; clk_50M    ; clk_50M  ; None                        ; None                      ; 3.088 ns                ;
; N/A                                     ; 303.31 MHz ( period = 3.297 ns )                    ; div_fre_1Hz:inst2|counter[3]  ; div_fre_1Hz:inst2|counter[20] ; clk_50M    ; clk_50M  ; None                        ; None                      ; 3.080 ns                ;
; N/A                                     ; 305.06 MHz ( period = 3.278 ns )                    ; div_fre_1Hz:inst2|counter[6]  ; div_fre_1Hz:inst2|counter[23] ; clk_50M    ; clk_50M  ; None                        ; None                      ; 3.061 ns                ;
; N/A                                     ; 305.44 MHz ( period = 3.274 ns )                    ; div_fre_1Hz:inst2|counter[2]  ; div_fre_1Hz:inst2|counter[12] ; clk_50M    ; clk_50M  ; None                        ; None                      ; 3.057 ns                ;
; N/A                                     ; 305.53 MHz ( period = 3.273 ns )                    ; div_fre_1Hz:inst2|counter[4]  ; div_fre_1Hz:inst2|counter[22] ; clk_50M    ; clk_50M  ; None                        ; None                      ; 3.056 ns                ;
; N/A                                     ; 306.00 MHz ( period = 3.268 ns )                    ; div_fre_1Hz:inst2|counter[3]  ; div_fre_1Hz:inst2|counter[19] ; clk_50M    ; clk_50M  ; None                        ; None                      ; 3.051 ns                ;
; N/A                                     ; 306.94 MHz ( period = 3.258 ns )                    ; div_fre_1Hz:inst2|counter[5]  ; div_fre_1Hz:inst2|counter[21] ; clk_50M    ; clk_50M  ; None                        ; None                      ; 3.041 ns                ;
; N/A                                     ; 307.98 MHz ( period = 3.247 ns )                    ; div_fre_1Hz:inst2|counter[6]  ; div_fre_1Hz:inst2|counter[22] ; clk_50M    ; clk_50M  ; None                        ; None                      ; 3.030 ns                ;
; N/A                                     ; 308.36 MHz ( period = 3.243 ns )                    ; div_fre_1Hz:inst2|counter[8]  ; div_fre_1Hz:inst2|counter[25] ; clk_50M    ; clk_50M  ; None                        ; None                      ; 3.026 ns                ;
; N/A                                     ; 309.02 MHz ( period = 3.236 ns )                    ; div_fre_1Hz:inst2|counter[1]  ; div_fre_1Hz:inst2|counter[17] ; clk_50M    ; clk_50M  ; None                        ; None                      ; 3.019 ns                ;
; N/A                                     ; 309.12 MHz ( period = 3.235 ns )                    ; div_fre_1Hz:inst2|counter[1]  ; div_fre_1Hz:inst2|counter[24] ; clk_50M    ; clk_50M  ; None                        ; None                      ; 3.018 ns                ;
; N/A                                     ; 310.27 MHz ( period = 3.223 ns )                    ; div_fre_1Hz:inst2|counter[12] ; div_fre_1Hz:inst2|counter[21] ; clk_50M    ; clk_50M  ; None                        ; None                      ; 3.009 ns                ;
; N/A                                     ; 310.95 MHz ( period = 3.216 ns )                    ; div_fre_1Hz:inst2|counter[1]  ; div_fre_1Hz:inst2|counter[15] ; clk_50M    ; clk_50M  ; None                        ; None                      ; 2.999 ns                ;
; N/A                                     ; 311.04 MHz ( period = 3.215 ns )                    ; div_fre_1Hz:inst2|counter[9]  ; div_fre_1Hz:inst2|counter[25] ; clk_50M    ; clk_50M  ; None                        ; None                      ; 2.998 ns                ;
; N/A                                     ; 312.01 MHz ( period = 3.205 ns )                    ; div_fre_1Hz:inst2|counter[2]  ; div_fre_1Hz:inst2|counter[17] ; clk_50M    ; clk_50M  ; None                        ; None                      ; 2.988 ns                ;
; N/A                                     ; 312.11 MHz ( period = 3.204 ns )                    ; div_fre_1Hz:inst2|counter[2]  ; div_fre_1Hz:inst2|counter[24] ; clk_50M    ; clk_50M  ; None                        ; None                      ; 2.987 ns                ;
; N/A                                     ; 312.30 MHz ( period = 3.202 ns )                    ; div_fre_1Hz:inst2|counter[3]  ; div_fre_1Hz:inst2|counter[12] ; clk_50M    ; clk_50M  ; None                        ; None                      ; 2.985 ns                ;
; N/A                                     ; 312.89 MHz ( period = 3.196 ns )                    ; div_fre_1Hz:inst2|counter[6]  ; div_fre_1Hz:inst2|counter[7]  ; clk_50M    ; clk_50M  ; None                        ; None                      ; 2.982 ns                ;
; N/A                                     ; 313.58 MHz ( period = 3.189 ns )                    ; div_fre_1Hz:inst2|counter[0]  ; div_fre_1Hz:inst2|counter[13] ; clk_50M    ; clk_50M  ; None                        ; None                      ; 2.972 ns                ;
; N/A                                     ; 313.77 MHz ( period = 3.187 ns )                    ; div_fre_1Hz:inst2|counter[4]  ; div_fre_1Hz:inst2|counter[20] ; clk_50M    ; clk_50M  ; None                        ; None                      ; 2.970 ns                ;
; N/A                                     ; 313.97 MHz ( period = 3.185 ns )                    ; div_fre_1Hz:inst2|counter[2]  ; div_fre_1Hz:inst2|counter[15] ; clk_50M    ; clk_50M  ; None                        ; None                      ; 2.968 ns                ;
; N/A                                     ; 315.16 MHz ( period = 3.173 ns )                    ; div_fre_1Hz:inst2|counter[7]  ; div_fre_1Hz:inst2|counter[23] ; clk_50M    ; clk_50M  ; None                        ; None                      ; 2.956 ns                ;
; N/A                                     ; 316.66 MHz ( period = 3.158 ns )                    ; div_fre_1Hz:inst2|counter[4]  ; div_fre_1Hz:inst2|counter[19] ; clk_50M    ; clk_50M  ; None                        ; None                      ; 2.941 ns                ;
; N/A                                     ; 317.36 MHz ( period = 3.151 ns )                    ; div_fre_1Hz:inst2|counter[5]  ; div_fre_1Hz:inst2|counter[22] ; clk_50M    ; clk_50M  ; None                        ; None                      ; 2.934 ns                ;
; N/A                                     ; 317.56 MHz ( period = 3.149 ns )                    ; div_fre_1Hz:inst2|counter[6]  ; div_fre_1Hz:inst2|counter[21] ; clk_50M    ; clk_50M  ; None                        ; None                      ; 2.932 ns                ;
; N/A                                     ; 318.78 MHz ( period = 3.137 ns )                    ; div_fre_1Hz:inst2|counter[0]  ; div_fre_1Hz:inst2|counter[14] ; clk_50M    ; clk_50M  ; None                        ; None                      ; 2.920 ns                ;
; N/A                                     ; 319.18 MHz ( period = 3.133 ns )                    ; div_fre_1Hz:inst2|counter[3]  ; div_fre_1Hz:inst2|counter[17] ; clk_50M    ; clk_50M  ; None                        ; None                      ; 2.916 ns                ;
; N/A                                     ; 319.28 MHz ( period = 3.132 ns )                    ; div_fre_1Hz:inst2|counter[3]  ; div_fre_1Hz:inst2|counter[24] ; clk_50M    ; clk_50M  ; None                        ; None                      ; 2.915 ns                ;
; N/A                                     ; 320.92 MHz ( period = 3.116 ns )                    ; div_fre_1Hz:inst2|counter[12] ; div_fre_1Hz:inst2|counter[22] ; clk_50M    ; clk_50M  ; None                        ; None                      ; 2.902 ns                ;
; N/A                                     ; 321.23 MHz ( period = 3.113 ns )                    ; div_fre_1Hz:inst2|counter[3]  ; div_fre_1Hz:inst2|counter[15] ; clk_50M    ; clk_50M  ; None                        ; None                      ; 2.896 ns                ;
; N/A                                     ; 322.37 MHz ( period = 3.102 ns )                    ; div_fre_1Hz:inst2|counter[10] ; div_fre_1Hz:inst2|counter[25] ; clk_50M    ; clk_50M  ; None                        ; None                      ; 2.885 ns                ;
; N/A                                     ; 322.48 MHz ( period = 3.101 ns )                    ; div_fre_1Hz:inst2|counter[8]  ; div_fre_1Hz:inst2|counter[23] ; clk_50M    ; clk_50M  ; None                        ; None                      ; 2.884 ns                ;
; N/A                                     ; 322.79 MHz ( period = 3.098 ns )                    ; div_fre_1Hz:inst2|counter[6]  ; div_fre_1Hz:inst2|counter[17] ; clk_50M    ; clk_50M  ; None                        ; None                      ; 2.881 ns                ;
; N/A                                     ; 323.00 MHz ( period = 3.096 ns )                    ; div_fre_1Hz:inst2|counter[6]  ; div_fre_1Hz:inst2|counter[19] ; clk_50M    ; clk_50M  ; None                        ; None                      ; 2.879 ns                ;
; N/A                                     ; 323.21 MHz ( period = 3.094 ns )                    ; div_fre_1Hz:inst2|counter[6]  ; div_fre_1Hz:inst2|counter[20] ; clk_50M    ; clk_50M  ; None                        ; None                      ; 2.877 ns                ;
; N/A                                     ; 323.42 MHz ( period = 3.092 ns )                    ; div_fre_1Hz:inst2|counter[6]  ; div_fre_1Hz:inst2|counter[14] ; clk_50M    ; clk_50M  ; None                        ; None                      ; 2.875 ns                ;
; N/A                                     ; 323.42 MHz ( period = 3.092 ns )                    ; div_fre_1Hz:inst2|counter[4]  ; div_fre_1Hz:inst2|counter[12] ; clk_50M    ; clk_50M  ; None                        ; None                      ; 2.875 ns                ;
; N/A                                     ; 323.42 MHz ( period = 3.092 ns )                    ; div_fre_1Hz:inst2|counter[6]  ; div_fre_1Hz:inst2|counter[12] ; clk_50M    ; clk_50M  ; None                        ; None                      ; 2.875 ns                ;
; N/A                                     ; 325.20 MHz ( period = 3.075 ns )                    ; div_fre_1Hz:inst2|counter[7]  ; div_fre_1Hz:inst2|counter[21] ; clk_50M    ; clk_50M  ; None                        ; None                      ; 2.858 ns                ;
; N/A                                     ; 325.20 MHz ( period = 3.075 ns )                    ; div_fre_1Hz:inst2|counter[1]  ; div_fre_1Hz:inst2|counter[13] ; clk_50M    ; clk_50M  ; None                        ; None                      ; 2.858 ns                ;
; N/A                                     ; 325.41 MHz ( period = 3.073 ns )                    ; div_fre_1Hz:inst2|counter[9]  ; div_fre_1Hz:inst2|counter[23] ; clk_50M    ; clk_50M  ; None                        ; None                      ; 2.856 ns                ;
; N/A                                     ; 325.73 MHz ( period = 3.070 ns )                    ; div_fre_1Hz:inst2|counter[23] ; div_fre_1Hz:inst2|counter[7]  ; clk_50M    ; clk_50M  ; None                        ; None                      ; 2.859 ns                ;
; N/A                                     ; 326.26 MHz ( period = 3.065 ns )                    ; div_fre_1Hz:inst2|counter[5]  ; div_fre_1Hz:inst2|counter[20] ; clk_50M    ; clk_50M  ; None                        ; None                      ; 2.848 ns                ;
; N/A                                     ; 328.41 MHz ( period = 3.045 ns )                    ; div_fre_1Hz:inst2|counter[0]  ; div_fre_1Hz:inst2|counter[7]  ; clk_50M    ; clk_50M  ; None                        ; None                      ; 2.831 ns                ;
; N/A                                     ; 328.52 MHz ( period = 3.044 ns )                    ; div_fre_1Hz:inst2|counter[2]  ; div_fre_1Hz:inst2|counter[13] ; clk_50M    ; clk_50M  ; None                        ; None                      ; 2.827 ns                ;
; N/A                                     ; 329.38 MHz ( period = 3.036 ns )                    ; div_fre_1Hz:inst2|counter[5]  ; div_fre_1Hz:inst2|counter[19] ; clk_50M    ; clk_50M  ; None                        ; None                      ; 2.819 ns                ;
; N/A                                     ; 329.92 MHz ( period = 3.031 ns )                    ; div_fre_1Hz:inst2|counter[11] ; div_fre_1Hz:inst2|counter[25] ; clk_50M    ; clk_50M  ; None                        ; None                      ; 2.814 ns                ;
; N/A                                     ; 330.03 MHz ( period = 3.030 ns )                    ; div_fre_1Hz:inst2|counter[12] ; div_fre_1Hz:inst2|counter[20] ; clk_50M    ; clk_50M  ; None                        ; None                      ; 2.816 ns                ;
; N/A                                     ; 330.80 MHz ( period = 3.023 ns )                    ; div_fre_1Hz:inst2|counter[4]  ; div_fre_1Hz:inst2|counter[17] ; clk_50M    ; clk_50M  ; None                        ; None                      ; 2.806 ns                ;
; N/A                                     ; 330.80 MHz ( period = 3.023 ns )                    ; div_fre_1Hz:inst2|counter[1]  ; div_fre_1Hz:inst2|counter[14] ; clk_50M    ; clk_50M  ; None                        ; None                      ; 2.806 ns                ;
; N/A                                     ; 330.91 MHz ( period = 3.022 ns )                    ; div_fre_1Hz:inst2|counter[4]  ; div_fre_1Hz:inst2|counter[24] ; clk_50M    ; clk_50M  ; None                        ; None                      ; 2.805 ns                ;
; N/A                                     ; 333.00 MHz ( period = 3.003 ns )                    ; div_fre_1Hz:inst2|counter[8]  ; div_fre_1Hz:inst2|counter[21] ; clk_50M    ; clk_50M  ; None                        ; None                      ; 2.786 ns                ;
; N/A                                     ; 333.00 MHz ( period = 3.003 ns )                    ; div_fre_1Hz:inst2|counter[4]  ; div_fre_1Hz:inst2|counter[15] ; clk_50M    ; clk_50M  ; None                        ; None                      ; 2.786 ns                ;
; N/A                                     ; 333.22 MHz ( period = 3.001 ns )                    ; div_fre_1Hz:inst2|counter[12] ; div_fre_1Hz:inst2|counter[19] ; clk_50M    ; clk_50M  ; None                        ; None                      ; 2.787 ns                ;
; N/A                                     ; 333.56 MHz ( period = 2.998 ns )                    ; div_fre_1Hz:inst2|counter[13] ; div_fre_1Hz:inst2|counter[25] ; clk_50M    ; clk_50M  ; None                        ; None                      ; 2.784 ns                ;
; N/A                                     ; 334.22 MHz ( period = 2.992 ns )                    ; div_fre_1Hz:inst2|counter[2]  ; div_fre_1Hz:inst2|counter[14] ; clk_50M    ; clk_50M  ; None                        ; None                      ; 2.775 ns                ;
; N/A                                     ; 334.78 MHz ( period = 2.987 ns )                    ; div_fre_1Hz:inst2|counter[7]  ; div_fre_1Hz:inst2|counter[22] ; clk_50M    ; clk_50M  ; None                        ; None                      ; 2.770 ns                ;
; N/A                                     ; 336.13 MHz ( period = 2.975 ns )                    ; div_fre_1Hz:inst2|counter[9]  ; div_fre_1Hz:inst2|counter[21] ; clk_50M    ; clk_50M  ; None                        ; None                      ; 2.758 ns                ;
; N/A                                     ; 336.36 MHz ( period = 2.973 ns )                    ; div_fre_1Hz:inst2|counter[2]  ; div_fre_1Hz:inst2|counter[7]  ; clk_50M    ; clk_50M  ; None                        ; None                      ; 2.759 ns                ;
; N/A                                     ; 336.47 MHz ( period = 2.972 ns )                    ; div_fre_1Hz:inst2|counter[3]  ; div_fre_1Hz:inst2|counter[13] ; clk_50M    ; clk_50M  ; None                        ; None                      ; 2.755 ns                ;
; N/A                                     ; 336.70 MHz ( period = 2.970 ns )                    ; div_fre_1Hz:inst2|counter[5]  ; div_fre_1Hz:inst2|counter[12] ; clk_50M    ; clk_50M  ; None                        ; None                      ; 2.753 ns                ;
; N/A                                     ; 337.84 MHz ( period = 2.960 ns )                    ; div_fre_1Hz:inst2|counter[10] ; div_fre_1Hz:inst2|counter[23] ; clk_50M    ; clk_50M  ; None                        ; None                      ; 2.743 ns                ;
; N/A                                     ; 340.48 MHz ( period = 2.937 ns )                    ; div_fre_1Hz:inst2|counter[14] ; div_fre_1Hz:inst2|counter[25] ; clk_50M    ; clk_50M  ; None                        ; None                      ; 2.723 ns                ;
; N/A                                     ; 340.60 MHz ( period = 2.936 ns )                    ; div_fre_1Hz:inst2|counter[7]  ; div_fre_1Hz:inst2|counter[7]  ; clk_50M    ; clk_50M  ; None                        ; None                      ; 2.722 ns                ;
; N/A                                     ; 340.83 MHz ( period = 2.934 ns )                    ; div_fre_1Hz:inst2|counter[4]  ; div_fre_1Hz:inst2|counter[7]  ; clk_50M    ; clk_50M  ; None                        ; None                      ; 2.720 ns                ;
; N/A                                     ; 342.47 MHz ( period = 2.920 ns )                    ; div_fre_1Hz:inst2|counter[3]  ; div_fre_1Hz:inst2|counter[14] ; clk_50M    ; clk_50M  ; None                        ; None                      ; 2.703 ns                ;
; N/A                                     ; 344.23 MHz ( period = 2.905 ns )                    ; div_fre_1Hz:inst2|counter[9]  ; div_fre_1Hz:inst2|counter[22] ; clk_50M    ; clk_50M  ; None                        ; None                      ; 2.688 ns                ;
; N/A                                     ; 344.71 MHz ( period = 2.901 ns )                    ; div_fre_1Hz:inst2|counter[5]  ; div_fre_1Hz:inst2|counter[17] ; clk_50M    ; clk_50M  ; None                        ; None                      ; 2.684 ns                ;
; N/A                                     ; 344.83 MHz ( period = 2.900 ns )                    ; div_fre_1Hz:inst2|counter[5]  ; div_fre_1Hz:inst2|counter[24] ; clk_50M    ; clk_50M  ; None                        ; None                      ; 2.683 ns                ;
; N/A                                     ; 345.30 MHz ( period = 2.896 ns )                    ; div_fre_1Hz:inst2|counter[8]  ; div_fre_1Hz:inst2|counter[22] ; clk_50M    ; clk_50M  ; None                        ; None                      ; 2.679 ns                ;
; N/A                                     ; 346.14 MHz ( period = 2.889 ns )                    ; div_fre_1Hz:inst2|counter[11] ; div_fre_1Hz:inst2|counter[23] ; clk_50M    ; clk_50M  ; None                        ; None                      ; 2.672 ns                ;
; N/A                                     ; 346.98 MHz ( period = 2.882 ns )                    ; div_fre_1Hz:inst2|counter[7]  ; div_fre_1Hz:inst2|counter[20] ; clk_50M    ; clk_50M  ; None                        ; None                      ; 2.665 ns                ;
; N/A                                     ; 347.10 MHz ( period = 2.881 ns )                    ; div_fre_1Hz:inst2|counter[5]  ; div_fre_1Hz:inst2|counter[15] ; clk_50M    ; clk_50M  ; None                        ; None                      ; 2.664 ns                ;
; N/A                                     ; 348.55 MHz ( period = 2.869 ns )                    ; div_fre_1Hz:inst2|counter[21] ; div_fre_1Hz:inst2|counter[7]  ; clk_50M    ; clk_50M  ; None                        ; None                      ; 2.658 ns                ;
; N/A                                     ; 348.92 MHz ( period = 2.866 ns )                    ; div_fre_1Hz:inst2|counter[12] ; div_fre_1Hz:inst2|counter[17] ; clk_50M    ; clk_50M  ; None                        ; None                      ; 2.652 ns                ;
; N/A                                     ; 349.04 MHz ( period = 2.865 ns )                    ; div_fre_1Hz:inst2|counter[12] ; div_fre_1Hz:inst2|counter[24] ; clk_50M    ; clk_50M  ; None                        ; None                      ; 2.651 ns                ;
; N/A                                     ; 349.41 MHz ( period = 2.862 ns )                    ; div_fre_1Hz:inst2|counter[10] ; div_fre_1Hz:inst2|counter[21] ; clk_50M    ; clk_50M  ; None                        ; None                      ; 2.645 ns                ;
; N/A                                     ; 349.41 MHz ( period = 2.862 ns )                    ; div_fre_1Hz:inst2|counter[4]  ; div_fre_1Hz:inst2|counter[13] ; clk_50M    ; clk_50M  ; None                        ; None                      ; 2.645 ns                ;
; N/A                                     ; 349.90 MHz ( period = 2.858 ns )                    ; div_fre_1Hz:inst2|counter[6]  ; div_fre_1Hz:inst2|counter[15] ; clk_50M    ; clk_50M  ; None                        ; None                      ; 2.641 ns                ;
; N/A                                     ; 350.02 MHz ( period = 2.857 ns )                    ; div_fre_1Hz:inst2|counter[15] ; div_fre_1Hz:inst2|counter[25] ; clk_50M    ; clk_50M  ; None                        ; None                      ; 2.643 ns                ;
; N/A                                     ; 350.02 MHz ( period = 2.857 ns )                    ; div_fre_1Hz:inst2|counter[6]  ; div_fre_1Hz:inst2|counter[13] ; clk_50M    ; clk_50M  ; None                        ; None                      ; 2.640 ns                ;
; N/A                                     ; 350.14 MHz ( period = 2.856 ns )                    ; div_fre_1Hz:inst2|counter[13] ; div_fre_1Hz:inst2|counter[23] ; clk_50M    ; clk_50M  ; None                        ; None                      ; 2.642 ns                ;
; N/A                                     ; 350.39 MHz ( period = 2.854 ns )                    ; div_fre_1Hz:inst2|counter[9]  ; div_fre_1Hz:inst2|counter[7]  ; clk_50M    ; clk_50M  ; None                        ; None                      ; 2.640 ns                ;
; N/A                                     ; 350.51 MHz ( period = 2.853 ns )                    ; div_fre_1Hz:inst2|counter[7]  ; div_fre_1Hz:inst2|counter[19] ; clk_50M    ; clk_50M  ; None                        ; None                      ; 2.636 ns                ;
; N/A                                     ; 351.37 MHz ( period = 2.846 ns )                    ; div_fre_1Hz:inst2|counter[12] ; div_fre_1Hz:inst2|counter[15] ; clk_50M    ; clk_50M  ; None                        ; None                      ; 2.632 ns                ;
; N/A                                     ; 352.36 MHz ( period = 2.838 ns )                    ; div_fre_1Hz:inst2|counter[7]  ; div_fre_1Hz:inst2|counter[17] ; clk_50M    ; clk_50M  ; None                        ; None                      ; 2.621 ns                ;
; N/A                                     ; 352.73 MHz ( period = 2.835 ns )                    ; div_fre_1Hz:inst2|counter[0]  ; div_fre_1Hz:inst2|counter[18] ; clk_50M    ; clk_50M  ; None                        ; None                      ; 2.618 ns                ;
; N/A                                     ; 353.11 MHz ( period = 2.832 ns )                    ; div_fre_1Hz:inst2|counter[7]  ; div_fre_1Hz:inst2|counter[14] ; clk_50M    ; clk_50M  ; None                        ; None                      ; 2.615 ns                ;
; N/A                                     ; 353.11 MHz ( period = 2.832 ns )                    ; div_fre_1Hz:inst2|counter[7]  ; div_fre_1Hz:inst2|counter[12] ; clk_50M    ; clk_50M  ; None                        ; None                      ; 2.615 ns                ;
; N/A                                     ; 353.36 MHz ( period = 2.830 ns )                    ; div_fre_1Hz:inst2|counter[5]  ; div_fre_1Hz:inst2|counter[7]  ; clk_50M    ; clk_50M  ; None                        ; None                      ; 2.616 ns                ;
; N/A                                     ; 353.36 MHz ( period = 2.830 ns )                    ; div_fre_1Hz:inst2|counter[4]  ; div_fre_1Hz:inst2|counter[14] ; clk_50M    ; clk_50M  ; None                        ; None                      ; 2.613 ns                ;
; N/A                                     ; 355.87 MHz ( period = 2.810 ns )                    ; div_fre_1Hz:inst2|counter[8]  ; div_fre_1Hz:inst2|counter[20] ; clk_50M    ; clk_50M  ; None                        ; None                      ; 2.593 ns                ;
; N/A                                     ; 357.78 MHz ( period = 2.795 ns )                    ; div_fre_1Hz:inst2|counter[14] ; div_fre_1Hz:inst2|counter[23] ; clk_50M    ; clk_50M  ; None                        ; None                      ; 2.581 ns                ;
; N/A                                     ; 358.29 MHz ( period = 2.791 ns )                    ; div_fre_1Hz:inst2|counter[18] ; div_fre_1Hz:inst2|counter[7]  ; clk_50M    ; clk_50M  ; None                        ; None                      ; 2.580 ns                ;
; N/A                                     ; 358.29 MHz ( period = 2.791 ns )                    ; div_fre_1Hz:inst2|counter[6]  ; div_fre_1Hz:inst2|counter[24] ; clk_50M    ; clk_50M  ; None                        ; None                      ; 2.574 ns                ;
; N/A                                     ; 358.29 MHz ( period = 2.791 ns )                    ; div_fre_1Hz:inst2|counter[11] ; div_fre_1Hz:inst2|counter[21] ; clk_50M    ; clk_50M  ; None                        ; None                      ; 2.574 ns                ;
; N/A                                     ; 359.45 MHz ( period = 2.782 ns )                    ; div_fre_1Hz:inst2|counter[9]  ; div_fre_1Hz:inst2|counter[20] ; clk_50M    ; clk_50M  ; None                        ; None                      ; 2.565 ns                ;
; N/A                                     ; 359.58 MHz ( period = 2.781 ns )                    ; div_fre_1Hz:inst2|counter[8]  ; div_fre_1Hz:inst2|counter[19] ; clk_50M    ; clk_50M  ; None                        ; None                      ; 2.564 ns                ;
; N/A                                     ; 361.27 MHz ( period = 2.768 ns )                    ; div_fre_1Hz:inst2|counter[22] ; div_fre_1Hz:inst2|counter[7]  ; clk_50M    ; clk_50M  ; None                        ; None                      ; 2.557 ns                ;
; N/A                                     ; 361.79 MHz ( period = 2.764 ns )                    ; div_fre_1Hz:inst2|counter[11] ; div_fre_1Hz:inst2|counter[22] ; clk_50M    ; clk_50M  ; None                        ; None                      ; 2.547 ns                ;
; N/A                                     ; 362.58 MHz ( period = 2.758 ns )                    ; div_fre_1Hz:inst2|counter[13] ; div_fre_1Hz:inst2|counter[21] ; clk_50M    ; clk_50M  ; None                        ; None                      ; 2.544 ns                ;
; N/A                                     ; 362.84 MHz ( period = 2.756 ns )                    ; div_fre_1Hz:inst2|counter[9]  ; div_fre_1Hz:inst2|counter[17] ; clk_50M    ; clk_50M  ; None                        ; None                      ; 2.539 ns                ;
; N/A                                     ; 362.98 MHz ( period = 2.755 ns )                    ; div_fre_1Hz:inst2|counter[10] ; div_fre_1Hz:inst2|counter[22] ; clk_50M    ; clk_50M  ; None                        ; None                      ; 2.538 ns                ;
; N/A                                     ; 363.11 MHz ( period = 2.754 ns )                    ; div_fre_1Hz:inst2|counter[9]  ; div_fre_1Hz:inst2|counter[19] ; clk_50M    ; clk_50M  ; None                        ; None                      ; 2.537 ns                ;
; N/A                                     ; 363.64 MHz ( period = 2.750 ns )                    ; div_fre_1Hz:inst2|counter[9]  ; div_fre_1Hz:inst2|counter[14] ; clk_50M    ; clk_50M  ; None                        ; None                      ; 2.533 ns                ;
; N/A                                     ; 363.64 MHz ( period = 2.750 ns )                    ; div_fre_1Hz:inst2|counter[9]  ; div_fre_1Hz:inst2|counter[12] ; clk_50M    ; clk_50M  ; None                        ; None                      ; 2.533 ns                ;
; N/A                                     ; 364.96 MHz ( period = 2.740 ns )                    ; div_fre_1Hz:inst2|counter[5]  ; div_fre_1Hz:inst2|counter[13] ; clk_50M    ; clk_50M  ; None                        ; None                      ; 2.523 ns                ;
; N/A                                     ; 366.43 MHz ( period = 2.729 ns )                    ; div_fre_1Hz:inst2|counter[23] ; div_fre_1Hz:inst2|counter[25] ; clk_50M    ; clk_50M  ; None                        ; None                      ; 2.515 ns                ;
; N/A                                     ; 366.43 MHz ( period = 2.729 ns )                    ; div_fre_1Hz:inst2|counter[23] ; div_fre_1Hz:inst2|counter[23] ; clk_50M    ; clk_50M  ; None                        ; None                      ; 2.515 ns                ;
; N/A                                     ; 366.84 MHz ( period = 2.726 ns )                    ; div_fre_1Hz:inst2|counter[5]  ; div_fre_1Hz:inst2|counter[14] ; clk_50M    ; clk_50M  ; None                        ; None                      ; 2.509 ns                ;
; N/A                                     ; 367.51 MHz ( period = 2.721 ns )                    ; div_fre_1Hz:inst2|counter[1]  ; div_fre_1Hz:inst2|counter[18] ; clk_50M    ; clk_50M  ; None                        ; None                      ; 2.504 ns                ;
; N/A                                     ; 367.65 MHz ( period = 2.720 ns )                    ; div_fre_1Hz:inst2|counter[20] ; div_fre_1Hz:inst2|counter[7]  ; clk_50M    ; clk_50M  ; None                        ; None                      ; 2.509 ns                ;
; N/A                                     ; 368.05 MHz ( period = 2.717 ns )                    ; div_fre_1Hz:inst2|counter[7]  ; div_fre_1Hz:inst2|counter[24] ; clk_50M    ; clk_50M  ; None                        ; None                      ; 2.500 ns                ;
; N/A                                     ; 368.32 MHz ( period = 2.715 ns )                    ; div_fre_1Hz:inst2|counter[1]  ; div_fre_1Hz:inst2|counter[7]  ; clk_50M    ; clk_50M  ; None                        ; None                      ; 2.501 ns                ;
; N/A                                     ; 368.32 MHz ( period = 2.715 ns )                    ; div_fre_1Hz:inst2|counter[15] ; div_fre_1Hz:inst2|counter[23] ; clk_50M    ; clk_50M  ; None                        ; None                      ; 2.501 ns                ;
; N/A                                     ; 368.32 MHz ( period = 2.715 ns )                    ; div_fre_1Hz:inst2|counter[8]  ; div_fre_1Hz:inst2|counter[12] ; clk_50M    ; clk_50M  ; None                        ; None                      ; 2.498 ns                ;
; N/A                                     ; 368.60 MHz ( period = 2.713 ns )                    ; div_fre_1Hz:inst2|counter[8]  ; div_fre_1Hz:inst2|counter[7]  ; clk_50M    ; clk_50M  ; None                        ; None                      ; 2.499 ns                ;
; N/A                                     ; 368.60 MHz ( period = 2.713 ns )                    ; div_fre_1Hz:inst2|counter[11] ; div_fre_1Hz:inst2|counter[7]  ; clk_50M    ; clk_50M  ; None                        ; None                      ; 2.499 ns                ;
; N/A                                     ; 368.87 MHz ( period = 2.711 ns )                    ; div_fre_1Hz:inst2|counter[17] ; div_fre_1Hz:inst2|counter[25] ; clk_50M    ; clk_50M  ; None                        ; None                      ; 2.497 ns                ;
; N/A                                     ; 369.69 MHz ( period = 2.705 ns )                    ; div_fre_1Hz:inst2|counter[12] ; div_fre_1Hz:inst2|counter[13] ; clk_50M    ; clk_50M  ; None                        ; None                      ; 2.491 ns                ;
; N/A                                     ; 370.51 MHz ( period = 2.699 ns )                    ; div_fre_1Hz:inst2|counter[23] ; div_fre_1Hz:inst2|counter[15] ; clk_50M    ; clk_50M  ; None                        ; None                      ; 2.485 ns                ;
; N/A                                     ; 370.64 MHz ( period = 2.698 ns )                    ; div_fre_1Hz:inst2|counter[7]  ; div_fre_1Hz:inst2|counter[15] ; clk_50M    ; clk_50M  ; None                        ; None                      ; 2.481 ns                ;
; N/A                                     ; 370.64 MHz ( period = 2.698 ns )                    ; div_fre_1Hz:inst2|counter[23] ; div_fre_1Hz:inst2|counter[13] ; clk_50M    ; clk_50M  ; None                        ; None                      ; 2.484 ns                ;
; N/A                                     ; 370.78 MHz ( period = 2.697 ns )                    ; div_fre_1Hz:inst2|counter[14] ; div_fre_1Hz:inst2|counter[21] ; clk_50M    ; clk_50M  ; None                        ; None                      ; 2.483 ns                ;
; N/A                                     ; 371.20 MHz ( period = 2.694 ns )                    ; div_fre_1Hz:inst2|counter[3]  ; div_fre_1Hz:inst2|counter[7]  ; clk_50M    ; clk_50M  ; None                        ; None                      ; 2.480 ns                ;
; N/A                                     ; 371.33 MHz ( period = 2.693 ns )                    ; div_fre_1Hz:inst2|counter[0]  ; div_fre_1Hz:inst2|counter[16] ; clk_50M    ; clk_50M  ; None                        ; None                      ; 2.476 ns                ;
; N/A                                     ; 371.75 MHz ( period = 2.690 ns )                    ; div_fre_1Hz:inst2|counter[2]  ; div_fre_1Hz:inst2|counter[18] ; clk_50M    ; clk_50M  ; None                        ; None                      ; 2.473 ns                ;
; N/A                                     ; 373.97 MHz ( period = 2.674 ns )                    ; div_fre_1Hz:inst2|counter[23] ; div_fre_1Hz:inst2|counter[21] ; clk_50M    ; clk_50M  ; None                        ; None                      ; 2.460 ns                ;
; N/A                                     ; 374.25 MHz ( period = 2.672 ns )                    ; div_fre_1Hz:inst2|counter[23] ; div_fre_1Hz:inst2|counter[17] ; clk_50M    ; clk_50M  ; None                        ; None                      ; 2.458 ns                ;
; N/A                                     ; 374.53 MHz ( period = 2.670 ns )                    ; div_fre_1Hz:inst2|counter[23] ; div_fre_1Hz:inst2|counter[19] ; clk_50M    ; clk_50M  ; None                        ; None                      ; 2.456 ns                ;
; N/A                                     ; 374.67 MHz ( period = 2.669 ns )                    ; div_fre_1Hz:inst2|counter[10] ; div_fre_1Hz:inst2|counter[20] ; clk_50M    ; clk_50M  ; None                        ; None                      ; 2.452 ns                ;
; N/A                                     ; 374.67 MHz ( period = 2.669 ns )                    ; div_fre_1Hz:inst2|counter[23] ; div_fre_1Hz:inst2|counter[14] ; clk_50M    ; clk_50M  ; None                        ; None                      ; 2.455 ns                ;
; N/A                                     ; 374.67 MHz ( period = 2.669 ns )                    ; div_fre_1Hz:inst2|counter[23] ; div_fre_1Hz:inst2|counter[12] ; clk_50M    ; clk_50M  ; None                        ; None                      ; 2.455 ns                ;
; N/A                                     ; 374.81 MHz ( period = 2.668 ns )                    ; div_fre_1Hz:inst2|counter[23] ; div_fre_1Hz:inst2|counter[20] ; clk_50M    ; clk_50M  ; None                        ; None                      ; 2.454 ns                ;
; N/A                                     ; 376.51 MHz ( period = 2.656 ns )                    ; div_fre_1Hz:inst2|counter[23] ; div_fre_1Hz:inst2|counter[22] ; clk_50M    ; clk_50M  ; None                        ; None                      ; 2.442 ns                ;
; N/A                                     ; 376.93 MHz ( period = 2.653 ns )                    ; div_fre_1Hz:inst2|counter[12] ; div_fre_1Hz:inst2|counter[14] ; clk_50M    ; clk_50M  ; None                        ; None                      ; 2.439 ns                ;
; N/A                                     ; 377.22 MHz ( period = 2.651 ns )                    ; div_fre_1Hz:inst2|counter[13] ; div_fre_1Hz:inst2|counter[22] ; clk_50M    ; clk_50M  ; None                        ; None                      ; 2.437 ns                ;
; N/A                                     ; 377.93 MHz ( period = 2.646 ns )                    ; div_fre_1Hz:inst2|counter[16] ; div_fre_1Hz:inst2|counter[7]  ; clk_50M    ; clk_50M  ; None                        ; None                      ; 2.435 ns                ;
; N/A                                     ; 377.93 MHz ( period = 2.646 ns )                    ; div_fre_1Hz:inst2|counter[8]  ; div_fre_1Hz:inst2|counter[17] ; clk_50M    ; clk_50M  ; None                        ; None                      ; 2.429 ns                ;
; N/A                                     ; 378.07 MHz ( period = 2.645 ns )                    ; div_fre_1Hz:inst2|counter[8]  ; div_fre_1Hz:inst2|counter[24] ; clk_50M    ; clk_50M  ; None                        ; None                      ; 2.428 ns                ;
; N/A                                     ; 378.79 MHz ( period = 2.640 ns )                    ; div_fre_1Hz:inst2|counter[10] ; div_fre_1Hz:inst2|counter[19] ; clk_50M    ; clk_50M  ; None                        ; None                      ; 2.423 ns                ;
; N/A                                     ; 379.65 MHz ( period = 2.634 ns )                    ; div_fre_1Hz:inst2|counter[16] ; div_fre_1Hz:inst2|counter[25] ; clk_50M    ; clk_50M  ; None                        ; None                      ; 2.420 ns                ;
; N/A                                     ; 380.81 MHz ( period = 2.626 ns )                    ; div_fre_1Hz:inst2|counter[8]  ; div_fre_1Hz:inst2|counter[15] ; clk_50M    ; clk_50M  ; None                        ; None                      ; 2.409 ns                ;
; N/A                                     ; 381.97 MHz ( period = 2.618 ns )                    ; div_fre_1Hz:inst2|counter[3]  ; div_fre_1Hz:inst2|counter[18] ; clk_50M    ; clk_50M  ; None                        ; None                      ; 2.401 ns                ;
; N/A                                     ; 382.12 MHz ( period = 2.617 ns )                    ; div_fre_1Hz:inst2|counter[9]  ; div_fre_1Hz:inst2|counter[24] ; clk_50M    ; clk_50M  ; None                        ; None                      ; 2.400 ns                ;
; N/A                                     ; 382.12 MHz ( period = 2.617 ns )                    ; div_fre_1Hz:inst2|counter[15] ; div_fre_1Hz:inst2|counter[21] ; clk_50M    ; clk_50M  ; None                        ; None                      ; 2.403 ns                ;
; N/A                                     ; 382.41 MHz ( period = 2.615 ns )                    ; div_fre_1Hz:inst2|counter[11] ; div_fre_1Hz:inst2|counter[17] ; clk_50M    ; clk_50M  ; None                        ; None                      ; 2.398 ns                ;
; N/A                                     ; 382.56 MHz ( period = 2.614 ns )                    ; div_fre_1Hz:inst2|counter[12] ; div_fre_1Hz:inst2|counter[12] ; clk_50M    ; clk_50M  ; None                        ; None                      ; 2.400 ns                ;
; N/A                                     ; 382.70 MHz ( period = 2.613 ns )                    ; div_fre_1Hz:inst2|counter[11] ; div_fre_1Hz:inst2|counter[19] ; clk_50M    ; clk_50M  ; None                        ; None                      ; 2.396 ns                ;
; N/A                                     ; 383.00 MHz ( period = 2.611 ns )                    ; div_fre_1Hz:inst2|counter[11] ; div_fre_1Hz:inst2|counter[20] ; clk_50M    ; clk_50M  ; None                        ; None                      ; 2.394 ns                ;
; N/A                                     ; 383.29 MHz ( period = 2.609 ns )                    ; div_fre_1Hz:inst2|counter[8]  ; div_fre_1Hz:inst2|counter[14] ; clk_50M    ; clk_50M  ; None                        ; None                      ; 2.392 ns                ;
; N/A                                     ; 383.29 MHz ( period = 2.609 ns )                    ; div_fre_1Hz:inst2|counter[11] ; div_fre_1Hz:inst2|counter[14] ; clk_50M    ; clk_50M  ; None                        ; None                      ; 2.392 ns                ;
; N/A                                     ; 383.29 MHz ( period = 2.609 ns )                    ; div_fre_1Hz:inst2|counter[11] ; div_fre_1Hz:inst2|counter[12] ; clk_50M    ; clk_50M  ; None                        ; None                      ; 2.392 ns                ;
; N/A                                     ; 384.91 MHz ( period = 2.598 ns )                    ; div_fre_1Hz:inst2|counter[9]  ; div_fre_1Hz:inst2|counter[15] ; clk_50M    ; clk_50M  ; None                        ; None                      ; 2.381 ns                ;
; N/A                                     ; 385.06 MHz ( period = 2.597 ns )                    ; div_fre_1Hz:inst2|counter[7]  ; div_fre_1Hz:inst2|counter[13] ; clk_50M    ; clk_50M  ; None                        ; None                      ; 2.380 ns                ;
; N/A                                     ; 386.10 MHz ( period = 2.590 ns )                    ; div_fre_1Hz:inst2|counter[14] ; div_fre_1Hz:inst2|counter[22] ; clk_50M    ; clk_50M  ; None                        ; None                      ; 2.376 ns                ;
; N/A                                     ; 387.60 MHz ( period = 2.580 ns )                    ; div_fre_1Hz:inst2|counter[17] ; div_fre_1Hz:inst2|counter[7]  ; clk_50M    ; clk_50M  ; None                        ; None                      ; 2.369 ns                ;
; N/A                                     ; 387.75 MHz ( period = 2.579 ns )                    ; div_fre_1Hz:inst2|counter[1]  ; div_fre_1Hz:inst2|counter[16] ; clk_50M    ; clk_50M  ; None                        ; None                      ; 2.362 ns                ;
; N/A                                     ; 388.50 MHz ( period = 2.574 ns )                    ; div_fre_1Hz:inst2|counter[10] ; div_fre_1Hz:inst2|counter[12] ; clk_50M    ; clk_50M  ; None                        ; None                      ; 2.357 ns                ;
; N/A                                     ; 389.26 MHz ( period = 2.569 ns )                    ; div_fre_1Hz:inst2|counter[17] ; div_fre_1Hz:inst2|counter[23] ; clk_50M    ; clk_50M  ; None                        ; None                      ; 2.355 ns                ;
; N/A                                     ; 389.56 MHz ( period = 2.567 ns )                    ; div_fre_1Hz:inst2|counter[10] ; div_fre_1Hz:inst2|counter[7]  ; clk_50M    ; clk_50M  ; None                        ; None                      ; 2.353 ns                ;
; N/A                                     ; 389.86 MHz ( period = 2.565 ns )                    ; div_fre_1Hz:inst2|counter[13] ; div_fre_1Hz:inst2|counter[20] ; clk_50M    ; clk_50M  ; None                        ; None                      ; 2.351 ns                ;
; N/A                                     ; 392.46 MHz ( period = 2.548 ns )                    ; div_fre_1Hz:inst2|counter[2]  ; div_fre_1Hz:inst2|counter[16] ; clk_50M    ; clk_50M  ; None                        ; None                      ; 2.331 ns                ;
; N/A                                     ; 394.32 MHz ( period = 2.536 ns )                    ; div_fre_1Hz:inst2|counter[13] ; div_fre_1Hz:inst2|counter[19] ; clk_50M    ; clk_50M  ; None                        ; None                      ; 2.322 ns                ;
; N/A                                     ; 394.48 MHz ( period = 2.535 ns )                    ; div_fre_1Hz:inst2|counter[19] ; div_fre_1Hz:inst2|counter[25] ; clk_50M    ; clk_50M  ; None                        ; None                      ; 2.321 ns                ;
; Timing analysis restricted to 200 rows. ; To change the limit use Settings (Assignments menu) ;                               ;                               ;            ;          ;                             ;                           ;                         ;
+-----------------------------------------+-----------------------------------------------------+-------------------------------+-------------------------------+------------+----------+-----------------------------+---------------------------+-------------------------+


+----------------------------------------------------------------------------------------------+
; tsu                                                                                          ;
+-------+--------------+------------+------------+----------------------------------+----------+
; Slack ; Required tsu ; Actual tsu ; From       ; To                               ; To Clock ;
+-------+--------------+------------+------------+----------------------------------+----------+
; N/A   ; None         ; -2.339 ns  ; start_stop ; compas:inst4|data_valid_internal ; clk_50M  ;
; N/A   ; None         ; -2.554 ns  ; continu    ; compas:inst4|data_valid_internal ; clk_50M  ;
+-------+--------------+------------+------------+----------------------------------+----------+


+------------------------------------------------------------------------------------------------+
; tco                                                                                            ;
+-------+--------------+------------+----------------------------------+------------+------------+
; Slack ; Required tco ; Actual tco ; From                             ; To         ; From Clock ;
+-------+--------------+------------+----------------------------------+------------+------------+
; N/A   ; None         ; 9.386 ns   ; compas:inst4|data_valid_internal ; data_valid ; clk_50M    ;
+-------+--------------+------------+----------------------------------+------------+------------+


+----------------------------------------------------------------------------------------------------+
; th                                                                                                 ;
+---------------+-------------+-----------+------------+----------------------------------+----------+
; Minimum Slack ; Required th ; Actual th ; From       ; To                               ; To Clock ;
+---------------+-------------+-----------+------------+----------------------------------+----------+
; N/A           ; None        ; 2.784 ns  ; continu    ; compas:inst4|data_valid_internal ; clk_50M  ;
; N/A           ; None        ; 2.569 ns  ; start_stop ; compas:inst4|data_valid_internal ; clk_50M  ;
+---------------+-------------+-----------+------------+----------------------------------+----------+


+--------------------------+
; Timing Analyzer Messages ;
+--------------------------+
Info: *******************************************************************
Info: Running Quartus II 64-Bit Classic Timing Analyzer
    Info: Version 9.0 Build 132 02/25/2009 SJ Full Version
    Info: Processing started: Thu Nov 09 11:35:30 2023
Info: Command: quartus_tan --read_settings_files=off --write_settings_files=off cmp_9 -c cmp_9 --timing_analysis_only
Info: Parallel compilation is enabled and will use 4 of the 6 processors detected
Warning: Found pins functioning as undefined clocks and/or memory enables
    Info: Assuming node "clk_50M" is an undefined clock
Warning: Found 1 node(s) in clock paths which may be acting as ripple and/or gated clocks -- node(s) analyzed as buffer(s) resulting in clock skew
    Info: Detected ripple clock "div_fre_1Hz:inst2|one_second_pulse" as buffer
Info: Clock "clk_50M" has Internal fmax of 253.36 MHz between source register "div_fre_1Hz:inst2|counter[0]" and destination register "div_fre_1Hz:inst2|counter[25]" (period= 3.947 ns)
    Info: + Longest register to register delay is 3.730 ns
        Info: 1: + IC(0.000 ns) + CELL(0.000 ns) = 0.000 ns; Loc. = LCFF_X58_Y16_N7; Fanout = 3; REG Node = 'div_fre_1Hz:inst2|counter[0]'
        Info: 2: + IC(0.340 ns) + CELL(0.414 ns) = 0.754 ns; Loc. = LCCOMB_X58_Y16_N6; Fanout = 2; COMB Node = 'div_fre_1Hz:inst2|Add0~1'
        Info: 3: + IC(0.000 ns) + CELL(0.071 ns) = 0.825 ns; Loc. = LCCOMB_X58_Y16_N8; Fanout = 2; COMB Node = 'div_fre_1Hz:inst2|Add0~3'
        Info: 4: + IC(0.000 ns) + CELL(0.071 ns) = 0.896 ns; Loc. = LCCOMB_X58_Y16_N10; Fanout = 2; COMB Node = 'div_fre_1Hz:inst2|Add0~5'
        Info: 5: + IC(0.000 ns) + CELL(0.071 ns) = 0.967 ns; Loc. = LCCOMB_X58_Y16_N12; Fanout = 2; COMB Node = 'div_fre_1Hz:inst2|Add0~7'
        Info: 6: + IC(0.000 ns) + CELL(0.159 ns) = 1.126 ns; Loc. = LCCOMB_X58_Y16_N14; Fanout = 2; COMB Node = 'div_fre_1Hz:inst2|Add0~9'
        Info: 7: + IC(0.000 ns) + CELL(0.071 ns) = 1.197 ns; Loc. = LCCOMB_X58_Y16_N16; Fanout = 2; COMB Node = 'div_fre_1Hz:inst2|Add0~11'
        Info: 8: + IC(0.000 ns) + CELL(0.071 ns) = 1.268 ns; Loc. = LCCOMB_X58_Y16_N18; Fanout = 2; COMB Node = 'div_fre_1Hz:inst2|Add0~13'
        Info: 9: + IC(0.000 ns) + CELL(0.071 ns) = 1.339 ns; Loc. = LCCOMB_X58_Y16_N20; Fanout = 2; COMB Node = 'div_fre_1Hz:inst2|Add0~15'
        Info: 10: + IC(0.000 ns) + CELL(0.071 ns) = 1.410 ns; Loc. = LCCOMB_X58_Y16_N22; Fanout = 2; COMB Node = 'div_fre_1Hz:inst2|Add0~17'
        Info: 11: + IC(0.000 ns) + CELL(0.071 ns) = 1.481 ns; Loc. = LCCOMB_X58_Y16_N24; Fanout = 2; COMB Node = 'div_fre_1Hz:inst2|Add0~19'
        Info: 12: + IC(0.000 ns) + CELL(0.071 ns) = 1.552 ns; Loc. = LCCOMB_X58_Y16_N26; Fanout = 2; COMB Node = 'div_fre_1Hz:inst2|Add0~21'
        Info: 13: + IC(0.000 ns) + CELL(0.071 ns) = 1.623 ns; Loc. = LCCOMB_X58_Y16_N28; Fanout = 2; COMB Node = 'div_fre_1Hz:inst2|Add0~23'
        Info: 14: + IC(0.000 ns) + CELL(0.146 ns) = 1.769 ns; Loc. = LCCOMB_X58_Y16_N30; Fanout = 2; COMB Node = 'div_fre_1Hz:inst2|Add0~25'
        Info: 15: + IC(0.000 ns) + CELL(0.071 ns) = 1.840 ns; Loc. = LCCOMB_X58_Y15_N0; Fanout = 2; COMB Node = 'div_fre_1Hz:inst2|Add0~27'
        Info: 16: + IC(0.000 ns) + CELL(0.071 ns) = 1.911 ns; Loc. = LCCOMB_X58_Y15_N2; Fanout = 2; COMB Node = 'div_fre_1Hz:inst2|Add0~29'
        Info: 17: + IC(0.000 ns) + CELL(0.071 ns) = 1.982 ns; Loc. = LCCOMB_X58_Y15_N4; Fanout = 2; COMB Node = 'div_fre_1Hz:inst2|Add0~31'
        Info: 18: + IC(0.000 ns) + CELL(0.071 ns) = 2.053 ns; Loc. = LCCOMB_X58_Y15_N6; Fanout = 2; COMB Node = 'div_fre_1Hz:inst2|Add0~33'
        Info: 19: + IC(0.000 ns) + CELL(0.071 ns) = 2.124 ns; Loc. = LCCOMB_X58_Y15_N8; Fanout = 2; COMB Node = 'div_fre_1Hz:inst2|Add0~35'
        Info: 20: + IC(0.000 ns) + CELL(0.071 ns) = 2.195 ns; Loc. = LCCOMB_X58_Y15_N10; Fanout = 2; COMB Node = 'div_fre_1Hz:inst2|Add0~37'
        Info: 21: + IC(0.000 ns) + CELL(0.071 ns) = 2.266 ns; Loc. = LCCOMB_X58_Y15_N12; Fanout = 2; COMB Node = 'div_fre_1Hz:inst2|Add0~39'
        Info: 22: + IC(0.000 ns) + CELL(0.159 ns) = 2.425 ns; Loc. = LCCOMB_X58_Y15_N14; Fanout = 2; COMB Node = 'div_fre_1Hz:inst2|Add0~41'
        Info: 23: + IC(0.000 ns) + CELL(0.071 ns) = 2.496 ns; Loc. = LCCOMB_X58_Y15_N16; Fanout = 2; COMB Node = 'div_fre_1Hz:inst2|Add0~43'
        Info: 24: + IC(0.000 ns) + CELL(0.071 ns) = 2.567 ns; Loc. = LCCOMB_X58_Y15_N18; Fanout = 2; COMB Node = 'div_fre_1Hz:inst2|Add0~45'
        Info: 25: + IC(0.000 ns) + CELL(0.071 ns) = 2.638 ns; Loc. = LCCOMB_X58_Y15_N20; Fanout = 2; COMB Node = 'div_fre_1Hz:inst2|Add0~47'
        Info: 26: + IC(0.000 ns) + CELL(0.071 ns) = 2.709 ns; Loc. = LCCOMB_X58_Y15_N22; Fanout = 1; COMB Node = 'div_fre_1Hz:inst2|Add0~49'
        Info: 27: + IC(0.000 ns) + CELL(0.410 ns) = 3.119 ns; Loc. = LCCOMB_X58_Y15_N24; Fanout = 1; COMB Node = 'div_fre_1Hz:inst2|Add0~50'
        Info: 28: + IC(0.252 ns) + CELL(0.275 ns) = 3.646 ns; Loc. = LCCOMB_X58_Y15_N30; Fanout = 1; COMB Node = 'div_fre_1Hz:inst2|counter~37'
        Info: 29: + IC(0.000 ns) + CELL(0.084 ns) = 3.730 ns; Loc. = LCFF_X58_Y15_N31; Fanout = 2; REG Node = 'div_fre_1Hz:inst2|counter[25]'
        Info: Total cell delay = 3.138 ns ( 84.13 % )
        Info: Total interconnect delay = 0.592 ns ( 15.87 % )
    Info: - Smallest clock skew is -0.003 ns
        Info: + Shortest clock path from clock "clk_50M" to destination register is 2.681 ns
            Info: 1: + IC(0.000 ns) + CELL(0.999 ns) = 0.999 ns; Loc. = PIN_N2; Fanout = 2; CLK Node = 'clk_50M'
            Info: 2: + IC(0.118 ns) + CELL(0.000 ns) = 1.117 ns; Loc. = CLKCTRL_G2; Fanout = 26; COMB Node = 'clk_50M~clkctrl'
            Info: 3: + IC(1.027 ns) + CELL(0.537 ns) = 2.681 ns; Loc. = LCFF_X58_Y15_N31; Fanout = 2; REG Node = 'div_fre_1Hz:inst2|counter[25]'
            Info: Total cell delay = 1.536 ns ( 57.29 % )
            Info: Total interconnect delay = 1.145 ns ( 42.71 % )
        Info: - Longest clock path from clock "clk_50M" to source register is 2.684 ns
            Info: 1: + IC(0.000 ns) + CELL(0.999 ns) = 0.999 ns; Loc. = PIN_N2; Fanout = 2; CLK Node = 'clk_50M'
            Info: 2: + IC(0.118 ns) + CELL(0.000 ns) = 1.117 ns; Loc. = CLKCTRL_G2; Fanout = 26; COMB Node = 'clk_50M~clkctrl'
            Info: 3: + IC(1.030 ns) + CELL(0.537 ns) = 2.684 ns; Loc. = LCFF_X58_Y16_N7; Fanout = 3; REG Node = 'div_fre_1Hz:inst2|counter[0]'
            Info: Total cell delay = 1.536 ns ( 57.23 % )
            Info: Total interconnect delay = 1.148 ns ( 42.77 % )
    Info: + Micro clock to output delay of source is 0.250 ns
    Info: + Micro setup delay of destination is -0.036 ns
Info: tsu for register "compas:inst4|data_valid_internal" (data pin = "start_stop", clock pin = "clk_50M") is -2.339 ns
    Info: + Longest pin to register delay is 2.446 ns
        Info: 1: + IC(0.000 ns) + CELL(0.999 ns) = 0.999 ns; Loc. = PIN_P25; Fanout = 1; PIN Node = 'start_stop'
        Info: 2: + IC(0.925 ns) + CELL(0.438 ns) = 2.362 ns; Loc. = LCCOMB_X60_Y15_N8; Fanout = 1; COMB Node = 'compas:inst4|data_valid_internal~1'
        Info: 3: + IC(0.000 ns) + CELL(0.084 ns) = 2.446 ns; Loc. = LCFF_X60_Y15_N9; Fanout = 1; REG Node = 'compas:inst4|data_valid_internal'
        Info: Total cell delay = 1.521 ns ( 62.18 % )
        Info: Total interconnect delay = 0.925 ns ( 37.82 % )
    Info: + Micro setup delay of destination is -0.036 ns
    Info: - Shortest clock path from clock "clk_50M" to destination register is 4.749 ns
        Info: 1: + IC(0.000 ns) + CELL(0.999 ns) = 0.999 ns; Loc. = PIN_N2; Fanout = 2; CLK Node = 'clk_50M'
        Info: 2: + IC(1.960 ns) + CELL(0.787 ns) = 3.746 ns; Loc. = LCFF_X59_Y15_N3; Fanout = 2; REG Node = 'div_fre_1Hz:inst2|one_second_pulse'
        Info: 3: + IC(0.466 ns) + CELL(0.537 ns) = 4.749 ns; Loc. = LCFF_X60_Y15_N9; Fanout = 1; REG Node = 'compas:inst4|data_valid_internal'
        Info: Total cell delay = 2.323 ns ( 48.92 % )
        Info: Total interconnect delay = 2.426 ns ( 51.08 % )
Info: tco from clock "clk_50M" to destination pin "data_valid" through register "compas:inst4|data_valid_internal" is 9.386 ns
    Info: + Longest clock path from clock "clk_50M" to source register is 4.749 ns
        Info: 1: + IC(0.000 ns) + CELL(0.999 ns) = 0.999 ns; Loc. = PIN_N2; Fanout = 2; CLK Node = 'clk_50M'
        Info: 2: + IC(1.960 ns) + CELL(0.787 ns) = 3.746 ns; Loc. = LCFF_X59_Y15_N3; Fanout = 2; REG Node = 'div_fre_1Hz:inst2|one_second_pulse'
        Info: 3: + IC(0.466 ns) + CELL(0.537 ns) = 4.749 ns; Loc. = LCFF_X60_Y15_N9; Fanout = 1; REG Node = 'compas:inst4|data_valid_internal'
        Info: Total cell delay = 2.323 ns ( 48.92 % )
        Info: Total interconnect delay = 2.426 ns ( 51.08 % )
    Info: + Micro clock to output delay of source is 0.250 ns
    Info: + Longest register to pin delay is 4.387 ns
        Info: 1: + IC(0.000 ns) + CELL(0.000 ns) = 0.000 ns; Loc. = LCFF_X60_Y15_N9; Fanout = 1; REG Node = 'compas:inst4|data_valid_internal'
        Info: 2: + IC(1.579 ns) + CELL(2.808 ns) = 4.387 ns; Loc. = PIN_AE22; Fanout = 0; PIN Node = 'data_valid'
        Info: Total cell delay = 2.808 ns ( 64.01 % )
        Info: Total interconnect delay = 1.579 ns ( 35.99 % )
Info: th for register "compas:inst4|data_valid_internal" (data pin = "continu", clock pin = "clk_50M") is 2.784 ns
    Info: + Longest clock path from clock "clk_50M" to destination register is 4.749 ns
        Info: 1: + IC(0.000 ns) + CELL(0.999 ns) = 0.999 ns; Loc. = PIN_N2; Fanout = 2; CLK Node = 'clk_50M'
        Info: 2: + IC(1.960 ns) + CELL(0.787 ns) = 3.746 ns; Loc. = LCFF_X59_Y15_N3; Fanout = 2; REG Node = 'div_fre_1Hz:inst2|one_second_pulse'
        Info: 3: + IC(0.466 ns) + CELL(0.537 ns) = 4.749 ns; Loc. = LCFF_X60_Y15_N9; Fanout = 1; REG Node = 'compas:inst4|data_valid_internal'
        Info: Total cell delay = 2.323 ns ( 48.92 % )
        Info: Total interconnect delay = 2.426 ns ( 51.08 % )
    Info: + Micro hold delay of destination is 0.266 ns
    Info: - Shortest pin to register delay is 2.231 ns
        Info: 1: + IC(0.000 ns) + CELL(0.999 ns) = 0.999 ns; Loc. = PIN_N26; Fanout = 1; PIN Node = 'continu'
        Info: 2: + IC(0.903 ns) + CELL(0.245 ns) = 2.147 ns; Loc. = LCCOMB_X60_Y15_N8; Fanout = 1; COMB Node = 'compas:inst4|data_valid_internal~1'
        Info: 3: + IC(0.000 ns) + CELL(0.084 ns) = 2.231 ns; Loc. = LCFF_X60_Y15_N9; Fanout = 1; REG Node = 'compas:inst4|data_valid_internal'
        Info: Total cell delay = 1.328 ns ( 59.52 % )
        Info: Total interconnect delay = 0.903 ns ( 40.48 % )
Info: Quartus II 64-Bit Classic Timing Analyzer was successful. 0 errors, 2 warnings
    Info: Peak virtual memory: 4372 megabytes
    Info: Processing ended: Thu Nov 09 11:35:30 2023
    Info: Elapsed time: 00:00:00
    Info: Total CPU time (on all processors): 00:00:00


