Analysis & Synthesis report for cmp_9
Thu Nov 09 11:35:12 2023
Quartus II 64-Bit Version 9.0 Build 132 02/25/2009 SJ Full Version


---------------------
; Table of Contents ;
---------------------
  1. Legal Notice
  2. Analysis & Synthesis Summary
  3. Analysis & Synthesis Settings
  4. Analysis & Synthesis Source Files Read
  5. Analysis & Synthesis Resource Usage Summary
  6. Analysis & Synthesis Resource Utilization by Entity
  7. Registers Removed During Synthesis
  8. General Register Statistics
  9. Analysis & Synthesis Messages



----------------
; Legal Notice ;
----------------
Copyright (C) 1991-2009 Altera Corporation
Your use of Altera Corporation's design tools, logic functions 
and other software and tools, and its AMPP partner logic 
functions, and any output files from any of the foregoing 
(including device programming or simulation files), and any 
associated documentation or information are expressly subject 
to the terms and conditions of the Altera Program License 
Subscription Agreement, Altera MegaCore Function License 
Agreement, or other applicable license agreement, including, 
without limitation, that your use is for the sole purpose of 
programming logic devices manufactured by Altera and sold by 
Altera or its authorized distributors.  Please refer to the 
applicable agreement for further details.



+-------------------------------------------------------------------------------+
; Analysis & Synthesis Summary                                                  ;
+------------------------------------+------------------------------------------+
; Analysis & Synthesis Status        ; Successful - Thu Nov 09 11:35:12 2023    ;
; Quartus II 64-Bit Version          ; 9.0 Build 132 02/25/2009 SJ Full Version ;
; Revision Name                      ; cmp_9                                    ;
; Top-level Entity Name              ; cmp_9                                    ;
; Family                             ; Cyclone II                               ;
; Total logic elements               ; 48                                       ;
;     Total combinational functions  ; 48                                       ;
;     Dedicated logic registers      ; 28                                       ;
; Total registers                    ; 28                                       ;
; Total pins                         ; 15                                       ;
; Total virtual pins                 ; 0                                        ;
; Total memory bits                  ; 0                                        ;
; Embedded Multiplier 9-bit elements ; 0                                        ;
; Total PLLs                         ; 0                                        ;
+------------------------------------+------------------------------------------+


+----------------------------------------------------------------------------------------------------------+
; Analysis & Synthesis Settings                                                                            ;
+----------------------------------------------------------------+--------------------+--------------------+
; Option                                                         ; Setting            ; Default Value      ;
+----------------------------------------------------------------+--------------------+--------------------+
; Device                                                         ; EP2C35F672C6       ;                    ;
; Top-level entity name                                          ; cmp_9              ; cmp_9              ;
; Family name                                                    ; Cyclone II         ; Stratix II         ;
; Use Generated Physical Constraints File                        ; Off                ;                    ;
; Use smart compilation                                          ; Off                ; Off                ;
; Restructure Multiplexers                                       ; Auto               ; Auto               ;
; Create Debugging Nodes for IP Cores                            ; Off                ; Off                ;
; Preserve fewer node names                                      ; On                 ; On                 ;
; Disable OpenCore Plus hardware evaluation                      ; Off                ; Off                ;
; Verilog Version                                                ; Verilog_2001       ; Verilog_2001       ;
; VHDL Version                                                   ; VHDL93             ; VHDL93             ;
; State Machine Processing                                       ; Auto               ; Auto               ;
; Safe State Machine                                             ; Off                ; Off                ;
; Extract Verilog State Machines                                 ; On                 ; On                 ;
; Extract VHDL State Machines                                    ; On                 ; On                 ;
; Ignore Verilog initial constructs                              ; Off                ; Off                ;
; Iteration limit for constant Verilog loops                     ; 5000               ; 5000               ;
; Iteration limit for non-constant Verilog loops                 ; 250                ; 250                ;
; Add Pass-Through Logic to Inferred RAMs                        ; On                 ; On                 ;
; Parallel Synthesis                                             ; Off                ; Off                ;
; DSP Block Balancing                                            ; Auto               ; Auto               ;
; NOT Gate Push-Back                                             ; On                 ; On                 ;
; Power-Up Don't Care                                            ; On                 ; On                 ;
; Remove Redundant Logic Cells                                   ; Off                ; Off                ;
; Remove Duplicate Registers                                     ; On                 ; On                 ;
; Ignore CARRY Buffers                                           ; Off                ; Off                ;
; Ignore CASCADE Buffers                                         ; Off                ; Off                ;
; Ignore GLOBAL Buffers                                          ; Off                ; Off                ;
; Ignore ROW GLOBAL Buffers                                      ; Off                ; Off                ;
; Ignore LCELL Buffers                                           ; Off                ; Off                ;
; Ignore SOFT Buffers                                            ; On                 ; On                 ;
; Limit AHDL Integers to 32 Bits                                 ; Off                ; Off                ;
; Optimization Technique                                         ; Balanced           ; Balanced           ;
; Carry Chain Length                                             ; 70                 ; 70                 ;
; Auto Carry Chains                                              ; On                 ; On                 ;
; Auto Open-Drain Pins                                           ; On                 ; On                 ;
; Perform WYSIWYG Primitive Resynthesis                          ; Off                ; Off                ;
; Auto ROM Replacement                                           ; On                 ; On                 ;
; Auto RAM Replacement                                           ; On                 ; On                 ;
; Auto Shift Register Replacement                                ; Auto               ; Auto               ;
; Auto Clock Enable Replacement                                  ; On                 ; On                 ;
; Strict RAM Replacement                                         ; Off                ; Off                ;
; Allow Synchronous Control Signals                              ; On                 ; On                 ;
; Force Use of Synchronous Clear Signals                         ; Off                ; Off                ;
; Auto RAM to Logic Cell Conversion                              ; Off                ; Off                ;
; Auto Resource Sharing                                          ; Off                ; Off                ;
; Allow Any RAM Size For Recognition                             ; Off                ; Off                ;
; Allow Any ROM Size For Recognition                             ; Off                ; Off                ;
; Allow Any Shift Register Size For Recognition                  ; Off                ; Off                ;
; Use LogicLock Constraints during Resource Balancing            ; On                 ; On                 ;
; Ignore translate_off and synthesis_off directives              ; Off                ; Off                ;
; Timing-Driven Synthesis                                        ; Off                ; Off                ;
; Show Parameter Settings Tables in Synthesis Report             ; On                 ; On                 ;
; Ignore Maximum Fan-Out Assignments                             ; Off                ; Off                ;
; Synchronization Register Chain Length                          ; 2                  ; 2                  ;
; PowerPlay Power Optimization                                   ; Normal compilation ; Normal compilation ;
; HDL message level                                              ; Level2             ; Level2             ;
; Suppress Register Optimization Related Messages                ; Off                ; Off                ;
; Number of Removed Registers Reported in Synthesis Report       ; 100                ; 100                ;
; Number of Inverted Registers Reported in Synthesis Report      ; 100                ; 100                ;
; Clock MUX Protection                                           ; On                 ; On                 ;
; Auto Gated Clock Conversion                                    ; Off                ; Off                ;
; Block Design Naming                                            ; Auto               ; Auto               ;
; SDC constraint protection                                      ; Off                ; Off                ;
; Synthesis Effort                                               ; Auto               ; Auto               ;
; Allows Asynchronous Clear Usage For Shift Register Replacement ; On                 ; On                 ;
; Analysis & Synthesis Message Level                             ; Medium             ; Medium             ;
+----------------------------------------------------------------+--------------------+--------------------+


+---------------------------------------------------------------------------------------------------------------------------------------------+
; Analysis & Synthesis Source Files Read                                                                                                      ;
+----------------------------------+-----------------+------------------------------------+---------------------------------------------------+
; File Name with User-Entered Path ; Used in Netlist ; File Type                          ; File Name with Absolute Path                      ;
+----------------------------------+-----------------+------------------------------------+---------------------------------------------------+
; compas.vhd                       ; yes             ; User VHDL File                     ; D:/MASTER2/BE_VHDL_2023_G19/cmp_9/compas.vhd      ;
; sig_cmpt.vhd                     ; yes             ; User VHDL File                     ; D:/MASTER2/BE_VHDL_2023_G19/cmp_9/sig_cmpt.vhd    ;
; detc_front.vhd                   ; yes             ; User VHDL File                     ; D:/MASTER2/BE_VHDL_2023_G19/cmp_9/detc_front.vhd  ;
; cmp_9.bdf                        ; yes             ; User Block Diagram/Schematic File  ; D:/MASTER2/BE_VHDL_2023_G19/cmp_9/cmp_9.bdf       ;
; div_1khz.vhd                     ; yes             ; User VHDL File                     ; D:/MASTER2/BE_VHDL_2023_G19/cmp_9/div_1khz.vhd    ;
; div_fre_1Hz.vhd                  ; yes             ; User VHDL File                     ; D:/MASTER2/BE_VHDL_2023_G19/cmp_9/div_fre_1Hz.vhd ;
+----------------------------------+-----------------+------------------------------------+---------------------------------------------------+


+-------------------------------------------------------+
; Analysis & Synthesis Resource Usage Summary           ;
+---------------------------------------------+---------+
; Resource                                    ; Usage   ;
+---------------------------------------------+---------+
; Estimated Total logic elements              ; 48      ;
;                                             ;         ;
; Total combinational functions               ; 48      ;
; Logic element usage by number of LUT inputs ;         ;
;     -- 4 input functions                    ; 8       ;
;     -- 3 input functions                    ; 13      ;
;     -- <=2 input functions                  ; 27      ;
;                                             ;         ;
; Logic elements by mode                      ;         ;
;     -- normal mode                          ; 23      ;
;     -- arithmetic mode                      ; 25      ;
;                                             ;         ;
; Total registers                             ; 28      ;
;     -- Dedicated logic registers            ; 28      ;
;     -- I/O registers                        ; 0       ;
;                                             ;         ;
; I/O pins                                    ; 15      ;
; Maximum fan-out node                        ; clk_50M ;
; Maximum fan-out                             ; 27      ;
; Total fan-out                               ; 181     ;
; Average fan-out                             ; 1.99    ;
+---------------------------------------------+---------+


+----------------------------------------------------------------------------------------------------------------------------------------------------------------------------------+
; Analysis & Synthesis Resource Utilization by Entity                                                                                                                              ;
+----------------------------+-------------------+--------------+-------------+--------------+---------+-----------+------+--------------+--------------------------+--------------+
; Compilation Hierarchy Node ; LC Combinationals ; LC Registers ; Memory Bits ; DSP Elements ; DSP 9x9 ; DSP 18x18 ; Pins ; Virtual Pins ; Full Hierarchy Name      ; Library Name ;
+----------------------------+-------------------+--------------+-------------+--------------+---------+-----------+------+--------------+--------------------------+--------------+
; |cmp_9                     ; 48 (0)            ; 28 (0)       ; 0           ; 0            ; 0       ; 0         ; 15   ; 0            ; |cmp_9                   ; work         ;
;    |compas:inst4|          ; 1 (1)             ; 1 (1)        ; 0           ; 0            ; 0       ; 0         ; 0    ; 0            ; |cmp_9|compas:inst4      ; work         ;
;    |div_fre_1Hz:inst2|     ; 47 (47)           ; 27 (27)      ; 0           ; 0            ; 0       ; 0         ; 0    ; 0            ; |cmp_9|div_fre_1Hz:inst2 ; work         ;
+----------------------------+-------------------+--------------+-------------+--------------+---------+-----------+------+--------------+--------------------------+--------------+
Note: For table entries with two numbers listed, the numbers in parentheses indicate the number of resources of the given type used by the specific entity alone. The numbers listed outside of parentheses indicate the total resources of the given type used by the specific entity and all of its sub-entities in the hierarchy.


+--------------------------------------------------------------------------------+
; Registers Removed During Synthesis                                             ;
+---------------------------------------+----------------------------------------+
; Register name                         ; Reason for Removal                     ;
+---------------------------------------+----------------------------------------+
; compas:inst4|data_compas[0..8]        ; Stuck at GND due to stuck port data_in ;
; Total Number of Removed Registers = 9 ;                                        ;
+---------------------------------------+----------------------------------------+


+------------------------------------------------------+
; General Register Statistics                          ;
+----------------------------------------------+-------+
; Statistic                                    ; Value ;
+----------------------------------------------+-------+
; Total registers                              ; 28    ;
; Number of registers using Synchronous Clear  ; 0     ;
; Number of registers using Synchronous Load   ; 0     ;
; Number of registers using Asynchronous Clear ; 0     ;
; Number of registers using Asynchronous Load  ; 0     ;
; Number of registers using Clock Enable       ; 0     ;
; Number of registers using Preset             ; 0     ;
+----------------------------------------------+-------+


+-------------------------------+
; Analysis & Synthesis Messages ;
+-------------------------------+
Info: *******************************************************************
Info: Running Quartus II 64-Bit Analysis & Synthesis
    Info: Version 9.0 Build 132 02/25/2009 SJ Full Version
    Info: Processing started: Thu Nov 09 11:35:11 2023
Info: Command: quartus_map --read_settings_files=on --write_settings_files=off cmp_9 -c cmp_9
Info: Found 2 design units, including 1 entities, in source file compas.vhd
    Info: Found design unit 1: compas-behavior
    Info: Found entity 1: compas
Warning: Can't analyze file -- file D:/MASTER2/BE_VHDL_2023_G19/cmp_9/div_fre.vhd is missing
Info: Found 2 design units, including 1 entities, in source file compteur.vhd
    Info: Found design unit 1: compteur-arc
    Info: Found entity 1: compteur
Info: Found 2 design units, including 1 entities, in source file sig_cmpt.vhd
    Info: Found design unit 1: sig_cmpt-bhv
    Info: Found entity 1: sig_cmpt
Info: Found 2 design units, including 1 entities, in source file detc_front.vhd
    Info: Found design unit 1: detc_front-bhv
    Info: Found entity 1: detc_front
Info: Found 1 design units, including 1 entities, in source file cmp_9.bdf
    Info: Found entity 1: cmp_9
Info: Found 2 design units, including 1 entities, in source file div_1khz.vhd
    Info: Found design unit 1: div_1khz-bhv
    Info: Found entity 1: div_1khz
Info: Found 2 design units, including 1 entities, in source file div_fre_1Hz.vhd
    Info: Found design unit 1: div_fre_1Hz-Behavioral
    Info: Found entity 1: div_fre_1Hz
Info: Elaborating entity "cmp_9" for the top level hierarchy
Info: Elaborating entity "compas" for hierarchy "compas:inst4"
Warning (10541): VHDL Signal Declaration warning at compas.vhd(15): used implicit default value for signal "tmp" because signal was never assigned a value or an explicit default value. Use of implicit default value may introduce unintended design optimizations.
Warning (10036): Verilog HDL or VHDL warning at compas.vhd(15): object "tmp1" assigned a value but never read
Info: Elaborating entity "div_fre_1Hz" for hierarchy "div_fre_1Hz:inst2"
Info: Elaborating entity "detc_front" for hierarchy "detc_front:inst3"
Info: Elaborating entity "sig_cmpt" for hierarchy "sig_cmpt:inst5"
Warning (10492): VHDL Process Statement warning at sig_cmpt.vhd(14): signal "in_pwm_compas" is read inside the Process Statement but isn't in the Process Statement's sensitivity list
Info: Elaborating entity "div_1khz" for hierarchy "div_1khz:inst"
Warning (10492): VHDL Process Statement warning at div_1khz.vhd(25): signal "count" is read inside the Process Statement but isn't in the Process Statement's sensitivity list
Warning (10492): VHDL Process Statement warning at div_1khz.vhd(26): signal "tmp" is read inside the Process Statement but isn't in the Process Statement's sensitivity list
Warning (10492): VHDL Process Statement warning at div_1khz.vhd(29): signal "tmp" is read inside the Process Statement but isn't in the Process Statement's sensitivity list
Warning (10631): VHDL Process Statement warning at div_1khz.vhd(17): inferring latch(es) for signal or variable "tmp", which holds its previous value in one or more paths through the process
Info (10041): Inferred latch for "tmp" at div_1khz.vhd(17)
Warning: Output pins are stuck at VCC or GND
    Warning (13410): Pin "data_compas[8]" is stuck at GND
    Warning (13410): Pin "data_compas[7]" is stuck at GND
    Warning (13410): Pin "data_compas[6]" is stuck at GND
    Warning (13410): Pin "data_compas[5]" is stuck at GND
    Warning (13410): Pin "data_compas[4]" is stuck at GND
    Warning (13410): Pin "data_compas[3]" is stuck at GND
    Warning (13410): Pin "data_compas[2]" is stuck at GND
    Warning (13410): Pin "data_compas[1]" is stuck at GND
    Warning (13410): Pin "data_compas[0]" is stuck at GND
Warning: Design contains 2 input pin(s) that do not drive logic
    Warning (15610): No output dependent on input pin "in_pwm_compas"
    Warning (15610): No output dependent on input pin "raz_n"
Info: Implemented 63 device resources after synthesis - the final resource count might be different
    Info: Implemented 5 input pins
    Info: Implemented 10 output pins
    Info: Implemented 48 logic cells
Info: Quartus II 64-Bit Analysis & Synthesis was successful. 0 errors, 21 warnings
    Info: Peak virtual memory: 4458 megabytes
    Info: Processing ended: Thu Nov 09 11:35:12 2023
    Info: Elapsed time: 00:00:01
    Info: Total CPU time (on all processors): 00:00:01


