15:13:26 **** Incremental Build of configuration Nios II for project test_pwm ****
make all 
Info: Building ../test_pwm_bsp/
C:/intelFPGA_lite/18.1/nios2eds/bin/gnu/H-x86_64-mingw32/bin/make --no-print-directory -C ../test_pwm_bsp/
[BSP build complete]
Info: Compiling hello_world_small.c to obj/default/hello_world_small.o
nios2-elf-gcc -xc -MP -MMD -c -I../test_pwm_bsp//HAL/inc -I../test_pwm_bsp/ -I../test_pwm_bsp//drivers/inc  -pipe -D__hal__ -DALT_NO_C_PLUS_PLUS -DALT_NO_CLEAN_EXIT -D'exit(a)=_exit(a)' -DALT_NO_EXIT -DALT_USE_DIRECT_DRIVERS -DALT_NO_INSTRUCTION_EMULATION -DALT_USE_SMALL_DRIVERS -DSMALL_C_LIB -DALT_SINGLE_THREADED    -Os -g -Wall   -mno-hw-div -mno-hw-mul -mno-hw-mulx -mgpopt=global  -o obj/default/hello_world_small.o hello_world_small.c
Info: Linking test_pwm.elf
nios2-elf-g++  -T'../test_pwm_bsp//linker.x' -msys-crt0='../test_pwm_bsp//obj/HAL/src/crt0.o' -msys-lib=hal_bsp -L../test_pwm_bsp/  -msmallc  -Wl,-Map=test_pwm.map   -Os -g -Wall   -mno-hw-div -mno-hw-mul -mno-hw-mulx -mgpopt=global  -o test_pwm.elf obj/default/hello_world_small.o -lm -msys-lib=m
nios2-elf-insert test_pwm.elf --thread_model hal --cpu_name cpu --qsys true --simulation_enabled false --id 0 --sidp 0x11070 --timestamp 1699515988 --stderr_dev jtag_uart_0 --stdin_dev jtag_uart_0 --stdout_dev jtag_uart_0 --sopc_system_name avalon_cmpt --quartus_project_dir "D:/MASTER2/BE_VHDL_2023_G19/fct_compas" --jdi ../..//output_files/fct_compas.jdi --sopcinfo D:/MASTER2/BE_VHDL_2023_G19/fct_compas/software/test_pwm_bsp/../../avalon_cmpt.sopcinfo
Info: (test_pwm.elf) 3636 Bytes program size (code + initialized data).
Info:                16 KBytes free for stack + heap.
Info: Creating test_pwm.objdump
nios2-elf-objdump --disassemble --syms --all-header --source test_pwm.elf >test_pwm.objdump
[test_pwm build complete]
15:13:34 **** Build of configuration Nios II for project test_pwm ****
make all 
Info: Building ../test_pwm_bsp/
C:/intelFPGA_lite/18.1/nios2eds/bin/gnu/H-x86_64-mingw32/bin/make --no-print-directory -C ../test_pwm_bsp/
[BSP build complete]
[test_pwm build complete]
