Flow report for sopc_compteur
Mon Sep 25 08:30:14 2023
Quartus Prime Version 18.1.0 Build 625 09/12/2018 SJ Lite Edition


---------------------
; Table of Contents ;
---------------------
  1. Legal Notice
  2. Flow Summary
  3. Flow Settings
  4. Flow Non-Default Global Settings
  5. Flow Elapsed Time
  6. Flow OS Summary
  7. Flow Log
  8. Flow Messages
  9. Flow Suppressed Messages



----------------
; Legal Notice ;
----------------
Copyright (C) 2018  Intel Corporation. All rights reserved.
Your use of Intel Corporation's design tools, logic functions 
and other software and tools, and its AMPP partner logic 
functions, and any output files from any of the foregoing 
(including device programming or simulation files), and any 
associated documentation or information are expressly subject 
to the terms and conditions of the Intel Program License 
Subscription Agreement, the Intel Quartus Prime License Agreement,
the Intel FPGA IP License Agreement, or other applicable license
agreement, including, without limitation, that your use is for
the sole purpose of programming logic devices manufactured by
Intel and sold by Intel or its authorized distributors.  Please
refer to the applicable agreement for further details.



+----------------------------------------------------------------------------------+
; Flow Summary                                                                     ;
+------------------------------------+---------------------------------------------+
; Flow Status                        ; Successful - Mon Sep 25 08:30:10 2023       ;
; Quartus Prime Version              ; 18.1.0 Build 625 09/12/2018 SJ Lite Edition ;
; Revision Name                      ; sopc_compteur                               ;
; Top-level Entity Name              ; sopc_compteur                               ;
; Family                             ; Cyclone IV E                                ;
; Device                             ; EP4CE22F17C6                                ;
; Timing Models                      ; Final                                       ;
; Total logic elements               ; 1,728 / 22,320 ( 8 % )                      ;
;     Total combinational functions  ; 1,610 / 22,320 ( 7 % )                      ;
;     Dedicated logic registers      ; 937 / 22,320 ( 4 % )                        ;
; Total registers                    ; 937                                         ;
; Total pins                         ; 11 / 154 ( 7 % )                            ;
; Total virtual pins                 ; 0                                           ;
; Total memory bits                  ; 175,104 / 608,256 ( 29 % )                  ;
; Embedded Multiplier 9-bit elements ; 0 / 132 ( 0 % )                             ;
; Total PLLs                         ; 0 / 4 ( 0 % )                               ;
+------------------------------------+---------------------------------------------+


+-----------------------------------------+
; Flow Settings                           ;
+-------------------+---------------------+
; Option            ; Setting             ;
+-------------------+---------------------+
; Start date & time ; 09/25/2023 08:29:24 ;
; Main task         ; Compilation         ;
; Revision Name     ; sopc_compteur       ;
+-------------------+---------------------+


+-----------------------------------------------------------------------------------------------------------------------------------------+
; Flow Non-Default Global Settings                                                                                                        ;
+-------------------------------------+--------------------------------------------------------+---------------+-------------+------------+
; Assignment Name                     ; Value                                                  ; Default Value ; Entity Name ; Section Id ;
+-------------------------------------+--------------------------------------------------------+---------------+-------------+------------+
; COMPILER_SIGNATURE_ID               ; 93180994274208.169562336412456                         ; --            ; --          ; --         ;
; MAX_CORE_JUNCTION_TEMP              ; 85                                                     ; --            ; --          ; --         ;
; MIN_CORE_JUNCTION_TEMP              ; 0                                                      ; --            ; --          ; --         ;
; MISC_FILE                           ; sopc/synthesis/../sopc.cmp                             ; --            ; --          ; --         ;
; MISC_FILE                           ; sopc/synthesis/../../sopc.qsys                         ; --            ; --          ; --         ;
; NOMINAL_CORE_SUPPLY_VOLTAGE         ; 1.2V                                                   ; --            ; --          ; --         ;
; PARTITION_COLOR                     ; -- (Not supported for targeted family)                 ; --            ; --          ; Top        ;
; PARTITION_FITTER_PRESERVATION_LEVEL ; -- (Not supported for targeted family)                 ; --            ; --          ; Top        ;
; PARTITION_NETLIST_TYPE              ; -- (Not supported for targeted family)                 ; --            ; --          ; Top        ;
; POWER_BOARD_THERMAL_MODEL           ; None (CONSERVATIVE)                                    ; --            ; --          ; --         ;
; POWER_PRESET_COOLING_SOLUTION       ; 23 MM HEAT SINK WITH 200 LFPM AIRFLOW                  ; --            ; --          ; --         ;
; PROJECT_OUTPUT_DIRECTORY            ; output_files                                           ; --            ; --          ; --         ;
; SLD_FILE                            ; sopc/synthesis/sopc.regmap                             ; --            ; --          ; --         ;
; SLD_FILE                            ; sopc/synthesis/sopc.debuginfo                          ; --            ; --          ; --         ;
; SLD_INFO                            ; QSYS_NAME sopc HAS_SOPCINFO 1 GENERATION_ID 1695287629 ; --            ; sopc        ; --         ;
; SOPCINFO_FILE                       ; sopc/synthesis/../../sopc.sopcinfo                     ; --            ; --          ; --         ;
; SYNTHESIS_ONLY_QIP                  ; On                                                     ; --            ; --          ; --         ;
+-------------------------------------+--------------------------------------------------------+---------------+-------------+------------+


+--------------------------------------------------------------------------------------------------------------------------+
; Flow Elapsed Time                                                                                                        ;
+----------------------+--------------+-------------------------+---------------------+------------------------------------+
; Module Name          ; Elapsed Time ; Average Processors Used ; Peak Virtual Memory ; Total CPU Time (on all processors) ;
+----------------------+--------------+-------------------------+---------------------+------------------------------------+
; Analysis & Synthesis ; 00:00:31     ; 1.0                     ; 4891 MB             ; 00:00:24                           ;
; Fitter               ; 00:00:09     ; 1.1                     ; 5687 MB             ; 00:00:07                           ;
; Assembler            ; 00:00:01     ; 1.0                     ; 4688 MB             ; 00:00:01                           ;
; Timing Analyzer      ; 00:00:02     ; 1.1                     ; 4826 MB             ; 00:00:02                           ;
; Total                ; 00:00:43     ; --                      ; --                  ; 00:00:34                           ;
+----------------------+--------------+-------------------------+---------------------+------------------------------------+


+------------------------------------------------------------------------------------+
; Flow OS Summary                                                                    ;
+----------------------+------------------+------------+------------+----------------+
; Module Name          ; Machine Hostname ; OS Name    ; OS Version ; Processor type ;
+----------------------+------------------+------------+------------+----------------+
; Analysis & Synthesis ; Siabdelhak       ; Windows 10 ; 10.0       ; x86_64         ;
; Fitter               ; Siabdelhak       ; Windows 10 ; 10.0       ; x86_64         ;
; Assembler            ; Siabdelhak       ; Windows 10 ; 10.0       ; x86_64         ;
; Timing Analyzer      ; Siabdelhak       ; Windows 10 ; 10.0       ; x86_64         ;
+----------------------+------------------+------------+------------+----------------+


------------
; Flow Log ;
------------
quartus_map --read_settings_files=on --write_settings_files=off sopc_compteur -c sopc_compteur
quartus_fit --read_settings_files=off --write_settings_files=off sopc_compteur -c sopc_compteur
quartus_asm --read_settings_files=off --write_settings_files=off sopc_compteur -c sopc_compteur
quartus_sta sopc_compteur -c sopc_compteur



