Flow report for traitement_compas
Wed Nov 08 23:03:48 2023
Quartus Prime Version 18.1.0 Build 625 09/12/2018 SJ Lite Edition


---------------------
; Table of Contents ;
---------------------
  1. Legal Notice
  2. Flow Summary
  3. Flow Settings
  4. Flow Non-Default Global Settings
  5. Flow Elapsed Time
  6. Flow OS Summary
  7. Flow Log
  8. Flow Messages
  9. Flow Suppressed Messages



----------------
; Legal Notice ;
----------------
Copyright (C) 2018  Intel Corporation. All rights reserved.
Your use of Intel Corporation's design tools, logic functions 
and other software and tools, and its AMPP partner logic 
functions, and any output files from any of the foregoing 
(including device programming or simulation files), and any 
associated documentation or information are expressly subject 
to the terms and conditions of the Intel Program License 
Subscription Agreement, the Intel Quartus Prime License Agreement,
the Intel FPGA IP License Agreement, or other applicable license
agreement, including, without limitation, that your use is for
the sole purpose of programming logic devices manufactured by
Intel and sold by Intel or its authorized distributors.  Please
refer to the applicable agreement for further details.



+----------------------------------------------------------------------------------+
; Flow Summary                                                                     ;
+------------------------------------+---------------------------------------------+
; Flow Status                        ; Successful - Wed Nov 08 23:03:45 2023       ;
; Quartus Prime Version              ; 18.1.0 Build 625 09/12/2018 SJ Lite Edition ;
; Revision Name                      ; traitement_compas                           ;
; Top-level Entity Name              ; fct_compas                                  ;
; Family                             ; Cyclone IV E                                ;
; Device                             ; EP4CE22F17C6                                ;
; Timing Models                      ; Final                                       ;
; Total logic elements               ; 10 / 22,320 ( < 1 % )                       ;
;     Total combinational functions  ; 10 / 22,320 ( < 1 % )                       ;
;     Dedicated logic registers      ; 0 / 22,320 ( 0 % )                          ;
; Total registers                    ; 0                                           ;
; Total pins                         ; 22 / 154 ( 14 % )                           ;
; Total virtual pins                 ; 0                                           ;
; Total memory bits                  ; 0 / 608,256 ( 0 % )                         ;
; Embedded Multiplier 9-bit elements ; 0 / 132 ( 0 % )                             ;
; Total PLLs                         ; 0 / 4 ( 0 % )                               ;
+------------------------------------+---------------------------------------------+


+-----------------------------------------+
; Flow Settings                           ;
+-------------------+---------------------+
; Option            ; Setting             ;
+-------------------+---------------------+
; Start date & time ; 11/08/2023 23:03:28 ;
; Main task         ; Compilation         ;
; Revision Name     ; traitement_compas   ;
+-------------------+---------------------+


+-----------------------------------------------------------------------------------------------------------------------------+
; Flow Non-Default Global Settings                                                                                            ;
+-------------------------------------+----------------------------------------+-------------------+-------------+------------+
; Assignment Name                     ; Value                                  ; Default Value     ; Entity Name ; Section Id ;
+-------------------------------------+----------------------------------------+-------------------+-------------+------------+
; COMPILER_SIGNATURE_ID               ; 93180994274208.169948100803624         ; --                ; --          ; --         ;
; MAX_CORE_JUNCTION_TEMP              ; 85                                     ; --                ; --          ; --         ;
; MIN_CORE_JUNCTION_TEMP              ; 0                                      ; --                ; --          ; --         ;
; NOMINAL_CORE_SUPPLY_VOLTAGE         ; 1.2V                                   ; --                ; --          ; --         ;
; PARTITION_COLOR                     ; -- (Not supported for targeted family) ; --                ; fct_compas  ; Top        ;
; PARTITION_FITTER_PRESERVATION_LEVEL ; -- (Not supported for targeted family) ; --                ; fct_compas  ; Top        ;
; PARTITION_NETLIST_TYPE              ; -- (Not supported for targeted family) ; --                ; fct_compas  ; Top        ;
; POWER_BOARD_THERMAL_MODEL           ; None (CONSERVATIVE)                    ; --                ; --          ; --         ;
; POWER_PRESET_COOLING_SOLUTION       ; 23 MM HEAT SINK WITH 200 LFPM AIRFLOW  ; --                ; --          ; --         ;
; PROJECT_OUTPUT_DIRECTORY            ; output_files                           ; --                ; --          ; --         ;
; TOP_LEVEL_ENTITY                    ; fct_compas                             ; traitement_compas ; --          ; --         ;
+-------------------------------------+----------------------------------------+-------------------+-------------+------------+


+--------------------------------------------------------------------------------------------------------------------------+
; Flow Elapsed Time                                                                                                        ;
+----------------------+--------------+-------------------------+---------------------+------------------------------------+
; Module Name          ; Elapsed Time ; Average Processors Used ; Peak Virtual Memory ; Total CPU Time (on all processors) ;
+----------------------+--------------+-------------------------+---------------------+------------------------------------+
; Analysis & Synthesis ; 00:00:10     ; 1.0                     ; 4785 MB             ; 00:00:22                           ;
; Fitter               ; 00:00:04     ; 1.0                     ; 5641 MB             ; 00:00:05                           ;
; Assembler            ; 00:00:01     ; 1.0                     ; 4669 MB             ; 00:00:01                           ;
; Timing Analyzer      ; 00:00:02     ; 1.0                     ; 4798 MB             ; 00:00:02                           ;
; Total                ; 00:00:17     ; --                      ; --                  ; 00:00:30                           ;
+----------------------+--------------+-------------------------+---------------------+------------------------------------+


+------------------------------------------------------------------------------------+
; Flow OS Summary                                                                    ;
+----------------------+------------------+------------+------------+----------------+
; Module Name          ; Machine Hostname ; OS Name    ; OS Version ; Processor type ;
+----------------------+------------------+------------+------------+----------------+
; Analysis & Synthesis ; DESKTOP-LD6729D  ; Windows 10 ; 10.0       ; x86_64         ;
; Fitter               ; DESKTOP-LD6729D  ; Windows 10 ; 10.0       ; x86_64         ;
; Assembler            ; DESKTOP-LD6729D  ; Windows 10 ; 10.0       ; x86_64         ;
; Timing Analyzer      ; DESKTOP-LD6729D  ; Windows 10 ; 10.0       ; x86_64         ;
+----------------------+------------------+------------+------------+----------------+


------------
; Flow Log ;
------------
quartus_map --read_settings_files=on --write_settings_files=off traitement_compas -c traitement_compas
quartus_fit --read_settings_files=off --write_settings_files=off traitement_compas -c traitement_compas
quartus_asm --read_settings_files=off --write_settings_files=off traitement_compas -c traitement_compas
quartus_sta traitement_compas -c traitement_compas



