17:27:29 **** Incremental Build of configuration Nios II for project test ****
make all 
Info: Building ../test_bsp/
C:/intelFPGA_lite/18.1/nios2eds/bin/gnu/H-x86_64-mingw32/bin/make --no-print-directory -C ../test_bsp/
[BSP build complete]
[test build complete]
17:27:40 **** Build of configuration Nios II for project test ****
make all 
Info: Building ../test_bsp/
C:/intelFPGA_lite/18.1/nios2eds/bin/gnu/H-x86_64-mingw32/bin/make --no-print-directory -C ../test_bsp/
[BSP build complete]
[test build complete]
17:27:43 **** Incremental Build of configuration Nios II for project test ****
make all 
Info: Building ../test_bsp/
C:/intelFPGA_lite/18.1/nios2eds/bin/gnu/H-x86_64-mingw32/bin/make --no-print-directory -C ../test_bsp/
[BSP build complete]
Info: Compiling hello_world_small.c to obj/default/hello_world_small.o
nios2-elf-gcc -xc -MP -MMD -c -I../test_bsp//HAL/inc -I../test_bsp/ -I../test_bsp//drivers/inc  -pipe -D__hal__ -DALT_NO_C_PLUS_PLUS -DALT_NO_CLEAN_EXIT -D'exit(a)=_exit(a)' -DALT_NO_EXIT -DALT_USE_DIRECT_DRIVERS -DALT_NO_INSTRUCTION_EMULATION -DALT_USE_SMALL_DRIVERS -DSMALL_C_LIB -DALT_SINGLE_THREADED    -Os -g -Wall   -mno-hw-div -mno-hw-mul -mno-hw-mulx -mgpopt=global  -o obj/default/hello_world_small.o hello_world_small.c
Info: Linking test.elf
nios2-elf-g++  -T'../test_bsp//linker.x' -msys-crt0='../test_bsp//obj/HAL/src/crt0.o' -msys-lib=hal_bsp -L../test_bsp/  -msmallc  -Wl,-Map=test.map   -Os -g -Wall   -mno-hw-div -mno-hw-mul -mno-hw-mulx -mgpopt=global  -o test.elf obj/default/hello_world_small.o -lm -msys-lib=m
nios2-elf-insert test.elf --thread_model hal --cpu_name cpu --qsys true --simulation_enabled false --id 0 --sidp 0x11070 --timestamp 1695647602 --stderr_dev jtag_uart_0 --stdin_dev jtag_uart_0 --stdout_dev jtag_uart_0 --sopc_system_name avalon_cmpt --quartus_project_dir "D:/MASTER2/BE_VHDL_2023_G19/avalon_pwm" --jdi ../..//output_files/avalon_pwm.jdi --sopcinfo D:/MASTER2/BE_VHDL_2023_G19/avalon_pwm/software/test_bsp/../../avalon_cmpt.sopcinfo
Info: (test.elf) 3644 Bytes program size (code + initialized data).
Info:            16 KBytes free for stack + heap.
Info: Creating test.objdump
nios2-elf-objdump --disassemble --syms --all-header --source test.elf >test.objdump
[test build complete]
17:28:06 **** Incremental Build of configuration Nios II for project test ****
make all 
Info: Building ../test_bsp/
C:/intelFPGA_lite/18.1/nios2eds/bin/gnu/H-x86_64-mingw32/bin/make --no-print-directory -C ../test_bsp/
[BSP build complete]
[test build complete]
17:30:46 **** Incremental Build of configuration Nios II for project test ****
make all 
Info: Building ../test_bsp/
C:/intelFPGA_lite/18.1/nios2eds/bin/gnu/H-x86_64-mingw32/bin/make --no-print-directory -C ../test_bsp/
[BSP build complete]
[test build complete]
17:33:55 **** Incremental Build of configuration Nios II for project test ****
make all 
Info: Building ../test_bsp/
C:/intelFPGA_lite/18.1/nios2eds/bin/gnu/H-x86_64-mingw32/bin/make --no-print-directory -C ../test_bsp/
[BSP build complete]
[test build complete]
17:37:39 **** Incremental Build of configuration Nios II for project test ****
make all 
Info: Building ../test_bsp/
C:/intelFPGA_lite/18.1/nios2eds/bin/gnu/H-x86_64-mingw32/bin/make --no-print-directory -C ../test_bsp/
[BSP build complete]
Info: Compiling hello_world_small.c to obj/default/hello_world_small.o
nios2-elf-gcc -xc -MP -MMD -c -I../test_bsp//HAL/inc -I../test_bsp/ -I../test_bsp//drivers/inc  -pipe -D__hal__ -DALT_NO_C_PLUS_PLUS -DALT_NO_CLEAN_EXIT -D'exit(a)=_exit(a)' -DALT_NO_EXIT -DALT_USE_DIRECT_DRIVERS -DALT_NO_INSTRUCTION_EMULATION -DALT_USE_SMALL_DRIVERS -DSMALL_C_LIB -DALT_SINGLE_THREADED    -Os -g -Wall   -mno-hw-div -mno-hw-mul -mno-hw-mulx -mgpopt=global  -o obj/default/hello_world_small.o hello_world_small.c
Info: Linking test.elf
nios2-elf-g++  -T'../test_bsp//linker.x' -msys-crt0='../test_bsp//obj/HAL/src/crt0.o' -msys-lib=hal_bsp -L../test_bsp/  -msmallc  -Wl,-Map=test.map   -Os -g -Wall   -mno-hw-div -mno-hw-mul -mno-hw-mulx -mgpopt=global  -o test.elf obj/default/hello_world_small.o -lm -msys-lib=m
nios2-elf-insert test.elf --thread_model hal --cpu_name cpu --qsys true --simulation_enabled false --id 0 --sidp 0x11070 --timestamp 1695647602 --stderr_dev jtag_uart_0 --stdin_dev jtag_uart_0 --stdout_dev jtag_uart_0 --sopc_system_name avalon_cmpt --quartus_project_dir "D:/MASTER2/BE_VHDL_2023_G19/avalon_pwm" --jdi ../..//output_files/avalon_pwm.jdi --sopcinfo D:/MASTER2/BE_VHDL_2023_G19/avalon_pwm/software/test_bsp/../../avalon_cmpt.sopcinfo
Info: (test.elf) 3636 Bytes program size (code + initialized data).
Info:            16 KBytes free for stack + heap.
Info: Creating test.objdump
nios2-elf-objdump --disassemble --syms --all-header --source test.elf >test.objdump
[test build complete]
17:38:05 **** Incremental Build of configuration Nios II for project test ****
make all 
Info: Building ../test_bsp/
C:/intelFPGA_lite/18.1/nios2eds/bin/gnu/H-x86_64-mingw32/bin/make --no-print-directory -C ../test_bsp/
[BSP build complete]
[test build complete]
17:38:15 **** Incremental Build of configuration Nios II for project test ****
make all 
Info: Building ../test_bsp/
C:/intelFPGA_lite/18.1/nios2eds/bin/gnu/H-x86_64-mingw32/bin/make --no-print-directory -C ../test_bsp/
[BSP build complete]
[test build complete]
17:38:16 **** Build of configuration Nios II for project test_bsp ****
make all 
[BSP build complete]
17:38:20 **** Build of configuration Nios II for project test ****
make all 
Info: Building ../test_bsp/
C:/intelFPGA_lite/18.1/nios2eds/bin/gnu/H-x86_64-mingw32/bin/make --no-print-directory -C ../test_bsp/
[BSP build complete]
[test build complete]
17:38:22 **** Incremental Build of configuration Nios II for project test ****
make all 
Info: Building ../test_bsp/
C:/intelFPGA_lite/18.1/nios2eds/bin/gnu/H-x86_64-mingw32/bin/make --no-print-directory -C ../test_bsp/
[BSP build complete]
[test build complete]
17:38:42 **** Incremental Build of configuration Nios II for project test ****
make all 
Info: Building ../test_bsp/
C:/intelFPGA_lite/18.1/nios2eds/bin/gnu/H-x86_64-mingw32/bin/make --no-print-directory -C ../test_bsp/
[BSP build complete]
[test build complete]
17:41:04 **** Build of configuration Nios II for project test ****
make all 
Info: Building ../test_bsp/
C:/intelFPGA_lite/18.1/nios2eds/bin/gnu/H-x86_64-mingw32/bin/make --no-print-directory -C ../test_bsp/
[BSP build complete]
[test build complete]
17:41:07 **** Incremental Build of configuration Nios II for project test ****
make all 
Info: Building ../test_bsp/
C:/intelFPGA_lite/18.1/nios2eds/bin/gnu/H-x86_64-mingw32/bin/make --no-print-directory -C ../test_bsp/
[BSP build complete]
[test build complete]
17:41:21 **** Incremental Build of configuration Nios II for project test ****
make all 
Info: Building ../test_bsp/
C:/intelFPGA_lite/18.1/nios2eds/bin/gnu/H-x86_64-mingw32/bin/make --no-print-directory -C ../test_bsp/
[BSP build complete]
[test build complete]
17:44:12 **** Incremental Build of configuration Nios II for project test ****
make all 
Info: Building ../test_bsp/
C:/intelFPGA_lite/18.1/nios2eds/bin/gnu/H-x86_64-mingw32/bin/make --no-print-directory -C ../test_bsp/
[BSP build complete]
Info: Compiling hello_world_small.c to obj/default/hello_world_small.o
nios2-elf-gcc -xc -MP -MMD -c -I../test_bsp//HAL/inc -I../test_bsp/ -I../test_bsp//drivers/inc  -pipe -D__hal__ -DALT_NO_C_PLUS_PLUS -DALT_NO_CLEAN_EXIT -D'exit(a)=_exit(a)' -DALT_NO_EXIT -DALT_USE_DIRECT_DRIVERS -DALT_NO_INSTRUCTION_EMULATION -DALT_USE_SMALL_DRIVERS -DSMALL_C_LIB -DALT_SINGLE_THREADED    -Os -g -Wall   -mno-hw-div -mno-hw-mul -mno-hw-mulx -mgpopt=global  -o obj/default/hello_world_small.o hello_world_small.c
Info: Linking test.elf
nios2-elf-g++  -T'../test_bsp//linker.x' -msys-crt0='../test_bsp//obj/HAL/src/crt0.o' -msys-lib=hal_bsp -L../test_bsp/  -msmallc  -Wl,-Map=test.map   -Os -g -Wall   -mno-hw-div -mno-hw-mul -mno-hw-mulx -mgpopt=global  -o test.elf obj/default/hello_world_small.o -lm -msys-lib=m
nios2-elf-insert test.elf --thread_model hal --cpu_name cpu --qsys true --simulation_enabled false --id 0 --sidp 0x11070 --timestamp 1695647602 --stderr_dev jtag_uart_0 --stdin_dev jtag_uart_0 --stdout_dev jtag_uart_0 --sopc_system_name avalon_cmpt --quartus_project_dir "D:/MASTER2/BE_VHDL_2023_G19/avalon_pwm" --jdi ../..//output_files/avalon_pwm.jdi --sopcinfo D:/MASTER2/BE_VHDL_2023_G19/avalon_pwm/software/test_bsp/../../avalon_cmpt.sopcinfo
Info: (test.elf) 3636 Bytes program size (code + initialized data).
Info:            16 KBytes free for stack + heap.
Info: Creating test.objdump
nios2-elf-objdump --disassemble --syms --all-header --source test.elf >test.objdump
[test build complete]
17:44:16 **** Incremental Build of configuration Nios II for project test ****
make all 
Info: Building ../test_bsp/
C:/intelFPGA_lite/18.1/nios2eds/bin/gnu/H-x86_64-mingw32/bin/make --no-print-directory -C ../test_bsp/
[BSP build complete]
[test build complete]
17:44:23 **** Build of configuration Nios II for project test ****
make all 
Info: Building ../test_bsp/
C:/intelFPGA_lite/18.1/nios2eds/bin/gnu/H-x86_64-mingw32/bin/make --no-print-directory -C ../test_bsp/
[BSP build complete]
[test build complete]
17:44:24 **** Incremental Build of configuration Nios II for project test ****
make all 
Info: Building ../test_bsp/
C:/intelFPGA_lite/18.1/nios2eds/bin/gnu/H-x86_64-mingw32/bin/make --no-print-directory -C ../test_bsp/
[BSP build complete]
[test build complete]
17:44:39 **** Incremental Build of configuration Nios II for project test ****
make all 
Info: Building ../test_bsp/
C:/intelFPGA_lite/18.1/nios2eds/bin/gnu/H-x86_64-mingw32/bin/make --no-print-directory -C ../test_bsp/
[BSP build complete]
[test build complete]
17:47:26 **** Build of configuration Nios II for project test ****
make all 
Info: Building ../test_bsp/
C:/intelFPGA_lite/18.1/nios2eds/bin/gnu/H-x86_64-mingw32/bin/make --no-print-directory -C ../test_bsp/
[BSP build complete]
Info: Compiling hello_world_small.c to obj/default/hello_world_small.o
nios2-elf-gcc -xc -MP -MMD -c -I../test_bsp//HAL/inc -I../test_bsp/ -I../test_bsp//drivers/inc  -pipe -D__hal__ -DALT_NO_C_PLUS_PLUS -DALT_NO_CLEAN_EXIT -D'exit(a)=_exit(a)' -DALT_NO_EXIT -DALT_USE_DIRECT_DRIVERS -DALT_NO_INSTRUCTION_EMULATION -DALT_USE_SMALL_DRIVERS -DSMALL_C_LIB -DALT_SINGLE_THREADED    -Os -g -Wall   -mno-hw-div -mno-hw-mul -mno-hw-mulx -mgpopt=global  -o obj/default/hello_world_small.o hello_world_small.c
Info: Linking test.elf
nios2-elf-g++  -T'../test_bsp//linker.x' -msys-crt0='../test_bsp//obj/HAL/src/crt0.o' -msys-lib=hal_bsp -L../test_bsp/  -msmallc  -Wl,-Map=test.map   -Os -g -Wall   -mno-hw-div -mno-hw-mul -mno-hw-mulx -mgpopt=global  -o test.elf obj/default/hello_world_small.o -lm -msys-lib=m
nios2-elf-insert test.elf --thread_model hal --cpu_name cpu --qsys true --simulation_enabled false --id 0 --sidp 0x11070 --timestamp 1695647602 --stderr_dev jtag_uart_0 --stdin_dev jtag_uart_0 --stdout_dev jtag_uart_0 --sopc_system_name avalon_cmpt --quartus_project_dir "D:/MASTER2/BE_VHDL_2023_G19/avalon_pwm" --jdi ../..//output_files/avalon_pwm.jdi --sopcinfo D:/MASTER2/BE_VHDL_2023_G19/avalon_pwm/software/test_bsp/../../avalon_cmpt.sopcinfo
Info: (test.elf) 3636 Bytes program size (code + initialized data).
Info:            16 KBytes free for stack + heap.
Info: Creating test.objdump
nios2-elf-objdump --disassemble --syms --all-header --source test.elf >test.objdump
[test build complete]
17:47:29 **** Incremental Build of configuration Nios II for project test ****
make all 
Info: Building ../test_bsp/
C:/intelFPGA_lite/18.1/nios2eds/bin/gnu/H-x86_64-mingw32/bin/make --no-print-directory -C ../test_bsp/
[BSP build complete]
[test build complete]
17:47:46 **** Incremental Build of configuration Nios II for project test ****
make all 
Info: Building ../test_bsp/
C:/intelFPGA_lite/18.1/nios2eds/bin/gnu/H-x86_64-mingw32/bin/make --no-print-directory -C ../test_bsp/
[BSP build complete]
[test build complete]
17:54:24 **** Build of configuration Nios II for project test ****
make all 
Info: Building ../test_bsp/
C:/intelFPGA_lite/18.1/nios2eds/bin/gnu/H-x86_64-mingw32/bin/make --no-print-directory -C ../test_bsp/
[BSP build complete]
Info: Compiling hello_world_small.c to obj/default/hello_world_small.o
nios2-elf-gcc -xc -MP -MMD -c -I../test_bsp//HAL/inc -I../test_bsp/ -I../test_bsp//drivers/inc  -pipe -D__hal__ -DALT_NO_C_PLUS_PLUS -DALT_NO_CLEAN_EXIT -D'exit(a)=_exit(a)' -DALT_NO_EXIT -DALT_USE_DIRECT_DRIVERS -DALT_NO_INSTRUCTION_EMULATION -DALT_USE_SMALL_DRIVERS -DSMALL_C_LIB -DALT_SINGLE_THREADED    -Os -g -Wall   -mno-hw-div -mno-hw-mul -mno-hw-mulx -mgpopt=global  -o obj/default/hello_world_small.o hello_world_small.c
Info: Linking test.elf
nios2-elf-g++  -T'../test_bsp//linker.x' -msys-crt0='../test_bsp//obj/HAL/src/crt0.o' -msys-lib=hal_bsp -L../test_bsp/  -msmallc  -Wl,-Map=test.map   -Os -g -Wall   -mno-hw-div -mno-hw-mul -mno-hw-mulx -mgpopt=global  -o test.elf obj/default/hello_world_small.o -lm -msys-lib=m
nios2-elf-insert test.elf --thread_model hal --cpu_name cpu --qsys true --simulation_enabled false --id 0 --sidp 0x11070 --timestamp 1695647602 --stderr_dev jtag_uart_0 --stdin_dev jtag_uart_0 --stdout_dev jtag_uart_0 --sopc_system_name avalon_cmpt --quartus_project_dir "D:/MASTER2/BE_VHDL_2023_G19/avalon_pwm" --jdi ../..//output_files/avalon_pwm.jdi --sopcinfo D:/MASTER2/BE_VHDL_2023_G19/avalon_pwm/software/test_bsp/../../avalon_cmpt.sopcinfo
Info: (test.elf) 3636 Bytes program size (code + initialized data).
Info:            16 KBytes free for stack + heap.
Info: Creating test.objdump
nios2-elf-objdump --disassemble --syms --all-header --source test.elf >test.objdump
[test build complete]
17:54:27 **** Incremental Build of configuration Nios II for project test ****
make all 
Info: Building ../test_bsp/
C:/intelFPGA_lite/18.1/nios2eds/bin/gnu/H-x86_64-mingw32/bin/make --no-print-directory -C ../test_bsp/
[BSP build complete]
[test build complete]
17:54:48 **** Incremental Build of configuration Nios II for project test ****
make all 
Info: Building ../test_bsp/
C:/intelFPGA_lite/18.1/nios2eds/bin/gnu/H-x86_64-mingw32/bin/make --no-print-directory -C ../test_bsp/
[BSP build complete]
[test build complete]
